#
# There is insufficient memory for the Java Runtime Environment to continue.
# Native memory allocation (malloc) failed to allocate 1648080 bytes. Error detail: Chunk::new
# Possible reasons:
#   The system is out of physical RAM or swap space
#   This process is running with CompressedOops enabled, and the Java Heap may be blocking the growth of the native heap
# Possible solutions:
#   Reduce memory load on the system
#   Increase physical memory or swap space
#   Check if swap backing store is full
#   Decrease Java heap size (-Xmx/-Xms)
#   Decrease number of Java threads
#   Decrease Java thread stack sizes (-Xss)
#   Set larger code cache with -XX:ReservedCodeCacheSize=
#   JVM is running with Unscaled Compressed Oops mode in which the Java heap is
#     placed in the first 4GB address space. The Java Heap base address is the
#     maximum limit for the native heap growth. Please use -XX:HeapBaseMinAddress
#     to set the Java Heap base and to place the Java Heap above 4GB virtual address.
# This output file may be truncated or incomplete.
#
#  Out of Memory Error (arena.cpp:168), pid=4252, tid=3140
#
# JRE version: OpenJDK Runtime Environment Temurin-21.0.6+7 (21.0.6+7) (build 21.0.6+7-LTS)
# Java VM: OpenJDK 64-Bit Server VM Temurin-21.0.6+7 (21.0.6+7-LTS, mixed mode, sharing, tiered, compressed oops, compressed class ptrs, parallel gc, windows-amd64)
# No core dump will be written. Minidumps are not enabled by default on client versions of Windows
#

---------------  S U M M A R Y ------------

Command Line: --add-modules=ALL-SYSTEM --add-opens=java.base/java.util=ALL-UNNAMED --add-opens=java.base/java.lang=ALL-UNNAMED --add-opens=java.base/sun.nio.fs=ALL-UNNAMED -Declipse.application=org.eclipse.jdt.ls.core.id1 -Dosgi.bundles.defaultStartLevel=4 -Declipse.product=org.eclipse.jdt.ls.core.product -Djava.import.generatesMetadataFilesAtProjectRoot=false -DDetectVMInstallationsJob.disabled=true -Dfile.encoding=utf8 -XX:+UseParallelGC -XX:GCTimeRatio=4 -XX:AdaptiveSizePolicyWeight=90 -Dsun.zip.disableMemoryMapping=true -Xmx1G -Xms100m -Xlog:disable -javaagent:c:\Users\peme-\.cursor\extensions\redhat.java-1.41.1-win32-x64\lombok\lombok-1.18.36.jar -XX:+HeapDumpOnOutOfMemoryError -XX:HeapDumpPath=c:\Users\peme-\AppData\Roaming\Cursor\User\workspaceStorage\e45d05da9fe6984f595c8de2f5d05746\redhat.java -Daether.dependencyCollector.impl=bf c:\Users\peme-\.cursor\extensions\redhat.java-1.41.1-win32-x64\server\plugins\org.eclipse.equinox.launcher_1.7.0.v20250331-1702.jar -configuration c:\Users\peme-\AppData\Roaming\Cursor\User\globalStorage\redhat.java\1.41.1\config_win -data c:\Users\peme-\AppData\Roaming\Cursor\User\workspaceStorage\e45d05da9fe6984f595c8de2f5d05746\redhat.java\jdt_ws --pipe=\\.\pipe\lsp-1965ef3f669b5d64f07b8c093a634693-sock

Host: 12th Gen Intel(R) Core(TM) i3-12100, 8 cores, 7G,  Windows 11 , 64 bit Build 26100 (10.0.26100.3775)
Time: Fri Apr 25 11:52:09 2025 Malay Peninsula Standard Time elapsed time: 6.494545 seconds (0d 0h 0m 6s)

---------------  T H R E A D  ---------------

Current thread (0x000001db5c115e50):  JavaThread "C2 CompilerThread1" daemon [_thread_in_native, id=3140, stack(0x0000006d41600000,0x0000006d41700000) (1024K)]


Current CompileTask:
C2:6494 4228   !   4       org.eclipse.osgi.internal.loader.classpath.ClasspathManager::findClassImpl (343 bytes)

Stack: [0x0000006d41600000,0x0000006d41700000]
Native frames: (J=compiled Java code, j=interpreted, Vv=VM code, C=native code)
V  [jvm.dll+0x6cdee9]
V  [jvm.dll+0x8a83d1]
V  [jvm.dll+0x8aa8fe]
V  [jvm.dll+0x8aafe3]
V  [jvm.dll+0x27f706]
V  [jvm.dll+0xc500d]
V  [jvm.dll+0xc5543]
V  [jvm.dll+0x3b678c]
V  [jvm.dll+0x1dfe13]
V  [jvm.dll+0x247b42]
V  [jvm.dll+0x246fcf]
V  [jvm.dll+0x1c75ee]
V  [jvm.dll+0x25685a]
V  [jvm.dll+0x254dfa]
V  [jvm.dll+0x3f0256]
V  [jvm.dll+0x851f8b]
V  [jvm.dll+0x6cc5ed]
C  [ucrtbase.dll+0x37b0]
C  [KERNEL32.DLL+0x2e8d7]
C  [ntdll.dll+0xb14fc]


---------------  P R O C E S S  ---------------

Threads class SMR info:
_java_thread_list=0x000001db62f24f10, length=28, elements={
0x000001db46369960, 0x000001db5a71c440, 0x000001db5a71e870, 0x000001db5a722dd0,
0x000001db5a723c80, 0x000001db5a726910, 0x000001db5a7275e0, 0x000001db5a728410,
0x000001db5c130de0, 0x000001db5c1cbb00, 0x000001db5c3ef0e0, 0x000001db5cbe29c0,
0x000001db61227e70, 0x000001db61308250, 0x000001db61308c80, 0x000001db61182f50,
0x000001db61498000, 0x000001db61649cc0, 0x000001db6164a9e0, 0x000001db61648910,
0x000001db6164b070, 0x000001db61648fa0, 0x000001db5c115e50, 0x000001db5c7178a0,
0x000001db5c7164f0, 0x000001db62640ad0, 0x000001db5c717210, 0x000001db5c7157d0
}

Java Threads: ( => current thread )
  0x000001db46369960 JavaThread "main"                              [_thread_blocked, id=3860, stack(0x0000006d3f600000,0x0000006d3f700000) (1024K)]
  0x000001db5a71c440 JavaThread "Reference Handler"          daemon [_thread_blocked, id=8544, stack(0x0000006d3fa00000,0x0000006d3fb00000) (1024K)]
  0x000001db5a71e870 JavaThread "Finalizer"                  daemon [_thread_blocked, id=10500, stack(0x0000006d3fb00000,0x0000006d3fc00000) (1024K)]
  0x000001db5a722dd0 JavaThread "Signal Dispatcher"          daemon [_thread_blocked, id=8548, stack(0x0000006d3fc00000,0x0000006d3fd00000) (1024K)]
  0x000001db5a723c80 JavaThread "Attach Listener"            daemon [_thread_blocked, id=10888, stack(0x0000006d3fd00000,0x0000006d3fe00000) (1024K)]
  0x000001db5a726910 JavaThread "Service Thread"             daemon [_thread_blocked, id=6840, stack(0x0000006d3fe00000,0x0000006d3ff00000) (1024K)]
  0x000001db5a7275e0 JavaThread "Monitor Deflation Thread"   daemon [_thread_blocked, id=7848, stack(0x0000006d3ff00000,0x0000006d40000000) (1024K)]
  0x000001db5a728410 JavaThread "C2 CompilerThread0"         daemon [_thread_in_native, id=6064, stack(0x0000006d40000000,0x0000006d40100000) (1024K)]
  0x000001db5c130de0 JavaThread "C1 CompilerThread0"         daemon [_thread_blocked, id=13992, stack(0x0000006d40100000,0x0000006d40200000) (1024K)]
  0x000001db5c1cbb00 JavaThread "Common-Cleaner"             daemon [_thread_blocked, id=13368, stack(0x0000006d40200000,0x0000006d40300000) (1024K)]
  0x000001db5c3ef0e0 JavaThread "Notification Thread"        daemon [_thread_blocked, id=7664, stack(0x0000006d40300000,0x0000006d40400000) (1024K)]
  0x000001db5cbe29c0 JavaThread "Active Thread: Equinox Container: 76bfcf7f-16a9-42eb-b4eb-333766864f96"        [_thread_blocked, id=6248, stack(0x0000006d40c00000,0x0000006d40d00000) (1024K)]
  0x000001db61227e70 JavaThread "Refresh Thread: Equinox Container: 76bfcf7f-16a9-42eb-b4eb-333766864f96" daemon [_thread_blocked, id=3152, stack(0x0000006d40d00000,0x0000006d40e00000) (1024K)]
  0x000001db61308250 JavaThread "Framework Event Dispatcher: Equinox Container: 76bfcf7f-16a9-42eb-b4eb-333766864f96" daemon [_thread_blocked, id=9636, stack(0x0000006d40f00000,0x0000006d41000000) (1024K)]
  0x000001db61308c80 JavaThread "Start Level: Equinox Container: 76bfcf7f-16a9-42eb-b4eb-333766864f96" daemon [_thread_blocked, id=8380, stack(0x0000006d41000000,0x0000006d41100000) (1024K)]
  0x000001db61182f50 JavaThread "Bundle File Closer"         daemon [_thread_blocked, id=9244, stack(0x0000006d40500000,0x0000006d40600000) (1024K)]
  0x000001db61498000 JavaThread "SCR Component Actor"        daemon [_thread_blocked, id=12232, stack(0x0000006d41100000,0x0000006d41200000) (1024K)]
  0x000001db61649cc0 JavaThread "SCR Component Registry"     daemon [_thread_blocked, id=12836, stack(0x0000006d41200000,0x0000006d41300000) (1024K)]
  0x000001db6164a9e0 JavaThread "Worker-JM"                         [_thread_blocked, id=3320, stack(0x0000006d41300000,0x0000006d41400000) (1024K)]
  0x000001db61648910 JavaThread "JNA Cleaner"                daemon [_thread_blocked, id=9080, stack(0x0000006d41400000,0x0000006d41500000) (1024K)]
  0x000001db6164b070 JavaThread "Worker-0: Updating Maven Dependencies"        [_thread_in_Java, id=10776, stack(0x0000006d40400000,0x0000006d40500000) (1024K)]
  0x000001db61648fa0 JavaThread "Worker-1: Repository registry initialization"        [_thread_blocked, id=11804, stack(0x0000006d41500000,0x0000006d41600000) (1024K)]
=>0x000001db5c115e50 JavaThread "C2 CompilerThread1"         daemon [_thread_in_native, id=3140, stack(0x0000006d41600000,0x0000006d41700000) (1024K)]
  0x000001db5c7178a0 JavaThread "Java indexing"              daemon [_thread_blocked, id=12476, stack(0x0000006d41700000,0x0000006d41800000) (1024K)]
  0x000001db5c7164f0 JavaThread "Worker-2: Initialize After Load"        [_thread_in_vm, id=8644, stack(0x0000006d41800000,0x0000006d41900000) (1024K)]
  0x000001db62640ad0 JavaThread "C2 CompilerThread2"         daemon [_thread_in_native, id=11612, stack(0x0000006d41900000,0x0000006d41a00000) (1024K)]
  0x000001db5c717210 JavaThread "Worker-3: Loading available Gradle versions"        [_thread_in_vm, id=11788, stack(0x0000006d41a00000,0x0000006d41b00000) (1024K)]
  0x000001db5c7157d0 JavaThread "Worker-4"                          [_thread_blocked, id=8040, stack(0x0000006d41d00000,0x0000006d41e00000) (1024K)]
Total: 28

Other Threads:
  0x000001db5a7025f0 VMThread "VM Thread"                           [id=5888, stack(0x0000006d3f900000,0x0000006d3fa00000) (1024K)]
  0x000001db5a63ca00 WatcherThread "VM Periodic Task Thread"        [id=12136, stack(0x0000006d3f800000,0x0000006d3f900000) (1024K)]
  0x000001db46388ad0 WorkerThread "GC Thread#0"                     [id=9608, stack(0x0000006d3f700000,0x0000006d3f800000) (1024K)]
  0x000001db5cc94fb0 WorkerThread "GC Thread#1"                     [id=14104, stack(0x0000006d40600000,0x0000006d40700000) (1024K)]
  0x000001db5cce83c0 WorkerThread "GC Thread#2"                     [id=13456, stack(0x0000006d40700000,0x0000006d40800000) (1024K)]
  0x000001db5cce8760 WorkerThread "GC Thread#3"                     [id=6684, stack(0x0000006d40800000,0x0000006d40900000) (1024K)]
  0x000001db5cce8b00 WorkerThread "GC Thread#4"                     [id=12780, stack(0x0000006d40900000,0x0000006d40a00000) (1024K)]
  0x000001db5cce8ea0 WorkerThread "GC Thread#5"                     [id=7176, stack(0x0000006d40a00000,0x0000006d40b00000) (1024K)]
  0x000001db5cce9240 WorkerThread "GC Thread#6"                     [id=10688, stack(0x0000006d40b00000,0x0000006d40c00000) (1024K)]
  0x000001db611af9d0 WorkerThread "GC Thread#7"                     [id=13012, stack(0x0000006d40e00000,0x0000006d40f00000) (1024K)]
Total: 10

Threads with active compile tasks:
C2 CompilerThread0  6515 4396       4       java.util.zip.ZipFile$Source::initCEN (612 bytes)
C2 CompilerThread1  6515 4228   !   4       org.eclipse.osgi.internal.loader.classpath.ClasspathManager::findClassImpl (343 bytes)
C2 CompilerThread2  6515 4342       4       org.eclipse.osgi.internal.serviceregistry.ServiceRegistry::notifyHooksPrivileged (58 bytes)
Total: 3

VM state: not at safepoint (normal execution)

VM Mutex/Monitor currently owned by a thread: None

Heap address: 0x00000000c0000000, size: 1024 MB, Compressed Oops mode: 32-bit

CDS archive(s) mapped at: [0x000001db00000000-0x000001db00ba0000-0x000001db00ba0000), size 12189696, SharedBaseAddress: 0x000001db00000000, ArchiveRelocationMode: 1.
Compressed class space mapped at: 0x000001db01000000-0x000001db41000000, reserved size: 1073741824
Narrow klass base: 0x000001db00000000, Narrow klass shift: 0, Narrow klass range: 0x100000000

GC Precious Log:
 CardTable entry size: 512
 CPUs: 8 total, 8 available
 Memory: 7930M
 Large Page Support: Disabled
 NUMA Support: Disabled
 Compressed Oops: Enabled (32-bit)
 Alignments: Space 512K, Generation 512K, Heap 2M
 Heap Min Capacity: 100M
 Heap Initial Capacity: 100M
 Heap Max Capacity: 1G
 Pre-touch: Disabled
 Parallel Workers: 8

Heap:
 PSYoungGen      total 24064K, used 5380K [0x00000000eab00000, 0x00000000ec780000, 0x0000000100000000)
  eden space 22528K, 19% used [0x00000000eab00000,0x00000000eaf38870,0x00000000ec100000)
  from space 1536K, 68% used [0x00000000ec400000,0x00000000ec5087c8,0x00000000ec580000)
  to   space 1536K, 0% used [0x00000000ec600000,0x00000000ec600000,0x00000000ec780000)
 ParOldGen       total 68608K, used 16435K [0x00000000c0000000, 0x00000000c4300000, 0x00000000eab00000)
  object space 68608K, 23% used [0x00000000c0000000,0x00000000c100cf98,0x00000000c4300000)
 Metaspace       used 32264K, committed 33280K, reserved 1114112K
  class space    used 3185K, committed 3584K, reserved 1048576K

Card table byte_map: [0x000001db45d10000,0x000001db45f20000] _byte_map_base: 0x000001db45710000

Marking Bits: (ParMarkBitMap*) 0x00007ffb62403260
 Begin Bits: [0x000001db58560000, 0x000001db59560000)
 End Bits:   [0x000001db59560000, 0x000001db5a560000)

Polling page: 0x000001db45ab0000

Metaspace:

Usage:
  Non-class:     28.40 MB used.
      Class:      3.11 MB used.
       Both:     31.51 MB used.

Virtual space:
  Non-class space:       64.00 MB reserved,      29.00 MB ( 45%) committed,  1 nodes.
      Class space:        1.00 GB reserved,       3.50 MB ( <1%) committed,  1 nodes.
             Both:        1.06 GB reserved,      32.50 MB (  3%) committed. 

Chunk freelists:
   Non-Class:  2.52 MB
       Class:  12.44 MB
        Both:  14.95 MB

MaxMetaspaceSize: unlimited
CompressedClassSpaceSize: 1.00 GB
Initial GC threshold: 21.00 MB
Current GC threshold: 35.00 MB
CDS: on
 - commit_granule_bytes: 65536.
 - commit_granule_words: 8192.
 - virtual_space_node_default_size: 8388608.
 - enlarge_chunks_in_place: 1.
 - use_allocation_guard: 0.


Internal statistics:

num_allocs_failed_limit: 3.
num_arena_births: 710.
num_arena_deaths: 14.
num_vsnodes_births: 2.
num_vsnodes_deaths: 0.
num_space_committed: 520.
num_space_uncommitted: 0.
num_chunks_returned_to_freelist: 17.
num_chunks_taken_from_freelist: 2041.
num_chunk_merges: 9.
num_chunk_splits: 1315.
num_chunks_enlarged: 819.
num_inconsistent_stats: 0.

CodeHeap 'non-profiled nmethods': size=120000Kb used=2118Kb max_used=2118Kb free=117881Kb
 bounds [0x000001db51030000, 0x000001db512a0000, 0x000001db58560000]
CodeHeap 'profiled nmethods': size=120000Kb used=9272Kb max_used=9272Kb free=110727Kb
 bounds [0x000001db49560000, 0x000001db49e70000, 0x000001db50a90000]
CodeHeap 'non-nmethods': size=5760Kb used=1347Kb max_used=1390Kb free=4412Kb
 bounds [0x000001db50a90000, 0x000001db50d00000, 0x000001db51030000]
 total_blobs=5045 nmethods=4404 adapters=547
 compilation: enabled
              stopped_count=0, restarted_count=0
 full_count=0

Compilation events (20 events):
Event: 6.242 Thread 0x000001db5c130de0 4345       3       java.lang.Class::getConstructor0 (83 bytes)
Event: 6.243 Thread 0x000001db5c130de0 nmethod 4345 0x000001db49e3b890 code [0x000001db49e3bb20, 0x000001db49e3c558]
Event: 6.244 Thread 0x000001db5c130de0 4346       3       org.eclipse.core.internal.registry.ConfigurationElementHandle::getName (8 bytes)
Event: 6.245 Thread 0x000001db5c130de0 nmethod 4346 0x000001db49e3ca10 code [0x000001db49e3cbe0, 0x000001db49e3d060]
Event: 6.245 Thread 0x000001db5c130de0 4347       1       java.util.concurrent.locks.ReentrantReadWriteLock$NonfairSync::writerShouldBlock (2 bytes)
Event: 6.245 Thread 0x000001db5c130de0 nmethod 4347 0x000001db5122c610 code [0x000001db5122c7a0, 0x000001db5122c868]
Event: 6.246 Thread 0x000001db5c130de0 4348       3       org.eclipse.core.runtime.Path::segment (17 bytes)
Event: 6.247 Thread 0x000001db5c130de0 nmethod 4348 0x000001db49e3d190 code [0x000001db49e3d340, 0x000001db49e3d4f0]
Event: 6.257 Thread 0x000001db5c130de0 4349       3       aQute.bnd.header.Parameters::entrySet (10 bytes)
Event: 6.257 Thread 0x000001db5c130de0 nmethod 4349 0x000001db49e3d610 code [0x000001db49e3d7c0, 0x000001db49e3d998]
Event: 6.259 Thread 0x000001db5c130de0 4350       3       org.apache.aries.spifly.BaseActivator::getAllHeaders (189 bytes)
Event: 6.262 Thread 0x000001db5c130de0 nmethod 4350 0x000001db49e3da90 code [0x000001db49e3df00, 0x000001db49e405b8]
Event: 6.262 Thread 0x000001db5c130de0 4351   !   3       org.osgi.util.tracker.AbstractTracked::track (97 bytes)
Event: 6.263 Thread 0x000001db5c130de0 nmethod 4351 0x000001db49e41490 code [0x000001db49e416c0, 0x000001db49e41f00]
Event: 6.270 Thread 0x000001db5c130de0 4352       3       java.lang.Module::canRead (86 bytes)
Event: 6.271 Thread 0x000001db5c130de0 nmethod 4352 0x000001db49e42190 code [0x000001db49e42560, 0x000001db49e43ea8]
Event: 6.271 Thread 0x000001db5c130de0 4354       3       java.lang.invoke.MethodHandles$Lookup$ClassOption::optionsToFlag (40 bytes)
Event: 6.272 Thread 0x000001db5c130de0 nmethod 4354 0x000001db49e44590 code [0x000001db49e44780, 0x000001db49e44c78]
Event: 6.272 Thread 0x000001db5c130de0 4353       3       jdk.internal.misc.CDS::isDumpingClassList (4 bytes)
Event: 6.272 Thread 0x000001db5c130de0 nmethod 4353 0x000001db49e44e10 code [0x000001db49e44fa0, 0x000001db49e45090]

GC Heap History (20 events):
Event: 1.587 GC heap before
{Heap before GC invocations=2 (full 0):
 PSYoungGen      total 29696K, used 28805K [0x00000000eab00000, 0x00000000ecc00000, 0x0000000100000000)
  eden space 25600K, 100% used [0x00000000eab00000,0x00000000ec400000,0x00000000ec400000)
  from space 4096K, 78% used [0x00000000ec400000,0x00000000ec7217f0,0x00000000ec800000)
  to   space 4096K, 0% used [0x00000000ec800000,0x00000000ec800000,0x00000000ecc00000)
 ParOldGen       total 68608K, used 8K [0x00000000c0000000, 0x00000000c4300000, 0x00000000eab00000)
  object space 68608K, 0% used [0x00000000c0000000,0x00000000c0002000,0x00000000c4300000)
 Metaspace       used 8000K, committed 8320K, reserved 1114112K
  class space    used 788K, committed 960K, reserved 1048576K
}
Event: 1.593 GC heap after
{Heap after GC invocations=2 (full 0):
 PSYoungGen      total 29696K, used 4084K [0x00000000eab00000, 0x00000000ecc00000, 0x0000000100000000)
  eden space 25600K, 0% used [0x00000000eab00000,0x00000000eab00000,0x00000000ec400000)
  from space 4096K, 99% used [0x00000000ec800000,0x00000000ecbfd168,0x00000000ecc00000)
  to   space 4096K, 0% used [0x00000000ec400000,0x00000000ec400000,0x00000000ec800000)
 ParOldGen       total 68608K, used 1713K [0x00000000c0000000, 0x00000000c4300000, 0x00000000eab00000)
  object space 68608K, 2% used [0x00000000c0000000,0x00000000c01ac740,0x00000000c4300000)
 Metaspace       used 8000K, committed 8320K, reserved 1114112K
  class space    used 788K, committed 960K, reserved 1048576K
}
Event: 2.276 GC heap before
{Heap before GC invocations=3 (full 0):
 PSYoungGen      total 29696K, used 29684K [0x00000000eab00000, 0x00000000ecc00000, 0x0000000100000000)
  eden space 25600K, 100% used [0x00000000eab00000,0x00000000ec400000,0x00000000ec400000)
  from space 4096K, 99% used [0x00000000ec800000,0x00000000ecbfd168,0x00000000ecc00000)
  to   space 4096K, 0% used [0x00000000ec400000,0x00000000ec400000,0x00000000ec800000)
 ParOldGen       total 68608K, used 1713K [0x00000000c0000000, 0x00000000c4300000, 0x00000000eab00000)
  object space 68608K, 2% used [0x00000000c0000000,0x00000000c01ac740,0x00000000c4300000)
 Metaspace       used 9199K, committed 9536K, reserved 1114112K
  class space    used 917K, committed 1088K, reserved 1048576K
}
Event: 2.284 GC heap after
{Heap after GC invocations=3 (full 0):
 PSYoungGen      total 29696K, used 4088K [0x00000000eab00000, 0x00000000ecc00000, 0x0000000100000000)
  eden space 25600K, 0% used [0x00000000eab00000,0x00000000eab00000,0x00000000ec400000)
  from space 4096K, 99% used [0x00000000ec400000,0x00000000ec7fe110,0x00000000ec800000)
  to   space 4096K, 0% used [0x00000000ec800000,0x00000000ec800000,0x00000000ecc00000)
 ParOldGen       total 68608K, used 5731K [0x00000000c0000000, 0x00000000c4300000, 0x00000000eab00000)
  object space 68608K, 8% used [0x00000000c0000000,0x00000000c0598e30,0x00000000c4300000)
 Metaspace       used 9199K, committed 9536K, reserved 1114112K
  class space    used 917K, committed 1088K, reserved 1048576K
}
Event: 2.822 GC heap before
{Heap before GC invocations=4 (full 0):
 PSYoungGen      total 29696K, used 29688K [0x00000000eab00000, 0x00000000ecc00000, 0x0000000100000000)
  eden space 25600K, 100% used [0x00000000eab00000,0x00000000ec400000,0x00000000ec400000)
  from space 4096K, 99% used [0x00000000ec400000,0x00000000ec7fe110,0x00000000ec800000)
  to   space 4096K, 0% used [0x00000000ec800000,0x00000000ec800000,0x00000000ecc00000)
 ParOldGen       total 68608K, used 5731K [0x00000000c0000000, 0x00000000c4300000, 0x00000000eab00000)
  object space 68608K, 8% used [0x00000000c0000000,0x00000000c0598e30,0x00000000c4300000)
 Metaspace       used 12462K, committed 12864K, reserved 1114112K
  class space    used 1242K, committed 1408K, reserved 1048576K
}
Event: 2.827 GC heap after
{Heap after GC invocations=4 (full 0):
 PSYoungGen      total 29696K, used 4084K [0x00000000eab00000, 0x00000000ecc00000, 0x0000000100000000)
  eden space 25600K, 0% used [0x00000000eab00000,0x00000000eab00000,0x00000000ec400000)
  from space 4096K, 99% used [0x00000000ec800000,0x00000000ecbfd100,0x00000000ecc00000)
  to   space 4096K, 0% used [0x00000000ec400000,0x00000000ec400000,0x00000000ec800000)
 ParOldGen       total 68608K, used 6761K [0x00000000c0000000, 0x00000000c4300000, 0x00000000eab00000)
  object space 68608K, 9% used [0x00000000c0000000,0x00000000c069a750,0x00000000c4300000)
 Metaspace       used 12462K, committed 12864K, reserved 1114112K
  class space    used 1242K, committed 1408K, reserved 1048576K
}
Event: 3.698 GC heap before
{Heap before GC invocations=5 (full 0):
 PSYoungGen      total 29696K, used 29684K [0x00000000eab00000, 0x00000000ecc00000, 0x0000000100000000)
  eden space 25600K, 99% used [0x00000000eab00000,0x00000000ec3fffe0,0x00000000ec400000)
  from space 4096K, 99% used [0x00000000ec800000,0x00000000ecbfd100,0x00000000ecc00000)
  to   space 4096K, 0% used [0x00000000ec400000,0x00000000ec400000,0x00000000ec800000)
 ParOldGen       total 68608K, used 6761K [0x00000000c0000000, 0x00000000c4300000, 0x00000000eab00000)
  object space 68608K, 9% used [0x00000000c0000000,0x00000000c069a750,0x00000000c4300000)
 Metaspace       used 16244K, committed 16896K, reserved 1114112K
  class space    used 1605K, committed 1856K, reserved 1048576K
}
Event: 3.704 GC heap after
{Heap after GC invocations=5 (full 0):
 PSYoungGen      total 29184K, used 4077K [0x00000000eab00000, 0x00000000ecf80000, 0x0000000100000000)
  eden space 25088K, 0% used [0x00000000eab00000,0x00000000eab00000,0x00000000ec380000)
  from space 4096K, 99% used [0x00000000ec400000,0x00000000ec7fb6b0,0x00000000ec800000)
  to   space 6144K, 0% used [0x00000000ec980000,0x00000000ec980000,0x00000000ecf80000)
 ParOldGen       total 68608K, used 8399K [0x00000000c0000000, 0x00000000c4300000, 0x00000000eab00000)
  object space 68608K, 12% used [0x00000000c0000000,0x00000000c0833df0,0x00000000c4300000)
 Metaspace       used 16244K, committed 16896K, reserved 1114112K
  class space    used 1605K, committed 1856K, reserved 1048576K
}
Event: 4.541 GC heap before
{Heap before GC invocations=6 (full 0):
 PSYoungGen      total 29184K, used 29165K [0x00000000eab00000, 0x00000000ecf80000, 0x0000000100000000)
  eden space 25088K, 100% used [0x00000000eab00000,0x00000000ec380000,0x00000000ec380000)
  from space 4096K, 99% used [0x00000000ec400000,0x00000000ec7fb6b0,0x00000000ec800000)
  to   space 6144K, 0% used [0x00000000ec980000,0x00000000ec980000,0x00000000ecf80000)
 ParOldGen       total 68608K, used 8399K [0x00000000c0000000, 0x00000000c4300000, 0x00000000eab00000)
  object space 68608K, 12% used [0x00000000c0000000,0x00000000c0833df0,0x00000000c4300000)
 Metaspace       used 18796K, committed 19584K, reserved 1114112K
  class space    used 1890K, committed 2240K, reserved 1048576K
}
Event: 4.547 GC heap after
{Heap after GC invocations=6 (full 0):
 PSYoungGen      total 29184K, used 4136K [0x00000000eab00000, 0x00000000ece00000, 0x0000000100000000)
  eden space 24576K, 0% used [0x00000000eab00000,0x00000000eab00000,0x00000000ec300000)
  from space 4608K, 89% used [0x00000000ec980000,0x00000000ecd8a290,0x00000000ece00000)
  to   space 5120K, 0% used [0x00000000ec400000,0x00000000ec400000,0x00000000ec900000)
 ParOldGen       total 68608K, used 8407K [0x00000000c0000000, 0x00000000c4300000, 0x00000000eab00000)
  object space 68608K, 12% used [0x00000000c0000000,0x00000000c0835df0,0x00000000c4300000)
 Metaspace       used 18796K, committed 19584K, reserved 1114112K
  class space    used 1890K, committed 2240K, reserved 1048576K
}
Event: 4.987 GC heap before
{Heap before GC invocations=7 (full 0):
 PSYoungGen      total 29184K, used 19682K [0x00000000eab00000, 0x00000000ece00000, 0x0000000100000000)
  eden space 24576K, 63% used [0x00000000eab00000,0x00000000eba2e680,0x00000000ec300000)
  from space 4608K, 89% used [0x00000000ec980000,0x00000000ecd8a290,0x00000000ece00000)
  to   space 5120K, 0% used [0x00000000ec400000,0x00000000ec400000,0x00000000ec900000)
 ParOldGen       total 68608K, used 8407K [0x00000000c0000000, 0x00000000c4300000, 0x00000000eab00000)
  object space 68608K, 12% used [0x00000000c0000000,0x00000000c0835df0,0x00000000c4300000)
 Metaspace       used 20705K, committed 21504K, reserved 1114112K
  class space    used 2088K, committed 2432K, reserved 1048576K
}
Event: 4.999 GC heap after
{Heap after GC invocations=7 (full 0):
 PSYoungGen      total 29184K, used 4570K [0x00000000eab00000, 0x00000000ecd00000, 0x0000000100000000)
  eden space 24576K, 0% used [0x00000000eab00000,0x00000000eab00000,0x00000000ec300000)
  from space 4608K, 99% used [0x00000000ec400000,0x00000000ec876be8,0x00000000ec880000)
  to   space 4608K, 0% used [0x00000000ec880000,0x00000000ec880000,0x00000000ecd00000)
 ParOldGen       total 68608K, used 9586K [0x00000000c0000000, 0x00000000c4300000, 0x00000000eab00000)
  object space 68608K, 13% used [0x00000000c0000000,0x00000000c095c8f0,0x00000000c4300000)
 Metaspace       used 20705K, committed 21504K, reserved 1114112K
  class space    used 2088K, committed 2432K, reserved 1048576K
}
Event: 4.999 GC heap before
{Heap before GC invocations=8 (full 1):
 PSYoungGen      total 29184K, used 4570K [0x00000000eab00000, 0x00000000ecd00000, 0x0000000100000000)
  eden space 24576K, 0% used [0x00000000eab00000,0x00000000eab00000,0x00000000ec300000)
  from space 4608K, 99% used [0x00000000ec400000,0x00000000ec876be8,0x00000000ec880000)
  to   space 4608K, 0% used [0x00000000ec880000,0x00000000ec880000,0x00000000ecd00000)
 ParOldGen       total 68608K, used 9586K [0x00000000c0000000, 0x00000000c4300000, 0x00000000eab00000)
  object space 68608K, 13% used [0x00000000c0000000,0x00000000c095c8f0,0x00000000c4300000)
 Metaspace       used 20705K, committed 21504K, reserved 1114112K
  class space    used 2088K, committed 2432K, reserved 1048576K
}
Event: 5.040 GC heap after
{Heap after GC invocations=8 (full 1):
 PSYoungGen      total 29184K, used 0K [0x00000000eab00000, 0x00000000ecd00000, 0x0000000100000000)
  eden space 24576K, 0% used [0x00000000eab00000,0x00000000eab00000,0x00000000ec300000)
  from space 4608K, 0% used [0x00000000ec400000,0x00000000ec400000,0x00000000ec880000)
  to   space 4608K, 0% used [0x00000000ec880000,0x00000000ec880000,0x00000000ecd00000)
 ParOldGen       total 68608K, used 13360K [0x00000000c0000000, 0x00000000c4300000, 0x00000000eab00000)
  object space 68608K, 19% used [0x00000000c0000000,0x00000000c0d0c3a0,0x00000000c4300000)
 Metaspace       used 20692K, committed 21504K, reserved 1114112K
  class space    used 2085K, committed 2432K, reserved 1048576K
}
Event: 5.382 GC heap before
{Heap before GC invocations=9 (full 1):
 PSYoungGen      total 29184K, used 24576K [0x00000000eab00000, 0x00000000ecd00000, 0x0000000100000000)
  eden space 24576K, 100% used [0x00000000eab00000,0x00000000ec300000,0x00000000ec300000)
  from space 4608K, 0% used [0x00000000ec400000,0x00000000ec400000,0x00000000ec880000)
  to   space 4608K, 0% used [0x00000000ec880000,0x00000000ec880000,0x00000000ecd00000)
 ParOldGen       total 68608K, used 13360K [0x00000000c0000000, 0x00000000c4300000, 0x00000000eab00000)
  object space 68608K, 19% used [0x00000000c0000000,0x00000000c0d0c3a0,0x00000000c4300000)
 Metaspace       used 23460K, committed 24192K, reserved 1114112K
  class space    used 2256K, committed 2560K, reserved 1048576K
}
Event: 5.384 GC heap after
{Heap after GC invocations=9 (full 1):
 PSYoungGen      total 24576K, used 371K [0x00000000eab00000, 0x00000000ec900000, 0x0000000100000000)
  eden space 24064K, 0% used [0x00000000eab00000,0x00000000eab00000,0x00000000ec280000)
  from space 512K, 72% used [0x00000000ec880000,0x00000000ec8dccf8,0x00000000ec900000)
  to   space 2048K, 0% used [0x00000000ec500000,0x00000000ec500000,0x00000000ec700000)
 ParOldGen       total 68608K, used 13360K [0x00000000c0000000, 0x00000000c4300000, 0x00000000eab00000)
  object space 68608K, 19% used [0x00000000c0000000,0x00000000c0d0c3a0,0x00000000c4300000)
 Metaspace       used 23460K, committed 24192K, reserved 1114112K
  class space    used 2256K, committed 2560K, reserved 1048576K
}
Event: 5.618 GC heap before
{Heap before GC invocations=10 (full 1):
 PSYoungGen      total 24576K, used 24435K [0x00000000eab00000, 0x00000000ec900000, 0x0000000100000000)
  eden space 24064K, 100% used [0x00000000eab00000,0x00000000ec280000,0x00000000ec280000)
  from space 512K, 72% used [0x00000000ec880000,0x00000000ec8dccf8,0x00000000ec900000)
  to   space 2048K, 0% used [0x00000000ec500000,0x00000000ec500000,0x00000000ec700000)
 ParOldGen       total 68608K, used 13360K [0x00000000c0000000, 0x00000000c4300000, 0x00000000eab00000)
  object space 68608K, 19% used [0x00000000c0000000,0x00000000c0d0c3a0,0x00000000c4300000)
 Metaspace       used 26081K, committed 26880K, reserved 1114112K
  class space    used 2459K, committed 2752K, reserved 1048576K
}
Event: 5.620 GC heap after
{Heap after GC invocations=10 (full 1):
 PSYoungGen      total 25600K, used 1339K [0x00000000eab00000, 0x00000000ec900000, 0x0000000100000000)
  eden space 23552K, 0% used [0x00000000eab00000,0x00000000eab00000,0x00000000ec200000)
  from space 2048K, 65% used [0x00000000ec500000,0x00000000ec64eda0,0x00000000ec700000)
  to   space 2048K, 0% used [0x00000000ec700000,0x00000000ec700000,0x00000000ec900000)
 ParOldGen       total 68608K, used 14142K [0x00000000c0000000, 0x00000000c4300000, 0x00000000eab00000)
  object space 68608K, 20% used [0x00000000c0000000,0x00000000c0dcf8b0,0x00000000c4300000)
 Metaspace       used 26081K, committed 26880K, reserved 1114112K
  class space    used 2459K, committed 2752K, reserved 1048576K
}
Event: 5.934 GC heap before
{Heap before GC invocations=11 (full 1):
 PSYoungGen      total 25600K, used 24891K [0x00000000eab00000, 0x00000000ec900000, 0x0000000100000000)
  eden space 23552K, 100% used [0x00000000eab00000,0x00000000ec200000,0x00000000ec200000)
  from space 2048K, 65% used [0x00000000ec500000,0x00000000ec64eda0,0x00000000ec700000)
  to   space 2048K, 0% used [0x00000000ec700000,0x00000000ec700000,0x00000000ec900000)
 ParOldGen       total 68608K, used 14142K [0x00000000c0000000, 0x00000000c4300000, 0x00000000eab00000)
  object space 68608K, 20% used [0x00000000c0000000,0x00000000c0dcf8b0,0x00000000c4300000)
 Metaspace       used 28555K, committed 29440K, reserved 1114112K
  class space    used 2682K, committed 3008K, reserved 1048576K
}
Event: 5.937 GC heap after
{Heap after GC invocations=11 (full 1):
 PSYoungGen      total 25088K, used 2016K [0x00000000eab00000, 0x00000000ec900000, 0x0000000100000000)
  eden space 23040K, 0% used [0x00000000eab00000,0x00000000eab00000,0x00000000ec180000)
  from space 2048K, 98% used [0x00000000ec700000,0x00000000ec8f8308,0x00000000ec900000)
  to   space 2560K, 0% used [0x00000000ec400000,0x00000000ec400000,0x00000000ec680000)
 ParOldGen       total 68608K, used 14422K [0x00000000c0000000, 0x00000000c4300000, 0x00000000eab00000)
  object space 68608K, 21% used [0x00000000c0000000,0x00000000c0e158b0,0x00000000c4300000)
 Metaspace       used 28555K, committed 29440K, reserved 1114112K
  class space    used 2682K, committed 3008K, reserved 1048576K
}

Dll operation events (10 events):
Event: 0.024 Loaded shared library c:\Users\peme-\.cursor\extensions\redhat.java-1.41.1-win32-x64\jre\21.0.6-win32-x86_64\bin\java.dll
Event: 0.101 Loaded shared library c:\Users\peme-\.cursor\extensions\redhat.java-1.41.1-win32-x64\jre\21.0.6-win32-x86_64\bin\zip.dll
Event: 0.121 Loaded shared library C:\Users\peme-\.cursor\extensions\redhat.java-1.41.1-win32-x64\jre\21.0.6-win32-x86_64\bin\instrument.dll
Event: 0.129 Loaded shared library C:\Users\peme-\.cursor\extensions\redhat.java-1.41.1-win32-x64\jre\21.0.6-win32-x86_64\bin\net.dll
Event: 0.131 Loaded shared library C:\Users\peme-\.cursor\extensions\redhat.java-1.41.1-win32-x64\jre\21.0.6-win32-x86_64\bin\nio.dll
Event: 0.134 Loaded shared library C:\Users\peme-\.cursor\extensions\redhat.java-1.41.1-win32-x64\jre\21.0.6-win32-x86_64\bin\zip.dll
Event: 0.167 Loaded shared library C:\Users\peme-\.cursor\extensions\redhat.java-1.41.1-win32-x64\jre\21.0.6-win32-x86_64\bin\jimage.dll
Event: 0.302 Loaded shared library c:\Users\peme-\.cursor\extensions\redhat.java-1.41.1-win32-x64\jre\21.0.6-win32-x86_64\bin\verify.dll
Event: 1.563 Loaded shared library C:\Users\peme-\AppData\Roaming\Cursor\User\globalStorage\redhat.java\1.41.1\config_win\org.eclipse.equinox.launcher\org.eclipse.equinox.launcher.win32.win32.x86_64_1.2.1300.v20250331-1702\eclipse_11911.dll
Event: 3.680 Loaded shared library C:\Users\peme-\AppData\Local\Temp\jna--2069927086\jna17928467139439368832.dll

Deoptimization events (20 events):
Event: 5.918 Thread 0x000001db61308c80 Uncommon trap: trap_request=0xffffff45 fr.pc=0x000001db5121887c relative=0x000000000000053c
Event: 5.918 Thread 0x000001db61308c80 Uncommon trap: reason=unstable_if action=reinterpret pc=0x000001db5121887c method=java.util.concurrent.locks.ReentrantReadWriteLock$Sync.tryAcquireShared(I)I @ 81 c2
Event: 5.918 Thread 0x000001db61308c80 DEOPT PACKING pc=0x000001db5121887c sp=0x0000006d410f9ba0
Event: 5.918 Thread 0x000001db61308c80 DEOPT UNPACKING pc=0x000001db50ae3aa2 sp=0x0000006d410f9988 mode 2
Event: 5.918 Thread 0x000001db61308c80 Uncommon trap: trap_request=0xffffff45 fr.pc=0x000001db51200f64 relative=0x00000000000000c4
Event: 5.918 Thread 0x000001db61308c80 Uncommon trap: reason=unstable_if action=reinterpret pc=0x000001db51200f64 method=java.util.concurrent.locks.ReentrantReadWriteLock$Sync.tryReleaseShared(I)Z @ 9 c2
Event: 5.918 Thread 0x000001db61308c80 DEOPT PACKING pc=0x000001db51200f64 sp=0x0000006d410f9ad0
Event: 5.918 Thread 0x000001db61308c80 DEOPT UNPACKING pc=0x000001db50ae3aa2 sp=0x0000006d410f9a50 mode 2
Event: 5.946 Thread 0x000001db61648fa0 Uncommon trap: trap_request=0xffffff45 fr.pc=0x000001db510a3128 relative=0x0000000000000108
Event: 5.946 Thread 0x000001db61648fa0 Uncommon trap: reason=unstable_if action=reinterpret pc=0x000001db510a3128 method=jdk.internal.org.objectweb.asm.ByteVector.putShort(I)Ljdk/internal/org/objectweb/asm/ByteVector; @ 13 c2
Event: 5.946 Thread 0x000001db61648fa0 DEOPT PACKING pc=0x000001db510a3128 sp=0x0000006d415fd0a0
Event: 5.946 Thread 0x000001db61648fa0 DEOPT UNPACKING pc=0x000001db50ae3aa2 sp=0x0000006d415fd038 mode 2
Event: 5.973 Thread 0x000001db61308c80 Uncommon trap: trap_request=0xffffff45 fr.pc=0x000001db5116fa60 relative=0x0000000000000300
Event: 5.973 Thread 0x000001db61308c80 Uncommon trap: reason=unstable_if action=reinterpret pc=0x000001db5116fa60 method=java.util.Properties.getProperty(Ljava/lang/String;)Ljava/lang/String; @ 36 c2
Event: 5.973 Thread 0x000001db61308c80 DEOPT PACKING pc=0x000001db5116fa60 sp=0x0000006d410fe160
Event: 5.973 Thread 0x000001db61308c80 DEOPT UNPACKING pc=0x000001db50ae3aa2 sp=0x0000006d410fe108 mode 2
Event: 6.238 Thread 0x000001db61308c80 Uncommon trap: trap_request=0xffffff45 fr.pc=0x000001db5122c0b4 relative=0x00000000000004b4
Event: 6.238 Thread 0x000001db61308c80 Uncommon trap: reason=unstable_if action=reinterpret pc=0x000001db5122c0b4 method=java.lang.String.getBytes([BIB)V @ 5 c2
Event: 6.238 Thread 0x000001db61308c80 DEOPT PACKING pc=0x000001db5122c0b4 sp=0x0000006d410fdd30
Event: 6.238 Thread 0x000001db61308c80 DEOPT UNPACKING pc=0x000001db50ae3aa2 sp=0x0000006d410fdc28 mode 2

Classes loaded (20 events):
Event: 6.205 Loading class sun/reflect/generics/tree/Signature done
Event: 6.205 Loading class sun/reflect/generics/tree/ClassSignature done
Event: 6.205 Loading class sun/reflect/annotation/TypeAnnotation$TypeAnnotationTarget
Event: 6.205 Loading class sun/reflect/annotation/TypeAnnotation$TypeAnnotationTarget done
Event: 6.206 Loading class sun/reflect/annotation/TypeAnnotation$LocationInfo
Event: 6.206 Loading class sun/reflect/annotation/TypeAnnotation$LocationInfo done
Event: 6.206 Loading class sun/reflect/annotation/TypeAnnotation$LocationInfo$Location
Event: 6.206 Loading class sun/reflect/annotation/TypeAnnotation$LocationInfo$Location done
Event: 6.206 Loading class sun/reflect/annotation/AnnotatedTypeFactory
Event: 6.206 Loading class sun/reflect/annotation/AnnotatedTypeFactory done
Event: 6.206 Loading class sun/reflect/annotation/AnnotatedTypeFactory$AnnotatedTypeBaseImpl
Event: 6.207 Loading class sun/reflect/annotation/AnnotatedTypeFactory$AnnotatedTypeBaseImpl done
Event: 6.207 Loading class java/util/stream/Streams$ConcatSpliterator$OfRef
Event: 6.207 Loading class java/util/stream/Streams$ConcatSpliterator
Event: 6.207 Loading class java/util/stream/Streams$ConcatSpliterator done
Event: 6.207 Loading class java/util/stream/Streams$ConcatSpliterator$OfRef done
Event: 6.207 Loading class java/util/stream/Streams$2
Event: 6.208 Loading class java/util/stream/Streams$2 done
Event: 6.236 Loading class sun/nio/cs/UTF_8$Encoder
Event: 6.237 Loading class sun/nio/cs/UTF_8$Encoder done

Classes unloaded (7 events):
Event: 5.003 Thread 0x000001db5a7025f0 Unloading class 0x000001db01193c00 'java/lang/invoke/LambdaForm$MH+0x000001db01193c00'
Event: 5.003 Thread 0x000001db5a7025f0 Unloading class 0x000001db01193800 'java/lang/invoke/LambdaForm$MH+0x000001db01193800'
Event: 5.003 Thread 0x000001db5a7025f0 Unloading class 0x000001db01193400 'java/lang/invoke/LambdaForm$MH+0x000001db01193400'
Event: 5.003 Thread 0x000001db5a7025f0 Unloading class 0x000001db01193000 'java/lang/invoke/LambdaForm$MH+0x000001db01193000'
Event: 5.003 Thread 0x000001db5a7025f0 Unloading class 0x000001db01192c00 'java/lang/invoke/LambdaForm$BMH+0x000001db01192c00'
Event: 5.003 Thread 0x000001db5a7025f0 Unloading class 0x000001db01192800 'java/lang/invoke/LambdaForm$DMH+0x000001db01192800'
Event: 5.003 Thread 0x000001db5a7025f0 Unloading class 0x000001db01191400 'java/lang/invoke/LambdaForm$DMH+0x000001db01191400'

Classes redefined (0 events):
No events

Internal exceptions (20 events):
Event: 5.807 Thread 0x000001db61308c80 Exception <a 'java/lang/ClassNotFoundException'{0x00000000eb8d06e8}: com/sun/org/apache/xerces/internal/impl/msg/spi/DOMMessagesProvider> (0x00000000eb8d06e8) 
thrown [s\src\hotspot\share\classfile\systemDictionary.cpp, line 312]
Event: 5.810 Thread 0x000001db61308c80 Exception <a 'java/lang/ClassNotFoundException'{0x00000000eb8e1ea0}: com/sun/org/apache/xerces/internal/impl/msg/spi/XMLSerializerMessagesProvider> (0x00000000eb8e1ea0) 
thrown [s\src\hotspot\share\classfile\systemDictionary.cpp, line 312]
Event: 5.814 Thread 0x000001db61308c80 Exception <a 'java/lang/ClassNotFoundException'{0x00000000eb8ef1c0}: com/sun/org/apache/xerces/internal/impl/msg/spi/XMLMessagesProvider> (0x00000000eb8ef1c0) 
thrown [s\src\hotspot\share\classfile\systemDictionary.cpp, line 312]
Event: 5.872 Thread 0x000001db6164b070 Exception <a 'java/lang/NoSuchMethodError'{0x00000000ebca25d0}: 'java.lang.Object java.lang.invoke.DirectMethodHandle$Holder.invokeStaticInit(java.lang.Object, java.lang.Object, java.lang.Object, java.lang.Object, java.lang.Object, java.lang.Object, java.lang.Object)'> (0x00000000ebca25d0) 
thrown [s\src\hotspot\share\interpreter\linkResolver.cpp, line 773]
Event: 5.873 Thread 0x000001db6164b070 Exception <a 'java/lang/NoSuchMethodError'{0x00000000ebca9e68}: 'java.lang.Object java.lang.invoke.Invokers$Holder.invoke_MT(java.lang.Object, java.lang.Object, java.lang.Object, java.lang.Object, java.lang.Object, java.lang.Object, java.lang.Object, java.lang.Object, java.lang.Object)'> (0x00000000ebca9e68) 
thrown [s\src\hotspot\share\interpreter\linkResolver.cpp, line 773]
Event: 5.881 Thread 0x000001db6164b070 Exception <a 'java/lang/NoSuchMethodError'{0x00000000ebd593a0}: 'int java.lang.invoke.DirectMethodHandle$Holder.invokeVirtual(java.lang.Object, java.lang.Object, java.lang.Object)'> (0x00000000ebd593a0) 
thrown [s\src\hotspot\share\interpreter\linkResolver.cpp, line 773]
Event: 5.881 Thread 0x000001db6164b070 Exception <a 'java/lang/NoSuchMethodError'{0x00000000ebd5d648}: 'int java.lang.invoke.DirectMethodHandle$Holder.invokeStaticInit(java.lang.Object, int, int)'> (0x00000000ebd5d648) 
thrown [s\src\hotspot\share\interpreter\linkResolver.cpp, line 773]
Event: 5.881 Thread 0x000001db6164b070 Exception <a 'java/lang/NoSuchMethodError'{0x00000000ebd64c10}: 'int java.lang.invoke.DirectMethodHandle$Holder.invokeStaticInit(java.lang.Object, long, long)'> (0x00000000ebd64c10) 
thrown [s\src\hotspot\share\interpreter\linkResolver.cpp, line 773]
Event: 5.882 Thread 0x000001db6164b070 Exception <a 'java/lang/NoSuchMethodError'{0x00000000ebd6ba50}: 'int java.lang.invoke.DirectMethodHandle$Holder.invokeStaticInit(java.lang.Object, float, float)'> (0x00000000ebd6ba50) 
thrown [s\src\hotspot\share\interpreter\linkResolver.cpp, line 773]
Event: 5.882 Thread 0x000001db6164b070 Exception <a 'java/lang/NoSuchMethodError'{0x00000000ebd72620}: 'int java.lang.invoke.DirectMethodHandle$Holder.invokeStaticInit(java.lang.Object, double, double)'> (0x00000000ebd72620) 
thrown [s\src\hotspot\share\interpreter\linkResolver.cpp, line 773]
Event: 5.883 Thread 0x000001db6164b070 Exception <a 'java/lang/NoSuchMethodError'{0x00000000ebd76c90}: 'int java.lang.invoke.DirectMethodHandle$Holder.invokeStatic(java.lang.Object, long)'> (0x00000000ebd76c90) 
thrown [s\src\hotspot\share\interpreter\linkResolver.cpp, line 773]
Event: 5.885 Thread 0x000001db6164b070 Exception <a 'java/lang/NoSuchMethodError'{0x00000000ebe04eb0}: 'int java.lang.invoke.Invokers$Holder.linkToTargetMethod(java.lang.Object, java.lang.Object)'> (0x00000000ebe04eb0) 
thrown [s\src\hotspot\share\interpreter\linkResolver.cpp, line 773]
Event: 5.925 Thread 0x000001db6164b070 Exception <a 'java/lang/NoSuchMethodError'{0x00000000ec0ebf78}: 'java.lang.Object java.lang.invoke.DirectMethodHandle$Holder.invokeSpecialIFC(java.lang.Object, java.lang.Object, java.lang.Object, java.lang.Object)'> (0x00000000ec0ebf78) 
thrown [s\src\hotspot\share\interpreter\linkResolver.cpp, line 773]
Event: 5.939 Thread 0x000001db61648fa0 Exception <a 'java/lang/NoSuchMethodError'{0x00000000eaba6e00}: 'int java.lang.invoke.DirectMethodHandle$Holder.invokeSpecial(java.lang.Object, java.lang.Object, java.lang.Object, java.lang.Object)'> (0x00000000eaba6e00) 
thrown [s\src\hotspot\share\interpreter\linkResolver.cpp, line 773]
Event: 5.941 Thread 0x000001db61648fa0 Exception <a 'java/lang/NoSuchMethodError'{0x00000000eabbed98}: 'java.lang.Object java.lang.invoke.DirectMethodHandle$Holder.invokeStatic(java.lang.Object, int, java.lang.Object, java.lang.Object)'> (0x00000000eabbed98) 
thrown [s\src\hotspot\share\interpreter\linkResolver.cpp, line 773]
Event: 5.942 Thread 0x000001db61648fa0 Exception <a 'java/lang/NoSuchMethodError'{0x00000000eabcc1d8}: 'java.lang.Object java.lang.invoke.DelegatingMethodHandle$Holder.delegate(java.lang.Object, int, java.lang.Object, java.lang.Object)'> (0x00000000eabcc1d8) 
thrown [s\src\hotspot\share\interpreter\linkResolver.cpp, line 773]
Event: 5.947 Thread 0x000001db61648fa0 Exception <a 'java/lang/NoSuchMethodError'{0x00000000eac12a88}: 'int java.lang.invoke.Invokers$Holder.linkToTargetMethod(java.lang.Object, java.lang.Object, java.lang.Object)'> (0x00000000eac12a88) 
thrown [s\src\hotspot\share\interpreter\linkResolver.cpp, line 773]
Event: 6.001 Thread 0x000001db61308c80 Exception <a 'java/lang/ClassNotFoundException'{0x00000000eaf1a240}: com/sun/org/apache/xml/internal/serializer/spi/XMLEntitiesProvider> (0x00000000eaf1a240) 
thrown [s\src\hotspot\share\classfile\systemDictionary.cpp, line 312]
Event: 6.247 Thread 0x000001db61308c80 Exception <a 'java/io/FileNotFoundException'{0x00000000eb9430d0}> (0x00000000eb9430d0) 
thrown [s\src\hotspot\share\prims\jni.cpp, line 520]
Event: 6.270 Thread 0x000001db6164b070 Exception <a 'java/lang/NoSuchMethodError'{0x00000000eba9c188}: 'int java.lang.invoke.DirectMethodHandle$Holder.invokeStatic(java.lang.Object, java.lang.Object, java.lang.Object, java.lang.Object, java.lang.Object)'> (0x00000000eba9c188) 
thrown [s\src\hotspot\share\interpreter\linkResolver.cpp, line 773]

ZGC Phase Switch (0 events):
No events

VM Operations (20 events):
Event: 5.382 Executing VM operation: ParallelGCFailedAllocation (Allocation Failure)
Event: 5.384 Executing VM operation: ParallelGCFailedAllocation (Allocation Failure) done
Event: 5.618 Executing VM operation: ParallelGCFailedAllocation (Allocation Failure)
Event: 5.620 Executing VM operation: ParallelGCFailedAllocation (Allocation Failure) done
Event: 5.736 Executing VM operation: HandshakeAllThreads (Deoptimize)
Event: 5.736 Executing VM operation: HandshakeAllThreads (Deoptimize) done
Event: 5.864 Executing VM operation: HandshakeAllThreads (Deoptimize)
Event: 5.864 Executing VM operation: HandshakeAllThreads (Deoptimize) done
Event: 5.890 Executing VM operation: HandshakeAllThreads (Deoptimize)
Event: 5.890 Executing VM operation: HandshakeAllThreads (Deoptimize) done
Event: 5.934 Executing VM operation: ParallelGCFailedAllocation (Allocation Failure)
Event: 5.937 Executing VM operation: ParallelGCFailedAllocation (Allocation Failure) done
Event: 5.937 Executing VM operation: HandshakeAllThreads (Deoptimize)
Event: 5.937 Executing VM operation: HandshakeAllThreads (Deoptimize) done
Event: 5.999 Executing VM operation: HandshakeAllThreads (Deoptimize)
Event: 5.999 Executing VM operation: HandshakeAllThreads (Deoptimize) done
Event: 6.004 Executing VM operation: HandshakeAllThreads (Deoptimize)
Event: 6.004 Executing VM operation: HandshakeAllThreads (Deoptimize) done
Event: 6.056 Executing VM operation: HandshakeAllThreads (Deoptimize)
Event: 6.056 Executing VM operation: HandshakeAllThreads (Deoptimize) done

Memory protections (0 events):
No events

Nmethod flushes (0 events):
No events

Events (20 events):
Event: 1.604 Thread 0x000001db61227e70 Thread added: 0x000001db61308250
Event: 1.607 Thread 0x000001db46369960 Thread added: 0x000001db61308c80
Event: 1.771 Thread 0x000001db6100c0b0 Thread exited: 0x000001db6100c0b0
Event: 2.135 Thread 0x000001db61308c80 Thread added: 0x000001db61182f50
Event: 2.401 Thread 0x000001db61308c80 Thread added: 0x000001db61498000
Event: 2.478 Thread 0x000001db61308c80 Thread added: 0x000001db61649cc0
Event: 2.995 Thread 0x000001db61308c80 Thread added: 0x000001db6164a9e0
Event: 3.730 Thread 0x000001db61308c80 Thread added: 0x000001db61648910
Event: 3.804 Thread 0x000001db5c49da80 Thread exited: 0x000001db5c49da80
Event: 3.910 Thread 0x000001db61308c80 Thread added: 0x000001db6164b070
Event: 4.018 Thread 0x000001db61308c80 Thread added: 0x000001db61648fa0
Event: 4.215 Thread 0x000001db5c130de0 Thread added: 0x000001db616aa5e0
Event: 4.785 Thread 0x000001db616aa5e0 Thread exited: 0x000001db616aa5e0
Event: 5.169 Thread 0x000001db5c130de0 Thread added: 0x000001db61a65920
Event: 5.385 Thread 0x000001db61a65920 Thread exited: 0x000001db61a65920
Event: 5.639 Thread 0x000001db5c130de0 Thread added: 0x000001db5c115e50
Event: 5.822 Thread 0x000001db61308c80 Thread added: 0x000001db5c7178a0
Event: 5.937 Thread 0x000001db61648fa0 Thread added: 0x000001db5c7164f0
Event: 6.022 Thread 0x000001db5c130de0 Thread added: 0x000001db62640ad0
Event: 6.067 Thread 0x000001db5c7164f0 Thread added: 0x000001db5c717210


Dynamic libraries:
0x00007ff685c60000 - 0x00007ff685c6e000 	c:\Users\peme-\.cursor\extensions\redhat.java-1.41.1-win32-x64\jre\21.0.6-win32-x86_64\bin\java.exe
0x00007ffbdf9e0000 - 0x00007ffbdfc40000 	C:\WINDOWS\SYSTEM32\ntdll.dll
0x00007ffbde660000 - 0x00007ffbde727000 	C:\WINDOWS\System32\KERNEL32.DLL
0x00007ffbdd2a0000 - 0x00007ffbdd66a000 	C:\WINDOWS\System32\KERNELBASE.dll
0x00007ffbdd150000 - 0x00007ffbdd29b000 	C:\WINDOWS\System32\ucrtbase.dll
0x00007ffbcc6c0000 - 0x00007ffbcc6d8000 	c:\Users\peme-\.cursor\extensions\redhat.java-1.41.1-win32-x64\jre\21.0.6-win32-x86_64\bin\jli.dll
0x00007ffbde730000 - 0x00007ffbde8fc000 	C:\WINDOWS\System32\USER32.dll
0x00007ffbdd120000 - 0x00007ffbdd147000 	C:\WINDOWS\System32\win32u.dll
0x00007ffbdf560000 - 0x00007ffbdf58a000 	C:\WINDOWS\System32\GDI32.dll
0x00007ffbdcfe0000 - 0x00007ffbdd111000 	C:\WINDOWS\System32\gdi32full.dll
0x00007ffbdcdb0000 - 0x00007ffbdce53000 	C:\WINDOWS\System32\msvcp_win.dll
0x00007ffbcc740000 - 0x00007ffbcc75e000 	c:\Users\peme-\.cursor\extensions\redhat.java-1.41.1-win32-x64\jre\21.0.6-win32-x86_64\bin\VCRUNTIME140.dll
0x00007ffbc4030000 - 0x00007ffbc42c7000 	C:\WINDOWS\WinSxS\amd64_microsoft.windows.common-controls_6595b64144ccf1df_6.0.26100.3624_none_3e086962e3345f24\COMCTL32.dll
0x00007ffbddb50000 - 0x00007ffbddbf9000 	C:\WINDOWS\System32\msvcrt.dll
0x00007ffbde900000 - 0x00007ffbde92f000 	C:\WINDOWS\System32\IMM32.DLL
0x00007ffbcf110000 - 0x00007ffbcf11c000 	c:\Users\peme-\.cursor\extensions\redhat.java-1.41.1-win32-x64\jre\21.0.6-win32-x86_64\bin\vcruntime140_1.dll
0x00007ffb87240000 - 0x00007ffb872cd000 	c:\Users\peme-\.cursor\extensions\redhat.java-1.41.1-win32-x64\jre\21.0.6-win32-x86_64\bin\msvcp140.dll
0x00007ffb61750000 - 0x00007ffb624e0000 	c:\Users\peme-\.cursor\extensions\redhat.java-1.41.1-win32-x64\jre\21.0.6-win32-x86_64\bin\server\jvm.dll
0x00007ffbdeb20000 - 0x00007ffbdebd2000 	C:\WINDOWS\System32\ADVAPI32.dll
0x00007ffbdd910000 - 0x00007ffbdd9b6000 	C:\WINDOWS\System32\sechost.dll
0x00007ffbdd7f0000 - 0x00007ffbdd906000 	C:\WINDOWS\System32\RPCRT4.dll
0x00007ffbdd9c0000 - 0x00007ffbdda34000 	C:\WINDOWS\System32\WS2_32.dll
0x00007ffbdc3f0000 - 0x00007ffbdc44e000 	C:\WINDOWS\SYSTEM32\POWRPROF.dll
0x00007ffbd72a0000 - 0x00007ffbd72ab000 	C:\WINDOWS\SYSTEM32\VERSION.dll
0x00007ffbcc490000 - 0x00007ffbcc4c6000 	C:\WINDOWS\SYSTEM32\WINMM.dll
0x00007ffbdc3d0000 - 0x00007ffbdc3e4000 	C:\WINDOWS\SYSTEM32\UMPDC.dll
0x00007ffbdb990000 - 0x00007ffbdb9aa000 	C:\WINDOWS\SYSTEM32\kernel.appcore.dll
0x00007ffbcc380000 - 0x00007ffbcc38a000 	c:\Users\peme-\.cursor\extensions\redhat.java-1.41.1-win32-x64\jre\21.0.6-win32-x86_64\bin\jimage.dll
0x00007ffb88cd0000 - 0x00007ffb88f11000 	C:\WINDOWS\SYSTEM32\DBGHELP.DLL
0x00007ffbdf5f0000 - 0x00007ffbdf972000 	C:\WINDOWS\System32\combase.dll
0x00007ffbdde30000 - 0x00007ffbddf06000 	C:\WINDOWS\System32\OLEAUT32.dll
0x00007ffb71e70000 - 0x00007ffb71ea9000 	C:\WINDOWS\SYSTEM32\dbgcore.DLL
0x00007ffbdcc50000 - 0x00007ffbdcce9000 	C:\WINDOWS\System32\bcryptPrimitives.dll
0x00007ffbcc370000 - 0x00007ffbcc37f000 	c:\Users\peme-\.cursor\extensions\redhat.java-1.41.1-win32-x64\jre\21.0.6-win32-x86_64\bin\instrument.dll
0x00007ffbcc340000 - 0x00007ffbcc35f000 	c:\Users\peme-\.cursor\extensions\redhat.java-1.41.1-win32-x64\jre\21.0.6-win32-x86_64\bin\java.dll
0x00007ffbddf30000 - 0x00007ffbde659000 	C:\WINDOWS\System32\SHELL32.dll
0x00007ffbdd670000 - 0x00007ffbdd7d8000 	C:\WINDOWS\System32\wintypes.dll
0x00007ffbda840000 - 0x00007ffbdb092000 	C:\WINDOWS\SYSTEM32\windows.storage.dll
0x00007ffbdf470000 - 0x00007ffbdf55d000 	C:\WINDOWS\System32\SHCORE.dll
0x00007ffbdf1a0000 - 0x00007ffbdf204000 	C:\WINDOWS\System32\shlwapi.dll
0x00007ffbdcad0000 - 0x00007ffbdcaff000 	C:\WINDOWS\SYSTEM32\profapi.dll
0x00007ffbcc2d0000 - 0x00007ffbcc2e8000 	c:\Users\peme-\.cursor\extensions\redhat.java-1.41.1-win32-x64\jre\21.0.6-win32-x86_64\bin\zip.dll
0x00007ffbcc250000 - 0x00007ffbcc260000 	C:\Users\peme-\.cursor\extensions\redhat.java-1.41.1-win32-x64\jre\21.0.6-win32-x86_64\bin\net.dll
0x00007ffbd6640000 - 0x00007ffbd675d000 	C:\WINDOWS\SYSTEM32\WINHTTP.dll
0x00007ffbdbe90000 - 0x00007ffbdbefa000 	C:\WINDOWS\system32\mswsock.dll
0x00007ffbb20d0000 - 0x00007ffbb20e6000 	C:\Users\peme-\.cursor\extensions\redhat.java-1.41.1-win32-x64\jre\21.0.6-win32-x86_64\bin\nio.dll
0x00007ffbcb150000 - 0x00007ffbcb160000 	c:\Users\peme-\.cursor\extensions\redhat.java-1.41.1-win32-x64\jre\21.0.6-win32-x86_64\bin\verify.dll
0x00007ffb871a0000 - 0x00007ffb871e5000 	C:\Users\peme-\AppData\Roaming\Cursor\User\globalStorage\redhat.java\1.41.1\config_win\org.eclipse.equinox.launcher\org.eclipse.equinox.launcher.win32.win32.x86_64_1.2.1300.v20250331-1702\eclipse_11911.dll
0x00007ffbddc90000 - 0x00007ffbdde26000 	C:\WINDOWS\System32\ole32.dll
0x00007ffbdc240000 - 0x00007ffbdc25c000 	C:\WINDOWS\SYSTEM32\CRYPTSP.dll
0x00007ffbdb8f0000 - 0x00007ffbdb92a000 	C:\WINDOWS\system32\rsaenh.dll
0x00007ffbdbf30000 - 0x00007ffbdbf5b000 	C:\WINDOWS\SYSTEM32\USERENV.dll
0x00007ffbdcaa0000 - 0x00007ffbdcac6000 	C:\WINDOWS\SYSTEM32\bcrypt.dll
0x00007ffbdc0c0000 - 0x00007ffbdc0cc000 	C:\WINDOWS\SYSTEM32\CRYPTBASE.dll
0x00007ffbdb3a0000 - 0x00007ffbdb3d3000 	C:\WINDOWS\SYSTEM32\IPHLPAPI.DLL
0x00007ffbdd7e0000 - 0x00007ffbdd7ea000 	C:\WINDOWS\System32\NSI.dll
0x00007ffb87100000 - 0x00007ffb87149000 	C:\Users\peme-\AppData\Local\Temp\jna--2069927086\jna17928467139439368832.dll
0x00007ffbddf10000 - 0x00007ffbddf18000 	C:\WINDOWS\System32\PSAPI.DLL
0x00007ffbd6d20000 - 0x00007ffbd6d3f000 	C:\WINDOWS\SYSTEM32\dhcpcsvc6.DLL
0x00007ffbd6a50000 - 0x00007ffbd6a75000 	C:\WINDOWS\SYSTEM32\dhcpcsvc.DLL

dbghelp: loaded successfully - version: 4.0.5 - missing functions: none
symbol engine: initialized successfully - sym options: 0x614 - pdb path: .;c:\Users\peme-\.cursor\extensions\redhat.java-1.41.1-win32-x64\jre\21.0.6-win32-x86_64\bin;C:\WINDOWS\SYSTEM32;C:\WINDOWS\WinSxS\amd64_microsoft.windows.common-controls_6595b64144ccf1df_6.0.26100.3624_none_3e086962e3345f24;c:\Users\peme-\.cursor\extensions\redhat.java-1.41.1-win32-x64\jre\21.0.6-win32-x86_64\bin\server;C:\Users\peme-\AppData\Roaming\Cursor\User\globalStorage\redhat.java\1.41.1\config_win\org.eclipse.equinox.launcher\org.eclipse.equinox.launcher.win32.win32.x86_64_1.2.1300.v20250331-1702;C:\Users\peme-\AppData\Local\Temp\jna--2069927086

VM Arguments:
jvm_args: --add-modules=ALL-SYSTEM --add-opens=java.base/java.util=ALL-UNNAMED --add-opens=java.base/java.lang=ALL-UNNAMED --add-opens=java.base/sun.nio.fs=ALL-UNNAMED -Declipse.application=org.eclipse.jdt.ls.core.id1 -Dosgi.bundles.defaultStartLevel=4 -Declipse.product=org.eclipse.jdt.ls.core.product -Djava.import.generatesMetadataFilesAtProjectRoot=false -DDetectVMInstallationsJob.disabled=true -Dfile.encoding=utf8 -XX:+UseParallelGC -XX:GCTimeRatio=4 -XX:AdaptiveSizePolicyWeight=90 -Dsun.zip.disableMemoryMapping=true -Xmx1G -Xms100m -Xlog:disable -javaagent:c:\Users\peme-\.cursor\extensions\redhat.java-1.41.1-win32-x64\lombok\lombok-1.18.36.jar -XX:+HeapDumpOnOutOfMemoryError -XX:HeapDumpPath=c:\Users\peme-\AppData\Roaming\Cursor\User\workspaceStorage\e45d05da9fe6984f595c8de2f5d05746\redhat.java -Daether.dependencyCollector.impl=bf 
java_command: c:\Users\peme-\.cursor\extensions\redhat.java-1.41.1-win32-x64\server\plugins\org.eclipse.equinox.launcher_1.7.0.v20250331-1702.jar -configuration c:\Users\peme-\AppData\Roaming\Cursor\User\globalStorage\redhat.java\1.41.1\config_win -data c:\Users\peme-\AppData\Roaming\Cursor\User\workspaceStorage\e45d05da9fe6984f595c8de2f5d05746\redhat.java\jdt_ws --pipe=\\.\pipe\lsp-1965ef3f669b5d64f07b8c093a634693-sock
java_class_path (initial): c:\Users\peme-\.cursor\extensions\redhat.java-1.41.1-win32-x64\server\plugins\org.eclipse.equinox.launcher_1.7.0.v20250331-1702.jar
Launcher Type: SUN_STANDARD

[Global flags]
    uintx AdaptiveSizePolicyWeight                 = 90                                        {product} {command line}
     intx CICompilerCount                          = 4                                         {product} {ergonomic}
    uintx GCTimeRatio                              = 4                                         {product} {command line}
     bool HeapDumpOnOutOfMemoryError               = true                                   {manageable} {command line}
    ccstr HeapDumpPath                             = c:\Users\peme-\AppData\Roaming\Cursor\User\workspaceStorage\e45d05da9fe6984f595c8de2f5d05746\redhat.java         {manageable} {command line}
   size_t InitialHeapSize                          = 104857600                                 {product} {command line}
   size_t MaxHeapSize                              = 1073741824                                {product} {command line}
   size_t MaxNewSize                               = 357564416                                 {product} {ergonomic}
   size_t MinHeapDeltaBytes                        = 524288                                    {product} {ergonomic}
   size_t MinHeapSize                              = 104857600                                 {product} {command line}
   size_t NewSize                                  = 34603008                                  {product} {ergonomic}
    uintx NonNMethodCodeHeapSize                   = 5839372                                {pd product} {ergonomic}
    uintx NonProfiledCodeHeapSize                  = 122909434                              {pd product} {ergonomic}
   size_t OldSize                                  = 70254592                                  {product} {ergonomic}
    uintx ProfiledCodeHeapSize                     = 122909434                              {pd product} {ergonomic}
    uintx ReservedCodeCacheSize                    = 251658240                              {pd product} {ergonomic}
     bool SegmentedCodeCache                       = true                                      {product} {ergonomic}
   size_t SoftMaxHeapSize                          = 1073741824                             {manageable} {ergonomic}
     bool UseCompressedOops                        = true                           {product lp64_product} {ergonomic}
     bool UseLargePagesIndividualAllocation        = false                                  {pd product} {ergonomic}
     bool UseParallelGC                            = true                                      {product} {command line}

Logging:
Log output configuration:
 #0: stdout all=off uptime,level,tags foldmultilines=false
 #1: stderr all=off uptime,level,tags foldmultilines=false

Environment Variables:
JAVA_HOME=C:\Program Files\Eclipse Adoptium\jdk-17.0.15.6-hotspot
PATH=C:\Program Files\Eclipse Adoptium\jdk-17.0.15.6-hotspot\bin;C:\WINDOWS\system32;C:\WINDOWS;C:\WINDOWS\System32\Wbem;C:\WINDOWS\System32\WindowsPowerShell\v1.0\;C:\WINDOWS\System32\OpenSSH\;C:\Program Files\Microsoft SQL Server\Client SDK\ODBC\130\Tools\Binn\;C:\Program Files\Eclipse Adoptium\jdk-17.0.14.7-hotspot\bin;C:\Program Files\nodejs\;C:\Users\peme-\AppData\Local\Programs\Python\Python313\;C:\Users\peme-\AppData\Local\Programs\Python\Python313\Scripts;C:\Program Files\Git\cmd;C:\Program Files\Eclipse Adoptium\jdk-17.0.15.6-hotspot\bin;C:\WINDOWS\system32;C:\WINDOWS;C:\WINDOWS\System32\Wbem;C:\WINDOWS\System32\WindowsPowerShell\v1.0\;C:\WINDOWS\System32\OpenSSH\;C:\Program Files\Microsoft SQL Server\Client SDK\ODBC\130\Tools\Binn\;C:\Program Files\Eclipse Adoptium\jdk-17.0.14.7-hotspot\bin;C:\Program Files\nodejs\;C:\Users\peme-\AppData\Local\Programs\Python\Python313\;C:\Users\peme-\AppData\Local\Programs\Python\Python313\Scripts;C:\Program Files\Git\cmd;C:\Android\SDK\cmdline-tools\latest\bin;C:\Android\SDK\platform-tools
USERNAME=CPDSC-MIS 25
OS=Windows_NT
PROCESSOR_IDENTIFIER=Intel64 Family 6 Model 151 Stepping 5, GenuineIntel
TMP=C:\Users\peme-\AppData\Local\Temp
TEMP=C:\Users\peme-\AppData\Local\Temp




Periodic native trim disabled

---------------  S Y S T E M  ---------------

OS:
 Windows 11 , 64 bit Build 26100 (10.0.26100.3775)
OS uptime: 1 days 0:01 hours
Hyper-V role detected

CPU: total 8 (initial active 8) (4 cores per cpu, 2 threads per core) family 6 model 151 stepping 5 microcode 0x32, cx8, cmov, fxsr, ht, mmx, 3dnowpref, sse, sse2, sse3, ssse3, sse4.1, sse4.2, popcnt, lzcnt, tsc, tscinvbit, avx, avx2, aes, erms, clmul, bmi1, bmi2, adx, sha, fma, vzeroupper, clflush, clflushopt, clwb, hv, serialize, rdtscp, rdpid, fsrm, f16c, cet_ibt, cet_ss
Processor Information for the first 8 processors :
  Max Mhz: 3300, Current Mhz: 3300, Mhz Limit: 3300

Memory: 4k page, system-wide physical 7930M (1358M free)
TotalPageFile size 9978M (AvailPageFile size 14M)
current process WorkingSet (physical memory assigned to process): 202M, peak: 203M
current process commit charge ("private bytes"): 295M, peak: 299M

vm_info: OpenJDK 64-Bit Server VM (21.0.6+7-LTS) for windows-amd64 JRE (21.0.6+7-LTS), built on 2025-01-21T00:00:00Z by "admin" with MS VC++ 17.7 (VS2022)

END.
