#
# There is insufficient memory for the Java Runtime Environment to continue.
# Native memory allocation (malloc) failed to allocate 1671376 bytes. Error detail: Chunk::new
# Possible reasons:
#   The system is out of physical RAM or swap space
#   This process is running with CompressedOops enabled, and the Java Heap may be blocking the growth of the native heap
# Possible solutions:
#   Reduce memory load on the system
#   Increase physical memory or swap space
#   Check if swap backing store is full
#   Decrease Java heap size (-Xmx/-Xms)
#   Decrease number of Java threads
#   Decrease Java thread stack sizes (-Xss)
#   Set larger code cache with -XX:ReservedCodeCacheSize=
#   JVM is running with Unscaled Compressed Oops mode in which the Java heap is
#     placed in the first 4GB address space. The Java Heap base address is the
#     maximum limit for the native heap growth. Please use -XX:HeapBaseMinAddress
#     to set the Java Heap base and to place the Java Heap above 4GB virtual address.
# This output file may be truncated or incomplete.
#
#  Out of Memory Error (arena.cpp:168), pid=10248, tid=10000
#
# JRE version: OpenJDK Runtime Environment Temurin-21.0.6+7 (21.0.6+7) (build 21.0.6+7-LTS)
# Java VM: OpenJDK 64-Bit Server VM Temurin-21.0.6+7 (21.0.6+7-LTS, mixed mode, sharing, tiered, compressed oops, compressed class ptrs, parallel gc, windows-amd64)
# No core dump will be written. Minidumps are not enabled by default on client versions of Windows
#

---------------  S U M M A R Y ------------

Command Line: --add-modules=ALL-SYSTEM --add-opens=java.base/java.util=ALL-UNNAMED --add-opens=java.base/java.lang=ALL-UNNAMED --add-opens=java.base/sun.nio.fs=ALL-UNNAMED -Declipse.application=org.eclipse.jdt.ls.core.id1 -Dosgi.bundles.defaultStartLevel=4 -Declipse.product=org.eclipse.jdt.ls.core.product -Djava.import.generatesMetadataFilesAtProjectRoot=false -DDetectVMInstallationsJob.disabled=true -Dfile.encoding=utf8 -XX:+UseParallelGC -XX:GCTimeRatio=4 -XX:AdaptiveSizePolicyWeight=90 -Dsun.zip.disableMemoryMapping=true -Xmx1G -Xms100m -Xlog:disable -javaagent:c:\Users\peme-\.cursor\extensions\redhat.java-1.41.1-win32-x64\lombok\lombok-1.18.36.jar -XX:+HeapDumpOnOutOfMemoryError -XX:HeapDumpPath=c:\Users\peme-\AppData\Roaming\Cursor\User\workspaceStorage\e45d05da9fe6984f595c8de2f5d05746\redhat.java -Daether.dependencyCollector.impl=bf c:\Users\peme-\.cursor\extensions\redhat.java-1.41.1-win32-x64\server\plugins\org.eclipse.equinox.launcher_1.7.0.v20250331-1702.jar -configuration c:\Users\peme-\AppData\Roaming\Cursor\User\globalStorage\redhat.java\1.41.1\config_win -data c:\Users\peme-\AppData\Roaming\Cursor\User\workspaceStorage\e45d05da9fe6984f595c8de2f5d05746\redhat.java\jdt_ws --pipe=\\.\pipe\lsp-701289f958d33d2a13602d8f3af3ae56-sock

Host: 12th Gen Intel(R) Core(TM) i3-12100, 8 cores, 7G,  Windows 11 , 64 bit Build 26100 (10.0.26100.3775)
Time: Fri Apr 25 11:52:56 2025 Malay Peninsula Standard Time elapsed time: 29.350540 seconds (0d 0h 0m 29s)

---------------  T H R E A D  ---------------

Current thread (0x000002b0eff964d0):  JavaThread "C2 CompilerThread1" daemon [_thread_in_native, id=10000, stack(0x000000b1b3d00000,0x000000b1b3e00000) (1024K)]


Current CompileTask:
C2:29350 9410       4       java.io.ObjectInputStream::readClassDesc (121 bytes)

Stack: [0x000000b1b3d00000,0x000000b1b3e00000]
Native frames: (J=compiled Java code, j=interpreted, Vv=VM code, C=native code)
V  [jvm.dll+0x6cdee9]
V  [jvm.dll+0x8a83d1]
V  [jvm.dll+0x8aa8fe]
V  [jvm.dll+0x8aafe3]
V  [jvm.dll+0x27f706]
V  [jvm.dll+0xc500d]
V  [jvm.dll+0xc5543]
V  [jvm.dll+0x3b6752]
V  [jvm.dll+0x382935]
V  [jvm.dll+0x381d9a]
V  [jvm.dll+0x2479f0]
V  [jvm.dll+0x246fcf]
V  [jvm.dll+0x1c75ee]
V  [jvm.dll+0x25685a]
V  [jvm.dll+0x254dfa]
V  [jvm.dll+0x3f0256]
V  [jvm.dll+0x851f8b]
V  [jvm.dll+0x6cc5ed]
C  [ucrtbase.dll+0x37b0]
C  [KERNEL32.DLL+0x2e8d7]
C  [ntdll.dll+0xb14fc]


---------------  P R O C E S S  ---------------

Threads class SMR info:
_java_thread_list=0x000002b0fa62db50, length=49, elements={
0x000002b08ffdac20, 0x000002b0a438e680, 0x000002b0a438f490, 0x000002b0a4394fe0,
0x000002b0a4398160, 0x000002b0a439aed0, 0x000002b0a43a1c30, 0x000002b0a43a5520,
0x000002b0a43a7820, 0x000002b090047c00, 0x000002b0eb3a0c20, 0x000002b0eb69f8e0,
0x000002b0ebc77490, 0x000002b0ebe6d530, 0x000002b0ebd9d400, 0x000002b0ebd49e10,
0x000002b0ebc764a0, 0x000002b0ebb0e450, 0x000002b0ebb0fe90, 0x000002b0ebb0ca10,
0x000002b0ebb0eae0, 0x000002b0ebb0d730, 0x000002b0ebb0f170, 0x000002b0ebb0f800,
0x000002b0ecb74310, 0x000002b0ecb76a70, 0x000002b0ecb75030, 0x000002b0ecb756c0,
0x000002b0ecb735f0, 0x000002b0ecb75d50, 0x000002b0ecb749a0, 0x000002b0ecb77100,
0x000002b0ecb73c80, 0x000002b0ecb784b0, 0x000002b0ecb79860, 0x000002b0ecb78b40,
0x000002b0ecb77790, 0x000002b0ecb791d0, 0x000002b0ebb0ddc0, 0x000002b0ecb577c0,
0x000002b0ecb56aa0, 0x000002b0ecb57130, 0x000002b0ecb556f0, 0x000002b0ecb55d80,
0x000002b0ecb59890, 0x000002b0ecb56410, 0x000002b0eff964d0, 0x000002b0ecb5b960,
0x000002b0ecb5ac40
}

Java Threads: ( => current thread )
  0x000002b08ffdac20 JavaThread "main"                              [_thread_blocked, id=11924, stack(0x000000b1b3000000,0x000000b1b3100000) (1024K)]
  0x000002b0a438e680 JavaThread "Reference Handler"          daemon [_thread_blocked, id=8348, stack(0x000000b1b3400000,0x000000b1b3500000) (1024K)]
  0x000002b0a438f490 JavaThread "Finalizer"                  daemon [_thread_blocked, id=9456, stack(0x000000b1b3500000,0x000000b1b3600000) (1024K)]
  0x000002b0a4394fe0 JavaThread "Signal Dispatcher"          daemon [_thread_blocked, id=5348, stack(0x000000b1b3600000,0x000000b1b3700000) (1024K)]
  0x000002b0a4398160 JavaThread "Attach Listener"            daemon [_thread_blocked, id=11036, stack(0x000000b1b3700000,0x000000b1b3800000) (1024K)]
  0x000002b0a439aed0 JavaThread "Service Thread"             daemon [_thread_blocked, id=4704, stack(0x000000b1b3800000,0x000000b1b3900000) (1024K)]
  0x000002b0a43a1c30 JavaThread "Monitor Deflation Thread"   daemon [_thread_blocked, id=1540, stack(0x000000b1b3900000,0x000000b1b3a00000) (1024K)]
  0x000002b0a43a5520 JavaThread "C2 CompilerThread0"         daemon [_thread_blocked, id=2040, stack(0x000000b1b3a00000,0x000000b1b3b00000) (1024K)]
  0x000002b0a43a7820 JavaThread "C1 CompilerThread0"         daemon [_thread_blocked, id=6616, stack(0x000000b1b3b00000,0x000000b1b3c00000) (1024K)]
  0x000002b090047c00 JavaThread "Common-Cleaner"             daemon [_thread_blocked, id=9672, stack(0x000000b1b3c00000,0x000000b1b3d00000) (1024K)]
  0x000002b0eb3a0c20 JavaThread "Notification Thread"        daemon [_thread_blocked, id=8412, stack(0x000000b1b3e00000,0x000000b1b3f00000) (1024K)]
  0x000002b0eb69f8e0 JavaThread "Active Thread: Equinox Container: 8a16395b-6575-41c6-b1a2-e6be34131cc5"        [_thread_blocked, id=6072, stack(0x000000b1b4600000,0x000000b1b4700000) (1024K)]
  0x000002b0ebc77490 JavaThread "Refresh Thread: Equinox Container: 8a16395b-6575-41c6-b1a2-e6be34131cc5" daemon [_thread_blocked, id=8320, stack(0x000000b1b4700000,0x000000b1b4800000) (1024K)]
  0x000002b0ebe6d530 JavaThread "Framework Event Dispatcher: Equinox Container: 8a16395b-6575-41c6-b1a2-e6be34131cc5" daemon [_thread_blocked, id=12580, stack(0x000000b1b4900000,0x000000b1b4a00000) (1024K)]
  0x000002b0ebd9d400 JavaThread "Start Level: Equinox Container: 8a16395b-6575-41c6-b1a2-e6be34131cc5" daemon [_thread_blocked, id=6636, stack(0x000000b1b4a00000,0x000000b1b4b00000) (1024K)]
  0x000002b0ebd49e10 JavaThread "Bundle File Closer"         daemon [_thread_blocked, id=9756, stack(0x000000b1b4b00000,0x000000b1b4c00000) (1024K)]
  0x000002b0ebc764a0 JavaThread "SCR Component Actor"        daemon [_thread_blocked, id=9564, stack(0x000000b1b4c00000,0x000000b1b4d00000) (1024K)]
  0x000002b0ebb0e450 JavaThread "Worker-JM"                         [_thread_blocked, id=4196, stack(0x000000b1b4e00000,0x000000b1b4f00000) (1024K)]
  0x000002b0ebb0fe90 JavaThread "JNA Cleaner"                daemon [_thread_blocked, id=11548, stack(0x000000b1b4f00000,0x000000b1b5000000) (1024K)]
  0x000002b0ebb0ca10 JavaThread "Worker-0"                          [_thread_blocked, id=13980, stack(0x000000b1b5000000,0x000000b1b5100000) (1024K)]
  0x000002b0ebb0eae0 JavaThread "Worker-1"                          [_thread_blocked, id=9688, stack(0x000000b1b5100000,0x000000b1b5200000) (1024K)]
  0x000002b0ebb0d730 JavaThread "Worker-2"                          [_thread_blocked, id=8044, stack(0x000000b1b5200000,0x000000b1b5300000) (1024K)]
  0x000002b0ebb0f170 JavaThread "Java indexing"              daemon [_thread_blocked, id=13652, stack(0x000000b1b5300000,0x000000b1b5400000) (1024K)]
  0x000002b0ebb0f800 JavaThread "Worker-3: Java indexing... "        [_thread_blocked, id=8692, stack(0x000000b1b5700000,0x000000b1b5800000) (1024K)]
  0x000002b0ecb74310 JavaThread "Thread-2"                   daemon [_thread_in_native, id=12548, stack(0x000000b1b5800000,0x000000b1b5900000) (1024K)]
  0x000002b0ecb76a70 JavaThread "Thread-3"                   daemon [_thread_in_native, id=1756, stack(0x000000b1b5900000,0x000000b1b5a00000) (1024K)]
  0x000002b0ecb75030 JavaThread "Thread-4"                   daemon [_thread_in_native, id=10096, stack(0x000000b1b5a00000,0x000000b1b5b00000) (1024K)]
  0x000002b0ecb756c0 JavaThread "Thread-5"                   daemon [_thread_in_native, id=14080, stack(0x000000b1b5b00000,0x000000b1b5c00000) (1024K)]
  0x000002b0ecb735f0 JavaThread "Thread-6"                   daemon [_thread_in_native, id=1488, stack(0x000000b1b5c00000,0x000000b1b5d00000) (1024K)]
  0x000002b0ecb75d50 JavaThread "Thread-7"                   daemon [_thread_in_native, id=7704, stack(0x000000b1b5d00000,0x000000b1b5e00000) (1024K)]
  0x000002b0ecb749a0 JavaThread "Thread-8"                   daemon [_thread_in_native, id=4232, stack(0x000000b1b5e00000,0x000000b1b5f00000) (1024K)]
  0x000002b0ecb77100 JavaThread "Thread-9"                   daemon [_thread_in_native, id=3768, stack(0x000000b1b5f00000,0x000000b1b6000000) (1024K)]
  0x000002b0ecb73c80 JavaThread "Thread-10"                  daemon [_thread_in_native, id=12436, stack(0x000000b1b6000000,0x000000b1b6100000) (1024K)]
  0x000002b0ecb784b0 JavaThread "pool-2-thread-1"                   [_thread_blocked, id=9608, stack(0x000000b1b6100000,0x000000b1b6200000) (1024K)]
  0x000002b0ecb79860 JavaThread "Worker-4"                          [_thread_blocked, id=12136, stack(0x000000b1b6200000,0x000000b1b6300000) (1024K)]
  0x000002b0ecb78b40 JavaThread "Worker-5: Initialize Workspace"        [_thread_blocked, id=5888, stack(0x000000b1b6300000,0x000000b1b6400000) (1024K)]
  0x000002b0ecb77790 JavaThread "WorkspaceEventsHandler"            [_thread_blocked, id=8544, stack(0x000000b1b6400000,0x000000b1b6500000) (1024K)]
  0x000002b0ecb791d0 JavaThread "pool-1-thread-1"                   [_thread_blocked, id=10500, stack(0x000000b1b6500000,0x000000b1b6600000) (1024K)]
  0x000002b0ebb0ddc0 JavaThread "Timer-0"                           [_thread_blocked, id=1792, stack(0x000000b1b4d00000,0x000000b1b4e00000) (1024K)]
  0x000002b0ecb577c0 JavaThread "Exec process"                      [_thread_blocked, id=2164, stack(0x000000b1b6700000,0x000000b1b6800000) (1024K)]
  0x000002b0ecb56aa0 JavaThread "Exec process Thread 2"             [_thread_blocked, id=13216, stack(0x000000b1b6800000,0x000000b1b6900000) (1024K)]
  0x000002b0ecb57130 JavaThread "Exec process Thread 3"             [_thread_blocked, id=12884, stack(0x000000b1b6900000,0x000000b1b6a00000) (1024K)]
  0x000002b0ecb556f0 JavaThread "Timer-1"                           [_thread_blocked, id=7784, stack(0x000000b1b6600000,0x000000b1b6700000) (1024K)]
  0x000002b0ecb55d80 JavaThread "Timer-2"                           [_thread_blocked, id=6032, stack(0x000000b1b6a00000,0x000000b1b6b00000) (1024K)]
  0x000002b0ecb59890 JavaThread "Timer-3"                           [_thread_blocked, id=10232, stack(0x000000b1b6b00000,0x000000b1b6c00000) (1024K)]
  0x000002b0ecb56410 JavaThread "Timer-4"                           [_thread_blocked, id=5844, stack(0x000000b1b6c00000,0x000000b1b6d00000) (1024K)]
=>0x000002b0eff964d0 JavaThread "C2 CompilerThread1"         daemon [_thread_in_native, id=10000, stack(0x000000b1b3d00000,0x000000b1b3e00000) (1024K)]
  0x000002b0ecb5b960 JavaThread "Timer-5"                           [_thread_blocked, id=13772, stack(0x000000b1b3f00000,0x000000b1b4000000) (1024K)]
  0x000002b0ecb5ac40 JavaThread "Connection worker"                 [_thread_blocked, id=4244, stack(0x000000b1b6d00000,0x000000b1b6e00000) (1024K)]
Total: 49

Other Threads:
  0x000002b0a43725f0 VMThread "VM Thread"                           [id=7420, stack(0x000000b1b3300000,0x000000b1b3400000) (1024K)]
  0x000002b0a42aca00 WatcherThread "VM Periodic Task Thread"        [id=13520, stack(0x000000b1b3200000,0x000000b1b3300000) (1024K)]
  0x000002b08fff8ff0 WorkerThread "GC Thread#0"                     [id=9256, stack(0x000000b1b3100000,0x000000b1b3200000) (1024K)]
  0x000002b0eb359890 WorkerThread "GC Thread#1"                     [id=6700, stack(0x000000b1b4000000,0x000000b1b4100000) (1024K)]
  0x000002b0eb784980 WorkerThread "GC Thread#2"                     [id=11904, stack(0x000000b1b4100000,0x000000b1b4200000) (1024K)]
  0x000002b0eb7fe180 WorkerThread "GC Thread#3"                     [id=13916, stack(0x000000b1b4200000,0x000000b1b4300000) (1024K)]
  0x000002b0eb7fe520 WorkerThread "GC Thread#4"                     [id=14108, stack(0x000000b1b4300000,0x000000b1b4400000) (1024K)]
  0x000002b0eb7fe8c0 WorkerThread "GC Thread#5"                     [id=11972, stack(0x000000b1b4400000,0x000000b1b4500000) (1024K)]
  0x000002b0eb62aae0 WorkerThread "GC Thread#6"                     [id=14164, stack(0x000000b1b4500000,0x000000b1b4600000) (1024K)]
  0x000002b0ebdb3540 WorkerThread "GC Thread#7"                     [id=13096, stack(0x000000b1b4800000,0x000000b1b4900000) (1024K)]
Total: 10

Threads with active compile tasks:
C2 CompilerThread0  29361 9465       4       java.util.regex.Pattern$BnM::optimize (179 bytes)
C2 CompilerThread1  29361 9410       4       java.io.ObjectInputStream::readClassDesc (121 bytes)
Total: 2

VM state: at safepoint (normal execution)

VM Mutex/Monitor currently owned by a thread:  ([mutex/lock_event])
[0x00007ffb623fe380] Threads_lock - owner thread: 0x000002b0a43725f0
[0x00007ffb623fe480] Heap_lock - owner thread: 0x000002b0ebb0f170

Heap address: 0x00000000c0000000, size: 1024 MB, Compressed Oops mode: 32-bit

CDS archive(s) mapped at: [0x000002b0a5000000-0x000002b0a5ba0000-0x000002b0a5ba0000), size 12189696, SharedBaseAddress: 0x000002b0a5000000, ArchiveRelocationMode: 1.
Compressed class space mapped at: 0x000002b0a6000000-0x000002b0e6000000, reserved size: 1073741824
Narrow klass base: 0x000002b0a5000000, Narrow klass shift: 0, Narrow klass range: 0x100000000

GC Precious Log:
 CardTable entry size: 512
 CPUs: 8 total, 8 available
 Memory: 7930M
 Large Page Support: Disabled
 NUMA Support: Disabled
 Compressed Oops: Enabled (32-bit)
 Alignments: Space 512K, Generation 512K, Heap 2M
 Heap Min Capacity: 100M
 Heap Initial Capacity: 100M
 Heap Max Capacity: 1G
 Pre-touch: Disabled
 Parallel Workers: 8

Heap:
 PSYoungGen      total 10240K, used 3058K [0x00000000eab00000, 0x00000000eb980000, 0x0000000100000000)
  eden space 7168K, 0% used [0x00000000eab00000,0x00000000eab00000,0x00000000eb200000)
  from space 3072K, 99% used [0x00000000eb500000,0x00000000eb7fc9e8,0x00000000eb800000)
  to   space 3072K, 0% used [0x00000000eb200000,0x00000000eb200000,0x00000000eb500000)
 ParOldGen       total 354304K, used 329390K [0x00000000c0000000, 0x00000000d5a00000, 0x00000000eab00000)
  object space 354304K, 92% used [0x00000000c0000000,0x00000000d41aba10,0x00000000d5a00000)
 Metaspace       used 67813K, committed 69312K, reserved 1114112K
  class space    used 8178K, committed 8832K, reserved 1048576K

Card table byte_map: [0x000002b08f980000,0x000002b08fb90000] _byte_map_base: 0x000002b08f380000

Marking Bits: (ParMarkBitMap*) 0x00007ffb62403260
 Begin Bits: [0x000002b0a21d0000, 0x000002b0a31d0000)
 End Bits:   [0x000002b0a31d0000, 0x000002b0a41d0000)

Polling page: 0x000002b08de40000

Metaspace:

Usage:
  Non-class:     58.24 MB used.
      Class:      7.99 MB used.
       Both:     66.22 MB used.

Virtual space:
  Non-class space:       64.00 MB reserved,      59.06 MB ( 92%) committed,  1 nodes.
      Class space:        1.00 GB reserved,       8.62 MB ( <1%) committed,  1 nodes.
             Both:        1.06 GB reserved,      67.69 MB (  6%) committed. 

Chunk freelists:
   Non-Class:  4.03 MB
       Class:  7.31 MB
        Both:  11.34 MB

MaxMetaspaceSize: unlimited
CompressedClassSpaceSize: 1.00 GB
Initial GC threshold: 21.00 MB
Current GC threshold: 112.75 MB
CDS: on
 - commit_granule_bytes: 65536.
 - commit_granule_words: 8192.
 - virtual_space_node_default_size: 8388608.
 - enlarge_chunks_in_place: 1.
 - use_allocation_guard: 0.


Internal statistics:

num_allocs_failed_limit: 13.
num_arena_births: 1236.
num_arena_deaths: 14.
num_vsnodes_births: 2.
num_vsnodes_deaths: 0.
num_space_committed: 1083.
num_space_uncommitted: 0.
num_chunks_returned_to_freelist: 27.
num_chunks_taken_from_freelist: 4224.
num_chunk_merges: 19.
num_chunk_splits: 2726.
num_chunks_enlarged: 1709.
num_inconsistent_stats: 0.

CodeHeap 'non-profiled nmethods': size=120000Kb used=6677Kb max_used=7470Kb free=113322Kb
 bounds [0x000002b09aca0000, 0x000002b09b3f0000, 0x000002b0a21d0000]
CodeHeap 'profiled nmethods': size=120000Kb used=14188Kb max_used=18017Kb free=105811Kb
 bounds [0x000002b0931d0000, 0x000002b094370000, 0x000002b09a700000]
CodeHeap 'non-nmethods': size=5760Kb used=1412Kb max_used=1518Kb free=4347Kb
 bounds [0x000002b09a700000, 0x000002b09a970000, 0x000002b09aca0000]
 total_blobs=8303 nmethods=7582 adapters=627
 compilation: enabled
              stopped_count=0, restarted_count=0
 full_count=0

Compilation events (20 events):
Event: 27.328 Thread 0x000002b0a43a7820 9467       3       java.lang.ThreadLocal::nextHashCode (9 bytes)
Event: 27.328 Thread 0x000002b0a43a7820 nmethod 9467 0x000002b0931d4290 code [0x000002b0931d4440, 0x000002b0931d4570]
Event: 27.329 Thread 0x000002b0a43a7820 9468       3       org.gradle.tooling.internal.adapter.ProtocolToModelAdapter$MethodInvocationCache$MethodInvocationKey::eq (16 bytes)
Event: 27.329 Thread 0x000002b0a43a7820 nmethod 9468 0x000002b0931e9310 code [0x000002b0931e94e0, 0x000002b0931e9790]
Event: 27.329 Thread 0x000002b0a43a7820 9469       3       org.gradle.tooling.internal.adapter.ProtocolToModelAdapter$MethodInvocationCache$MethodInvocationKey::eq (41 bytes)
Event: 27.329 Thread 0x000002b0a43a7820 nmethod 9469 0x000002b09338d510 code [0x000002b09338d720, 0x000002b09338dc80]
Event: 27.329 Thread 0x000002b0a43a7820 9470       3       com.google.common.collect.ImmutableList$Builder::add (34 bytes)
Event: 27.330 Thread 0x000002b0a43a7820 nmethod 9470 0x000002b093347710 code [0x000002b0933478e0, 0x000002b093347d10]
Event: 27.330 Thread 0x000002b0a43a7820 9471       1       com.google.common.base.Present::orNull (5 bytes)
Event: 27.331 Thread 0x000002b0a43a7820 nmethod 9471 0x000002b09aee9290 code [0x000002b09aee9420, 0x000002b09aee94e8]
Event: 27.331 Thread 0x000002b0a43a7820 9473       3       java.util.stream.Collectors::toList (26 bytes)
Event: 27.331 Thread 0x000002b0a43a7820 nmethod 9473 0x000002b093286f90 code [0x000002b0932871a0, 0x000002b093287730]
Event: 27.331 Thread 0x000002b0a43a7820 9474       3       java.util.stream.Collectors$$Lambda/0x000002b0a62ccf20::get (8 bytes)
Event: 27.331 Thread 0x000002b0a43a7820 nmethod 9474 0x000002b09320db90 code [0x000002b09320dd60, 0x000002b09320e060]
Event: 27.331 Thread 0x000002b0a43a7820 9475       3       org.gradle.process.internal.JvmOptions::isDebugArg (33 bytes)
Event: 27.331 Thread 0x000002b0a43a7820 nmethod 9475 0x000002b09330c610 code [0x000002b09330c800, 0x000002b09330cb40]
Event: 27.331 Thread 0x000002b0a43a7820 9476       1       org.gradle.internal.reflect.ReflectionCache$CacheEntry::access$200 (5 bytes)
Event: 27.331 Thread 0x000002b0a43a7820 nmethod 9476 0x000002b09af76890 code [0x000002b09af76a20, 0x000002b09af76ad0]
Event: 27.331 Thread 0x000002b0a43a7820 9477       3       jdk.internal.misc.Unsafe::getAndBitwiseAndInt (27 bytes)
Event: 27.331 Thread 0x000002b0a43a7820 nmethod 9477 0x000002b09321b410 code [0x000002b09321b5c0, 0x000002b09321b7f0]

GC Heap History (20 events):
Event: 17.180 GC heap after
{Heap after GC invocations=314 (full 3):
 PSYoungGen      total 8704K, used 1535K [0x00000000eab00000, 0x00000000ebb00000, 0x0000000100000000)
  eden space 7168K, 0% used [0x00000000eab00000,0x00000000eab00000,0x00000000eb200000)
  from space 1536K, 99% used [0x00000000eb580000,0x00000000eb6ffe30,0x00000000eb700000)
  to   space 4096K, 0% used [0x00000000eb700000,0x00000000eb700000,0x00000000ebb00000)
 ParOldGen       total 339456K, used 339377K [0x00000000c0000000, 0x00000000d4b80000, 0x00000000eab00000)
  object space 339456K, 99% used [0x00000000c0000000,0x00000000d4b6c728,0x00000000d4b80000)
 Metaspace       used 66889K, committed 68352K, reserved 1114112K
  class space    used 8042K, committed 8704K, reserved 1048576K
}
Event: 17.210 GC heap before
{Heap before GC invocations=315 (full 3):
 PSYoungGen      total 8704K, used 8703K [0x00000000eab00000, 0x00000000ebb00000, 0x0000000100000000)
  eden space 7168K, 100% used [0x00000000eab00000,0x00000000eb200000,0x00000000eb200000)
  from space 1536K, 99% used [0x00000000eb580000,0x00000000eb6ffe30,0x00000000eb700000)
  to   space 4096K, 0% used [0x00000000eb700000,0x00000000eb700000,0x00000000ebb00000)
 ParOldGen       total 339456K, used 339377K [0x00000000c0000000, 0x00000000d4b80000, 0x00000000eab00000)
  object space 339456K, 99% used [0x00000000c0000000,0x00000000d4b6c728,0x00000000d4b80000)
 Metaspace       used 66906K, committed 68352K, reserved 1114112K
  class space    used 8046K, committed 8704K, reserved 1048576K
}
Event: 17.214 GC heap after
{Heap after GC invocations=315 (full 3):
 PSYoungGen      total 8192K, used 752K [0x00000000eab00000, 0x00000000eb800000, 0x0000000100000000)
  eden space 7168K, 0% used [0x00000000eab00000,0x00000000eab00000,0x00000000eb200000)
  from space 1024K, 73% used [0x00000000eb700000,0x00000000eb7bc000,0x00000000eb800000)
  to   space 2048K, 0% used [0x00000000eb400000,0x00000000eb400000,0x00000000eb600000)
 ParOldGen       total 340992K, used 340935K [0x00000000c0000000, 0x00000000d4d00000, 0x00000000eab00000)
  object space 340992K, 99% used [0x00000000c0000000,0x00000000d4cf1f90,0x00000000d4d00000)
 Metaspace       used 66906K, committed 68352K, reserved 1114112K
  class space    used 8046K, committed 8704K, reserved 1048576K
}
Event: 17.244 GC heap before
{Heap before GC invocations=316 (full 3):
 PSYoungGen      total 8192K, used 7920K [0x00000000eab00000, 0x00000000eb800000, 0x0000000100000000)
  eden space 7168K, 100% used [0x00000000eab00000,0x00000000eb200000,0x00000000eb200000)
  from space 1024K, 73% used [0x00000000eb700000,0x00000000eb7bc000,0x00000000eb800000)
  to   space 2048K, 0% used [0x00000000eb400000,0x00000000eb400000,0x00000000eb600000)
 ParOldGen       total 340992K, used 340935K [0x00000000c0000000, 0x00000000d4d00000, 0x00000000eab00000)
  object space 340992K, 99% used [0x00000000c0000000,0x00000000d4cf1f90,0x00000000d4d00000)
 Metaspace       used 66906K, committed 68352K, reserved 1114112K
  class space    used 8046K, committed 8704K, reserved 1048576K
}
Event: 17.247 GC heap after
{Heap after GC invocations=316 (full 3):
 PSYoungGen      total 9216K, used 2027K [0x00000000eab00000, 0x00000000eb780000, 0x0000000100000000)
  eden space 7168K, 0% used [0x00000000eab00000,0x00000000eab00000,0x00000000eb200000)
  from space 2048K, 99% used [0x00000000eb400000,0x00000000eb5fae60,0x00000000eb600000)
  to   space 1536K, 0% used [0x00000000eb600000,0x00000000eb600000,0x00000000eb780000)
 ParOldGen       total 342016K, used 341566K [0x00000000c0000000, 0x00000000d4e00000, 0x00000000eab00000)
  object space 342016K, 99% used [0x00000000c0000000,0x00000000d4d8fa38,0x00000000d4e00000)
 Metaspace       used 66906K, committed 68352K, reserved 1114112K
  class space    used 8046K, committed 8704K, reserved 1048576K
}
Event: 17.275 GC heap before
{Heap before GC invocations=317 (full 3):
 PSYoungGen      total 9216K, used 9195K [0x00000000eab00000, 0x00000000eb780000, 0x0000000100000000)
  eden space 7168K, 100% used [0x00000000eab00000,0x00000000eb200000,0x00000000eb200000)
  from space 2048K, 99% used [0x00000000eb400000,0x00000000eb5fae60,0x00000000eb600000)
  to   space 1536K, 0% used [0x00000000eb600000,0x00000000eb600000,0x00000000eb780000)
 ParOldGen       total 342016K, used 341566K [0x00000000c0000000, 0x00000000d4e00000, 0x00000000eab00000)
  object space 342016K, 99% used [0x00000000c0000000,0x00000000d4d8fa38,0x00000000d4e00000)
 Metaspace       used 66906K, committed 68352K, reserved 1114112K
  class space    used 8046K, committed 8704K, reserved 1048576K
}
Event: 17.279 GC heap after
{Heap after GC invocations=317 (full 3):
 PSYoungGen      total 8192K, used 731K [0x00000000eab00000, 0x00000000eb700000, 0x0000000100000000)
  eden space 7168K, 0% used [0x00000000eab00000,0x00000000eab00000,0x00000000eb200000)
  from space 1024K, 71% used [0x00000000eb600000,0x00000000eb6b6f48,0x00000000eb700000)
  to   space 1536K, 0% used [0x00000000eb400000,0x00000000eb400000,0x00000000eb580000)
 ParOldGen       total 344064K, used 343508K [0x00000000c0000000, 0x00000000d5000000, 0x00000000eab00000)
  object space 344064K, 99% used [0x00000000c0000000,0x00000000d4f75338,0x00000000d5000000)
 Metaspace       used 66906K, committed 68352K, reserved 1114112K
  class space    used 8046K, committed 8704K, reserved 1048576K
}
Event: 17.339 GC heap before
{Heap before GC invocations=318 (full 3):
 PSYoungGen      total 8192K, used 7899K [0x00000000eab00000, 0x00000000eb700000, 0x0000000100000000)
  eden space 7168K, 100% used [0x00000000eab00000,0x00000000eb200000,0x00000000eb200000)
  from space 1024K, 71% used [0x00000000eb600000,0x00000000eb6b6f48,0x00000000eb700000)
  to   space 1536K, 0% used [0x00000000eb400000,0x00000000eb400000,0x00000000eb580000)
 ParOldGen       total 344064K, used 343508K [0x00000000c0000000, 0x00000000d5000000, 0x00000000eab00000)
  object space 344064K, 99% used [0x00000000c0000000,0x00000000d4f75338,0x00000000d5000000)
 Metaspace       used 67028K, committed 68544K, reserved 1114112K
  class space    used 8065K, committed 8704K, reserved 1048576K
}
Event: 17.346 GC heap after
{Heap after GC invocations=318 (full 3):
 PSYoungGen      total 8704K, used 1527K [0x00000000eab00000, 0x00000000eb900000, 0x0000000100000000)
  eden space 7168K, 0% used [0x00000000eab00000,0x00000000eab00000,0x00000000eb200000)
  from space 1536K, 99% used [0x00000000eb400000,0x00000000eb57dfb0,0x00000000eb580000)
  to   space 3584K, 0% used [0x00000000eb580000,0x00000000eb580000,0x00000000eb900000)
 ParOldGen       total 345088K, used 345072K [0x00000000c0000000, 0x00000000d5100000, 0x00000000eab00000)
  object space 345088K, 99% used [0x00000000c0000000,0x00000000d50fc298,0x00000000d5100000)
 Metaspace       used 67028K, committed 68544K, reserved 1114112K
  class space    used 8065K, committed 8704K, reserved 1048576K
}
Event: 17.389 GC heap before
{Heap before GC invocations=319 (full 3):
 PSYoungGen      total 8704K, used 8695K [0x00000000eab00000, 0x00000000eb900000, 0x0000000100000000)
  eden space 7168K, 100% used [0x00000000eab00000,0x00000000eb200000,0x00000000eb200000)
  from space 1536K, 99% used [0x00000000eb400000,0x00000000eb57dfb0,0x00000000eb580000)
  to   space 3584K, 0% used [0x00000000eb580000,0x00000000eb580000,0x00000000eb900000)
 ParOldGen       total 345088K, used 345072K [0x00000000c0000000, 0x00000000d5100000, 0x00000000eab00000)
  object space 345088K, 99% used [0x00000000c0000000,0x00000000d50fc298,0x00000000d5100000)
 Metaspace       used 67126K, committed 68672K, reserved 1114112K
  class space    used 8077K, committed 8768K, reserved 1048576K
}
Event: 17.392 GC heap after
{Heap after GC invocations=319 (full 3):
 PSYoungGen      total 10752K, used 3319K [0x00000000eab00000, 0x00000000eb900000, 0x0000000100000000)
  eden space 7168K, 0% used [0x00000000eab00000,0x00000000eab00000,0x00000000eb200000)
  from space 3584K, 92% used [0x00000000eb580000,0x00000000eb8bdd90,0x00000000eb900000)
  to   space 3584K, 0% used [0x00000000eb200000,0x00000000eb200000,0x00000000eb580000)
 ParOldGen       total 347136K, used 347069K [0x00000000c0000000, 0x00000000d5300000, 0x00000000eab00000)
  object space 347136K, 99% used [0x00000000c0000000,0x00000000d52ef7c8,0x00000000d5300000)
 Metaspace       used 67126K, committed 68672K, reserved 1114112K
  class space    used 8077K, committed 8768K, reserved 1048576K
}
Event: 17.432 GC heap before
{Heap before GC invocations=320 (full 3):
 PSYoungGen      total 10752K, used 10487K [0x00000000eab00000, 0x00000000eb900000, 0x0000000100000000)
  eden space 7168K, 100% used [0x00000000eab00000,0x00000000eb200000,0x00000000eb200000)
  from space 3584K, 92% used [0x00000000eb580000,0x00000000eb8bdd90,0x00000000eb900000)
  to   space 3584K, 0% used [0x00000000eb200000,0x00000000eb200000,0x00000000eb580000)
 ParOldGen       total 347136K, used 347069K [0x00000000c0000000, 0x00000000d5300000, 0x00000000eab00000)
  object space 347136K, 99% used [0x00000000c0000000,0x00000000d52ef7c8,0x00000000d5300000)
 Metaspace       used 67416K, committed 68992K, reserved 1114112K
  class space    used 8116K, committed 8832K, reserved 1048576K
}
Event: 17.436 GC heap after
{Heap after GC invocations=320 (full 3):
 PSYoungGen      total 9728K, used 2483K [0x00000000eab00000, 0x00000000eb800000, 0x0000000100000000)
  eden space 7168K, 0% used [0x00000000eab00000,0x00000000eab00000,0x00000000eb200000)
  from space 2560K, 97% used [0x00000000eb200000,0x00000000eb46cfd0,0x00000000eb480000)
  to   space 3072K, 0% used [0x00000000eb500000,0x00000000eb500000,0x00000000eb800000)
 ParOldGen       total 352256K, used 351663K [0x00000000c0000000, 0x00000000d5800000, 0x00000000eab00000)
  object space 352256K, 99% used [0x00000000c0000000,0x00000000d576bf28,0x00000000d5800000)
 Metaspace       used 67416K, committed 68992K, reserved 1114112K
  class space    used 8116K, committed 8832K, reserved 1048576K
}
Event: 17.548 GC heap before
{Heap before GC invocations=321 (full 3):
 PSYoungGen      total 9728K, used 9294K [0x00000000eab00000, 0x00000000eb800000, 0x0000000100000000)
  eden space 7168K, 95% used [0x00000000eab00000,0x00000000eb1a69c0,0x00000000eb200000)
  from space 2560K, 97% used [0x00000000eb200000,0x00000000eb46cfd0,0x00000000eb480000)
  to   space 3072K, 0% used [0x00000000eb500000,0x00000000eb500000,0x00000000eb800000)
 ParOldGen       total 352256K, used 351663K [0x00000000c0000000, 0x00000000d5800000, 0x00000000eab00000)
  object space 352256K, 99% used [0x00000000c0000000,0x00000000d576bf28,0x00000000d5800000)
 Metaspace       used 67732K, committed 69248K, reserved 1114112K
  class space    used 8160K, committed 8832K, reserved 1048576K
}
Event: 24.692 GC heap after
{Heap after GC invocations=321 (full 3):
 PSYoungGen      total 9728K, used 9294K [0x00000000eab00000, 0x00000000eb800000, 0x0000000100000000)
  eden space 7168K, 95% used [0x00000000eab00000,0x00000000eb1a69c0,0x00000000eb200000)
  from space 2560K, 97% used [0x00000000eb200000,0x00000000eb46cfd0,0x00000000eb480000)
  to   space 3072K, 99% used [0x00000000eb500000,0x00000000eb7fac90,0x00000000eb800000)
 ParOldGen       total 353792K, used 353320K [0x00000000c0000000, 0x00000000d5980000, 0x00000000eab00000)
  object space 353792K, 99% used [0x00000000c0000000,0x00000000d590a160,0x00000000d5980000)
 Metaspace       used 67732K, committed 69248K, reserved 1114112K
  class space    used 8160K, committed 8832K, reserved 1048576K
}
Event: 24.692 GC heap before
{Heap before GC invocations=322 (full 4):
 PSYoungGen      total 9728K, used 9294K [0x00000000eab00000, 0x00000000eb800000, 0x0000000100000000)
  eden space 7168K, 95% used [0x00000000eab00000,0x00000000eb1a69c0,0x00000000eb200000)
  from space 2560K, 97% used [0x00000000eb200000,0x00000000eb46cfd0,0x00000000eb480000)
  to   space 3072K, 99% used [0x00000000eb500000,0x00000000eb7fac90,0x00000000eb800000)
 ParOldGen       total 353792K, used 353320K [0x00000000c0000000, 0x00000000d5980000, 0x00000000eab00000)
  object space 353792K, 99% used [0x00000000c0000000,0x00000000d590a160,0x00000000d5980000)
 Metaspace       used 67732K, committed 69248K, reserved 1114112K
  class space    used 8160K, committed 8832K, reserved 1048576K
}
Event: 25.235 GC heap after
{Heap after GC invocations=322 (full 4):
 PSYoungGen      total 10240K, used 0K [0x00000000eab00000, 0x00000000eb980000, 0x0000000100000000)
  eden space 7168K, 0% used [0x00000000eab00000,0x00000000eab00000,0x00000000eb200000)
  from space 3072K, 0% used [0x00000000eb500000,0x00000000eb500000,0x00000000eb800000)
  to   space 3072K, 0% used [0x00000000eb200000,0x00000000eb200000,0x00000000eb500000)
 ParOldGen       total 354304K, used 319572K [0x00000000c0000000, 0x00000000d5a00000, 0x00000000eab00000)
  object space 354304K, 90% used [0x00000000c0000000,0x00000000d3815378,0x00000000d5a00000)
 Metaspace       used 67732K, committed 69248K, reserved 1114112K
  class space    used 8160K, committed 8832K, reserved 1048576K
}
Event: 25.288 GC heap before
{Heap before GC invocations=323 (full 4):
 PSYoungGen      total 10240K, used 7112K [0x00000000eab00000, 0x00000000eb980000, 0x0000000100000000)
  eden space 7168K, 99% used [0x00000000eab00000,0x00000000eb1f21d8,0x00000000eb200000)
  from space 3072K, 0% used [0x00000000eb500000,0x00000000eb500000,0x00000000eb800000)
  to   space 3072K, 0% used [0x00000000eb200000,0x00000000eb200000,0x00000000eb500000)
 ParOldGen       total 354304K, used 319572K [0x00000000c0000000, 0x00000000d5a00000, 0x00000000eab00000)
  object space 354304K, 90% used [0x00000000c0000000,0x00000000d3815378,0x00000000d5a00000)
 Metaspace       used 67752K, committed 69248K, reserved 1114112K
  class space    used 8163K, committed 8832K, reserved 1048576K
}
Event: 27.307 GC heap after
{Heap after GC invocations=323 (full 4):
 PSYoungGen      total 10240K, used 3059K [0x00000000eab00000, 0x00000000eb980000, 0x0000000100000000)
  eden space 7168K, 0% used [0x00000000eab00000,0x00000000eab00000,0x00000000eb200000)
  from space 3072K, 99% used [0x00000000eb200000,0x00000000eb4fce28,0x00000000eb500000)
  to   space 3072K, 0% used [0x00000000eb500000,0x00000000eb500000,0x00000000eb800000)
 ParOldGen       total 354304K, used 323419K [0x00000000c0000000, 0x00000000d5a00000, 0x00000000eab00000)
  object space 354304K, 91% used [0x00000000c0000000,0x00000000d3bd6c80,0x00000000d5a00000)
 Metaspace       used 67752K, committed 69248K, reserved 1114112K
  class space    used 8163K, committed 8832K, reserved 1048576K
}
Event: 27.370 GC heap before
{Heap before GC invocations=324 (full 4):
 PSYoungGen      total 10240K, used 10227K [0x00000000eab00000, 0x00000000eb980000, 0x0000000100000000)
  eden space 7168K, 100% used [0x00000000eab00000,0x00000000eb200000,0x00000000eb200000)
  from space 3072K, 99% used [0x00000000eb200000,0x00000000eb4fce28,0x00000000eb500000)
  to   space 3072K, 0% used [0x00000000eb500000,0x00000000eb500000,0x00000000eb800000)
 ParOldGen       total 354304K, used 323419K [0x00000000c0000000, 0x00000000d5a00000, 0x00000000eab00000)
  object space 354304K, 91% used [0x00000000c0000000,0x00000000d3bd6c80,0x00000000d5a00000)
 Metaspace       used 67813K, committed 69312K, reserved 1114112K
  class space    used 8178K, committed 8832K, reserved 1048576K
}

Dll operation events (15 events):
Event: 0.007 Loaded shared library c:\Users\peme-\.cursor\extensions\redhat.java-1.41.1-win32-x64\jre\21.0.6-win32-x86_64\bin\java.dll
Event: 0.135 Loaded shared library c:\Users\peme-\.cursor\extensions\redhat.java-1.41.1-win32-x64\jre\21.0.6-win32-x86_64\bin\zip.dll
Event: 0.156 Loaded shared library C:\Users\peme-\.cursor\extensions\redhat.java-1.41.1-win32-x64\jre\21.0.6-win32-x86_64\bin\instrument.dll
Event: 0.160 Loaded shared library C:\Users\peme-\.cursor\extensions\redhat.java-1.41.1-win32-x64\jre\21.0.6-win32-x86_64\bin\net.dll
Event: 0.164 Loaded shared library C:\Users\peme-\.cursor\extensions\redhat.java-1.41.1-win32-x64\jre\21.0.6-win32-x86_64\bin\nio.dll
Event: 0.169 Loaded shared library C:\Users\peme-\.cursor\extensions\redhat.java-1.41.1-win32-x64\jre\21.0.6-win32-x86_64\bin\zip.dll
Event: 0.188 Loaded shared library C:\Users\peme-\.cursor\extensions\redhat.java-1.41.1-win32-x64\jre\21.0.6-win32-x86_64\bin\jimage.dll
Event: 0.239 Loaded shared library c:\Users\peme-\.cursor\extensions\redhat.java-1.41.1-win32-x64\jre\21.0.6-win32-x86_64\bin\verify.dll
Event: 1.039 Loaded shared library C:\Users\peme-\AppData\Roaming\Cursor\User\globalStorage\redhat.java\1.41.1\config_win\org.eclipse.equinox.launcher\org.eclipse.equinox.launcher.win32.win32.x86_64_1.2.1300.v20250331-1702\eclipse_11911.dll
Event: 2.847 Loaded shared library C:\Users\peme-\AppData\Local\Temp\jna--2069927086\jna15888676309199600777.dll
Event: 10.450 Loaded shared library C:\Users\peme-\.gradle\native\68d5fa5c4cc2d200863cafc0d521ce42e7d3e7ee720ec0a83991735586a16f82\windows-amd64\native-platform.dll
Event: 12.023 Loaded shared library C:\Users\peme-\.cursor\extensions\redhat.java-1.41.1-win32-x64\jre\21.0.6-win32-x86_64\bin\management.dll
Event: 12.027 Loaded shared library C:\Users\peme-\.cursor\extensions\redhat.java-1.41.1-win32-x64\jre\21.0.6-win32-x86_64\bin\management_ext.dll
Event: 16.104 Loaded shared library C:\Users\peme-\.cursor\extensions\redhat.java-1.41.1-win32-x64\jre\21.0.6-win32-x86_64\bin\extnet.dll
Event: 16.198 Loaded shared library C:\Users\peme-\.cursor\extensions\redhat.java-1.41.1-win32-x64\jre\21.0.6-win32-x86_64\bin\sunmscapi.dll

Deoptimization events (20 events):
Event: 17.441 Thread 0x000002b0ecb5ac40 Uncommon trap: trap_request=0xffffffc6 fr.pc=0x000002b09b193b80 relative=0x00000000000006a0
Event: 17.441 Thread 0x000002b0ecb5ac40 Uncommon trap: reason=bimorphic_or_optimized_type_check action=maybe_recompile pc=0x000002b09b193b80 method=java.nio.channels.spi.AbstractInterruptibleChannel.close()V @ 23 c2
Event: 17.441 Thread 0x000002b0ecb5ac40 DEOPT PACKING pc=0x000002b09b193b80 sp=0x000000b1b6dfe140
Event: 17.441 Thread 0x000002b0ecb5ac40 DEOPT UNPACKING pc=0x000002b09a753aa2 sp=0x000000b1b6dfe120 mode 2
Event: 17.441 Thread 0x000002b0ecb5ac40 Uncommon trap: trap_request=0xffffffc6 fr.pc=0x000002b09b193b80 relative=0x00000000000006a0
Event: 17.441 Thread 0x000002b0ecb5ac40 Uncommon trap: reason=bimorphic_or_optimized_type_check action=maybe_recompile pc=0x000002b09b193b80 method=java.nio.channels.spi.AbstractInterruptibleChannel.close()V @ 23 c2
Event: 17.441 Thread 0x000002b0ecb5ac40 DEOPT PACKING pc=0x000002b09b193b80 sp=0x000000b1b6dfdf70
Event: 17.441 Thread 0x000002b0ecb5ac40 DEOPT UNPACKING pc=0x000002b09a753aa2 sp=0x000000b1b6dfdf50 mode 2
Event: 17.441 Thread 0x000002b0ecb5ac40 Uncommon trap: trap_request=0xffffffc6 fr.pc=0x000002b09b193b80 relative=0x00000000000006a0
Event: 17.441 Thread 0x000002b0ecb5ac40 Uncommon trap: reason=bimorphic_or_optimized_type_check action=maybe_recompile pc=0x000002b09b193b80 method=java.nio.channels.spi.AbstractInterruptibleChannel.close()V @ 23 c2
Event: 17.441 Thread 0x000002b0ecb5ac40 DEOPT PACKING pc=0x000002b09b193b80 sp=0x000000b1b6dfe140
Event: 17.441 Thread 0x000002b0ecb5ac40 DEOPT UNPACKING pc=0x000002b09a753aa2 sp=0x000000b1b6dfe120 mode 2
Event: 25.237 Thread 0x000002b0ebb0ca10 Uncommon trap: trap_request=0xffffffc6 fr.pc=0x000002b09ad37f84 relative=0x00000000000002a4
Event: 25.237 Thread 0x000002b0ebb0ca10 Uncommon trap: reason=bimorphic_or_optimized_type_check action=maybe_recompile pc=0x000002b09ad37f84 method=org.eclipse.core.internal.dtree.DeltaDataTree.searchNodeAt(Lorg/eclipse/core/runtime/IPath;)Lorg/eclipse/core/internal/dtree/AbstractDataTreeNode; 
Event: 25.237 Thread 0x000002b0ebb0ca10 DEOPT PACKING pc=0x000002b09ad37f84 sp=0x000000b1b50ff0e0
Event: 25.237 Thread 0x000002b0ebb0ca10 DEOPT UNPACKING pc=0x000002b09a753aa2 sp=0x000000b1b50ff068 mode 2
Event: 25.237 Thread 0x000002b0ebb0ca10 Uncommon trap: trap_request=0xffffffde fr.pc=0x000002b09ad70f0c relative=0x000000000000052c
Event: 25.237 Thread 0x000002b0ebb0ca10 Uncommon trap: reason=class_check action=maybe_recompile pc=0x000002b09ad70f0c method=org.eclipse.core.internal.dtree.AbstractDataTreeNode.assembleWith(Lorg/eclipse/core/internal/dtree/AbstractDataTreeNode;)Lorg/eclipse/core/internal/dtree/AbstractDataTre
Event: 25.237 Thread 0x000002b0ebb0ca10 DEOPT PACKING pc=0x000002b09ad70f0c sp=0x000000b1b50feff0
Event: 25.237 Thread 0x000002b0ebb0ca10 DEOPT UNPACKING pc=0x000002b09a753aa2 sp=0x000000b1b50fef98 mode 2

Classes loaded (20 events):
Event: 16.254 Loading class java/io/ObjectStreamClass$4
Event: 16.254 Loading class java/io/ObjectStreamClass$4 done
Event: 16.256 Loading class java/io/ObjectStreamClass$5
Event: 16.256 Loading class java/io/ObjectStreamClass$5 done
Event: 16.266 Loading class java/net/UrlDeserializedState
Event: 16.266 Loading class java/net/UrlDeserializedState done
Event: 16.267 Loading class java/net/Proxy
Event: 16.267 Loading class java/net/Proxy done
Event: 16.273 Loading class java/nio/channels/spi/AbstractSelector$1
Event: 16.273 Loading class java/nio/channels/spi/AbstractSelector$1 done
Event: 16.294 Loading class java/lang/UnsupportedClassVersionError
Event: 16.295 Loading class java/lang/UnsupportedClassVersionError done
Event: 16.706 Loading class java/time/Ser
Event: 16.707 Loading class java/time/Ser done
Event: 17.311 Loading class java/io/ObjectInputStream$Caches
Event: 17.311 Loading class java/io/ObjectInputStream$Caches done
Event: 17.311 Loading class java/io/ObjectInputStream$Caches$1
Event: 17.312 Loading class java/io/ObjectInputStream$Caches$1 done
Event: 17.444 Loading class sun/reflect/generics/tree/IntSignature
Event: 17.445 Loading class sun/reflect/generics/tree/IntSignature done

Classes unloaded (7 events):
Event: 3.298 Thread 0x000002b0a43725f0 Unloading class 0x000002b0a6194c00 'java/lang/invoke/LambdaForm$MH+0x000002b0a6194c00'
Event: 3.298 Thread 0x000002b0a43725f0 Unloading class 0x000002b0a6194800 'java/lang/invoke/LambdaForm$MH+0x000002b0a6194800'
Event: 3.298 Thread 0x000002b0a43725f0 Unloading class 0x000002b0a6194400 'java/lang/invoke/LambdaForm$MH+0x000002b0a6194400'
Event: 3.298 Thread 0x000002b0a43725f0 Unloading class 0x000002b0a6194000 'java/lang/invoke/LambdaForm$MH+0x000002b0a6194000'
Event: 3.298 Thread 0x000002b0a43725f0 Unloading class 0x000002b0a6193c00 'java/lang/invoke/LambdaForm$BMH+0x000002b0a6193c00'
Event: 3.298 Thread 0x000002b0a43725f0 Unloading class 0x000002b0a6193800 'java/lang/invoke/LambdaForm$DMH+0x000002b0a6193800'
Event: 3.298 Thread 0x000002b0a43725f0 Unloading class 0x000002b0a6192400 'java/lang/invoke/LambdaForm$DMH+0x000002b0a6192400'

Classes redefined (0 events):
No events

Internal exceptions (20 events):
Event: 17.323 Thread 0x000002b0ecb5ac40 Exception <a 'java/lang/NoSuchMethodError'{0x00000000eb068550}: static Lorg/gradle/tooling/internal/gradle/DefaultProjectIdentifier;.<clinit>()V> (0x00000000eb068550) 
thrown [s\src\hotspot\share\prims\jni.cpp, line 1111]
Event: 17.324 Thread 0x000002b0ecb5ac40 Exception <a 'java/lang/NoSuchMethodError'{0x00000000eb0814c0}: static Lorg/gradle/tooling/internal/adapter/ProtocolToModelAdapter$MixInTypeMappingAction;.<clinit>()V> (0x00000000eb0814c0) 
thrown [s\src\hotspot\share\prims\jni.cpp, line 1111]
Event: 17.325 Thread 0x000002b0ecb5ac40 Exception <a 'java/lang/NoSuchMethodError'{0x00000000eb092440}: static Lorg/gradle/tooling/internal/adapter/ProtocolToModelAdapter$ViewGraphDetails;.<clinit>()V> (0x00000000eb092440) 
thrown [s\src\hotspot\share\prims\jni.cpp, line 1111]
Event: 17.326 Thread 0x000002b0ecb5ac40 Exception <a 'java/lang/NoSuchMethodError'{0x00000000eb0abbf8}: static Lorg/gradle/tooling/internal/consumer/converters/ConsumerTargetTypeProvider;.<clinit>()V> (0x00000000eb0abbf8) 
thrown [s\src\hotspot\share\prims\jni.cpp, line 1111]
Event: 17.381 Thread 0x000002b0ecb5ac40 Exception <a 'java/lang/NoSuchMethodError'{0x00000000eb0f88c8}: static Lorg/gradle/plugins/ide/internal/tooling/eclipse/DefaultEclipseProject;.<clinit>()V> (0x00000000eb0f88c8) 
thrown [s\src\hotspot\share\prims\jni.cpp, line 1111]
Event: 17.383 Thread 0x000002b0ecb5ac40 Exception <a 'java/lang/NoSuchMethodError'{0x00000000eb127408}: static Lorg/gradle/plugins/ide/internal/tooling/eclipse/DefaultEclipseBuildCommand;.<clinit>()V> (0x00000000eb127408) 
thrown [s\src\hotspot\share\prims\jni.cpp, line 1111]
Event: 17.386 Thread 0x000002b0ecb5ac40 Exception <a 'java/lang/NoSuchMethodError'{0x00000000eb17e2a0}: static [Ljava/lang/Object;.<clinit>()V> (0x00000000eb17e2a0) 
thrown [s\src\hotspot\share\prims\jni.cpp, line 1111]
Event: 17.404 Thread 0x000002b0ecb5ac40 Exception <a 'java/lang/NoSuchMethodError'{0x00000000eaf4b418}: static Lorg/gradle/plugins/ide/internal/tooling/eclipse/DefaultEclipseClasspathEntry;.<clinit>()V> (0x00000000eaf4b418) 
thrown [s\src\hotspot\share\prims\jni.cpp, line 1111]
Event: 17.404 Thread 0x000002b0ecb5ac40 Exception <a 'java/lang/NoSuchMethodError'{0x00000000eaf4d260}: static Lorg/gradle/plugins/ide/internal/tooling/eclipse/DefaultEclipseClasspathContainer;.<clinit>()V> (0x00000000eaf4d260) 
thrown [s\src\hotspot\share\prims\jni.cpp, line 1111]
Event: 17.406 Thread 0x000002b0ecb5ac40 Exception <a 'java/lang/NoSuchMethodError'{0x00000000eaf77610}: static Lorg/gradle/plugins/ide/internal/tooling/model/DefaultGradleProject;.<clinit>()V> (0x00000000eaf77610) 
thrown [s\src\hotspot\share\prims\jni.cpp, line 1111]
Event: 17.407 Thread 0x000002b0ecb5ac40 Exception <a 'java/lang/NoSuchMethodError'{0x00000000eaf8cfd8}: static Lorg/gradle/plugins/ide/internal/tooling/model/DefaultGradleScript;.<clinit>()V> (0x00000000eaf8cfd8) 
thrown [s\src\hotspot\share\prims\jni.cpp, line 1111]
Event: 17.408 Thread 0x000002b0ecb5ac40 Exception <a 'java/lang/NoSuchMethodError'{0x00000000eafba070}: static Lorg/gradle/tooling/internal/gradle/DefaultProjectIdentifier;.<clinit>()V> (0x00000000eafba070) 
thrown [s\src\hotspot\share\prims\jni.cpp, line 1111]
Event: 17.409 Thread 0x000002b0ecb5ac40 Exception <a 'java/lang/NoSuchMethodError'{0x00000000eafcb868}: static Lorg/gradle/tooling/internal/gradle/DefaultBuildIdentifier;.<clinit>()V> (0x00000000eafcb868) 
thrown [s\src\hotspot\share\prims\jni.cpp, line 1111]
Event: 17.411 Thread 0x000002b0ecb5ac40 Exception <a 'java/lang/NoSuchMethodError'{0x00000000eb011ae0}: static Lorg/gradle/plugins/ide/internal/tooling/model/LaunchableGradleTask;.<clinit>()V> (0x00000000eb011ae0) 
thrown [s\src\hotspot\share\prims\jni.cpp, line 1111]
Event: 17.412 Thread 0x000002b0ecb5ac40 Exception <a 'java/lang/NoSuchMethodError'{0x00000000eb017ca0}: static Lorg/gradle/plugins/ide/internal/tooling/model/LaunchableGradleProjectTask;.<clinit>()V> (0x00000000eb017ca0) 
thrown [s\src\hotspot\share\prims\jni.cpp, line 1111]
Event: 17.421 Thread 0x000002b0ecb5ac40 Exception <a 'java/lang/NoSuchMethodError'{0x00000000eb0dfe20}: static Lorg/gradle/plugins/ide/internal/tooling/eclipse/DefaultEclipseJavaSourceSettings;.<clinit>()V> (0x00000000eb0dfe20) 
thrown [s\src\hotspot\share\prims\jni.cpp, line 1111]
Event: 17.422 Thread 0x000002b0ecb5ac40 Exception <a 'java/lang/NoSuchMethodError'{0x00000000eb0f0de0}: static Lorg/gradle/plugins/ide/internal/tooling/java/DefaultInstalledJdk;.<clinit>()V> (0x00000000eb0f0de0) 
thrown [s\src\hotspot\share\prims\jni.cpp, line 1111]
Event: 17.426 Thread 0x000002b0ecb5ac40 Exception <a 'java/lang/NoSuchMethodError'{0x00000000eb12a228}: static Lorg/gradle/plugins/ide/internal/tooling/eclipse/DefaultEclipseOutputLocation;.<clinit>()V> (0x00000000eb12a228) 
thrown [s\src\hotspot\share\prims\jni.cpp, line 1111]
Event: 17.427 Thread 0x000002b0ecb5ac40 Exception <a 'java/lang/NoSuchMethodError'{0x00000000eb15cc88}: static Lorg/gradle/plugins/ide/internal/tooling/eclipse/DefaultEclipseProjectNature;.<clinit>()V> (0x00000000eb15cc88) 
thrown [s\src\hotspot\share\prims\jni.cpp, line 1111]
Event: 17.429 Thread 0x000002b0ecb5ac40 Exception <a 'java/lang/NoSuchMethodError'{0x00000000eb19bfc8}: static Lorg/gradle/plugins/ide/internal/tooling/eclipse/DefaultEclipseTask;.<clinit>()V> (0x00000000eb19bfc8) 
thrown [s\src\hotspot\share\prims\jni.cpp, line 1111]

ZGC Phase Switch (0 events):
No events

VM Operations (20 events):
Event: 17.181 Executing VM operation: ParallelGCFailedAllocation (Allocation Failure) done
Event: 17.210 Executing VM operation: ParallelGCFailedAllocation (Allocation Failure)
Event: 17.214 Executing VM operation: ParallelGCFailedAllocation (Allocation Failure) done
Event: 17.244 Executing VM operation: ParallelGCFailedAllocation (Allocation Failure)
Event: 17.247 Executing VM operation: ParallelGCFailedAllocation (Allocation Failure) done
Event: 17.275 Executing VM operation: ParallelGCFailedAllocation (Allocation Failure)
Event: 17.279 Executing VM operation: ParallelGCFailedAllocation (Allocation Failure) done
Event: 17.309 Executing VM operation: HandshakeAllThreads (Deoptimize)
Event: 17.310 Executing VM operation: HandshakeAllThreads (Deoptimize) done
Event: 17.339 Executing VM operation: ParallelGCFailedAllocation (Allocation Failure)
Event: 17.346 Executing VM operation: ParallelGCFailedAllocation (Allocation Failure) done
Event: 17.389 Executing VM operation: ParallelGCFailedAllocation (Allocation Failure)
Event: 17.392 Executing VM operation: ParallelGCFailedAllocation (Allocation Failure) done
Event: 17.432 Executing VM operation: ParallelGCFailedAllocation (Allocation Failure)
Event: 17.436 Executing VM operation: ParallelGCFailedAllocation (Allocation Failure) done
Event: 17.547 Executing VM operation: ParallelGCFailedAllocation (Allocation Failure)
Event: 25.235 Executing VM operation: ParallelGCFailedAllocation (Allocation Failure) done
Event: 25.288 Executing VM operation: ParallelGCFailedAllocation (Allocation Failure)
Event: 27.307 Executing VM operation: ParallelGCFailedAllocation (Allocation Failure) done
Event: 27.370 Executing VM operation: ParallelGCFailedAllocation (Allocation Failure)

Memory protections (0 events):
No events

Nmethod flushes (20 events):
Event: 24.741 Thread 0x000002b0a43725f0 flushing  nmethod 0x000002b0940e4b10
Event: 24.741 Thread 0x000002b0a43725f0 flushing  nmethod 0x000002b0940e7790
Event: 24.741 Thread 0x000002b0a43725f0 flushing  nmethod 0x000002b0940ebc10
Event: 24.741 Thread 0x000002b0a43725f0 flushing  nmethod 0x000002b0940ee510
Event: 24.741 Thread 0x000002b0a43725f0 flushing  nmethod 0x000002b0940efa90
Event: 24.741 Thread 0x000002b0a43725f0 flushing  nmethod 0x000002b0940f0c90
Event: 24.741 Thread 0x000002b0a43725f0 flushing  nmethod 0x000002b0940f2d90
Event: 24.741 Thread 0x000002b0a43725f0 flushing  nmethod 0x000002b0940f7a90
Event: 24.741 Thread 0x000002b0a43725f0 flushing  nmethod 0x000002b0940f8990
Event: 24.741 Thread 0x000002b0a43725f0 flushing  nmethod 0x000002b094104790
Event: 24.741 Thread 0x000002b0a43725f0 flushing  nmethod 0x000002b094122d10
Event: 24.741 Thread 0x000002b0a43725f0 flushing  nmethod 0x000002b094123590
Event: 24.741 Thread 0x000002b0a43725f0 flushing  nmethod 0x000002b094125f90
Event: 24.741 Thread 0x000002b0a43725f0 flushing  nmethod 0x000002b094126710
Event: 24.741 Thread 0x000002b0a43725f0 flushing  nmethod 0x000002b09412ca10
Event: 24.741 Thread 0x000002b0a43725f0 flushing  nmethod 0x000002b094131410
Event: 24.741 Thread 0x000002b0a43725f0 flushing  nmethod 0x000002b094132890
Event: 24.741 Thread 0x000002b0a43725f0 flushing  nmethod 0x000002b094133510
Event: 24.741 Thread 0x000002b0a43725f0 flushing  nmethod 0x000002b094137a90
Event: 24.741 Thread 0x000002b0a43725f0 flushing  nmethod 0x000002b09415bb90

Events (20 events):
Event: 13.116 Thread 0x000002b0ecb78b40 Thread added: 0x000002b0ecb56410
Event: 13.120 Thread 0x000002b0ecb78b40 Thread added: 0x000002b0ecb5ac40
Event: 13.495 Thread 0x000002b0eb36ad90 Thread exited: 0x000002b0eb36ad90
Event: 14.287 Thread 0x000002b0eb2327e0 Thread exited: 0x000002b0eb2327e0
Event: 14.677 Thread 0x000002b0a43a7820 Thread added: 0x000002b0eff964d0
Event: 16.084 Thread 0x000002b0ecb5ac40 Thread added: 0x000002b0ecb59f20
Event: 16.085 Thread 0x000002b0a43a7820 Thread added: 0x000002b0eff942c0
Event: 16.291 Thread 0x000002b0ecb5ac40 Thread added: 0x000002b0ecb5b2d0
Event: 16.291 Thread 0x000002b0ecb5ac40 Thread added: 0x000002b0ecb5b960
Event: 16.292 Thread 0x000002b0ecb5b2d0 Thread exited: 0x000002b0ecb5b2d0
Event: 16.484 Thread 0x000002b0eff942c0 Thread exited: 0x000002b0eff942c0
Event: 16.484 Thread 0x000002b0eff964d0 Thread exited: 0x000002b0eff964d0
Event: 16.547 Thread 0x000002b0a43a5520 Thread added: 0x000002b0eff964d0
Event: 16.909 Thread 0x000002b0a43a7820 Thread added: 0x000002b0eff95060
Event: 17.439 Thread 0x000002b0ecb5b960 Thread exited: 0x000002b0ecb5b960
Event: 17.442 Thread 0x000002b0ecb59f20 Thread exited: 0x000002b0ecb59f20
Event: 17.442 Thread 0x000002b0ecb5ac40 Thread exited: 0x000002b0ecb5ac40
Event: 27.308 Thread 0x000002b0eff95060 Thread exited: 0x000002b0eff95060
Event: 27.321 Thread 0x000002b0ecb78b40 Thread added: 0x000002b0ecb5b960
Event: 27.322 Thread 0x000002b0ecb78b40 Thread added: 0x000002b0ecb5ac40


Dynamic libraries:
0x00007ff685c60000 - 0x00007ff685c6e000 	c:\Users\peme-\.cursor\extensions\redhat.java-1.41.1-win32-x64\jre\21.0.6-win32-x86_64\bin\java.exe
0x00007ffbdf9e0000 - 0x00007ffbdfc40000 	C:\WINDOWS\SYSTEM32\ntdll.dll
0x00007ffbde660000 - 0x00007ffbde727000 	C:\WINDOWS\System32\KERNEL32.DLL
0x00007ffbdd2a0000 - 0x00007ffbdd66a000 	C:\WINDOWS\System32\KERNELBASE.dll
0x00007ffbdd150000 - 0x00007ffbdd29b000 	C:\WINDOWS\System32\ucrtbase.dll
0x00007ffbcc6c0000 - 0x00007ffbcc6d8000 	c:\Users\peme-\.cursor\extensions\redhat.java-1.41.1-win32-x64\jre\21.0.6-win32-x86_64\bin\jli.dll
0x00007ffbcc740000 - 0x00007ffbcc75e000 	c:\Users\peme-\.cursor\extensions\redhat.java-1.41.1-win32-x64\jre\21.0.6-win32-x86_64\bin\VCRUNTIME140.dll
0x00007ffbde730000 - 0x00007ffbde8fc000 	C:\WINDOWS\System32\USER32.dll
0x00007ffbc4030000 - 0x00007ffbc42c7000 	C:\WINDOWS\WinSxS\amd64_microsoft.windows.common-controls_6595b64144ccf1df_6.0.26100.3624_none_3e086962e3345f24\COMCTL32.dll
0x00007ffbddb50000 - 0x00007ffbddbf9000 	C:\WINDOWS\System32\msvcrt.dll
0x00007ffbdd120000 - 0x00007ffbdd147000 	C:\WINDOWS\System32\win32u.dll
0x00007ffbdf560000 - 0x00007ffbdf58a000 	C:\WINDOWS\System32\GDI32.dll
0x00007ffbdcfe0000 - 0x00007ffbdd111000 	C:\WINDOWS\System32\gdi32full.dll
0x00007ffbdcdb0000 - 0x00007ffbdce53000 	C:\WINDOWS\System32\msvcp_win.dll
0x00007ffbde900000 - 0x00007ffbde92f000 	C:\WINDOWS\System32\IMM32.DLL
0x00007ffbcf110000 - 0x00007ffbcf11c000 	c:\Users\peme-\.cursor\extensions\redhat.java-1.41.1-win32-x64\jre\21.0.6-win32-x86_64\bin\vcruntime140_1.dll
0x00007ffb87240000 - 0x00007ffb872cd000 	c:\Users\peme-\.cursor\extensions\redhat.java-1.41.1-win32-x64\jre\21.0.6-win32-x86_64\bin\msvcp140.dll
0x00007ffb61750000 - 0x00007ffb624e0000 	c:\Users\peme-\.cursor\extensions\redhat.java-1.41.1-win32-x64\jre\21.0.6-win32-x86_64\bin\server\jvm.dll
0x00007ffbdeb20000 - 0x00007ffbdebd2000 	C:\WINDOWS\System32\ADVAPI32.dll
0x00007ffbdd910000 - 0x00007ffbdd9b6000 	C:\WINDOWS\System32\sechost.dll
0x00007ffbdd7f0000 - 0x00007ffbdd906000 	C:\WINDOWS\System32\RPCRT4.dll
0x00007ffbdd9c0000 - 0x00007ffbdda34000 	C:\WINDOWS\System32\WS2_32.dll
0x00007ffbdc3f0000 - 0x00007ffbdc44e000 	C:\WINDOWS\SYSTEM32\POWRPROF.dll
0x00007ffbcc490000 - 0x00007ffbcc4c6000 	C:\WINDOWS\SYSTEM32\WINMM.dll
0x00007ffbd72a0000 - 0x00007ffbd72ab000 	C:\WINDOWS\SYSTEM32\VERSION.dll
0x00007ffbdc3d0000 - 0x00007ffbdc3e4000 	C:\WINDOWS\SYSTEM32\UMPDC.dll
0x00007ffbdb990000 - 0x00007ffbdb9aa000 	C:\WINDOWS\SYSTEM32\kernel.appcore.dll
0x00007ffbcc380000 - 0x00007ffbcc38a000 	c:\Users\peme-\.cursor\extensions\redhat.java-1.41.1-win32-x64\jre\21.0.6-win32-x86_64\bin\jimage.dll
0x00007ffb88cd0000 - 0x00007ffb88f11000 	C:\WINDOWS\SYSTEM32\DBGHELP.DLL
0x00007ffbdf5f0000 - 0x00007ffbdf972000 	C:\WINDOWS\System32\combase.dll
0x00007ffbdde30000 - 0x00007ffbddf06000 	C:\WINDOWS\System32\OLEAUT32.dll
0x00007ffb71e70000 - 0x00007ffb71ea9000 	C:\WINDOWS\SYSTEM32\dbgcore.DLL
0x00007ffbdcc50000 - 0x00007ffbdcce9000 	C:\WINDOWS\System32\bcryptPrimitives.dll
0x00007ffbcc370000 - 0x00007ffbcc37f000 	c:\Users\peme-\.cursor\extensions\redhat.java-1.41.1-win32-x64\jre\21.0.6-win32-x86_64\bin\instrument.dll
0x00007ffbcc340000 - 0x00007ffbcc35f000 	c:\Users\peme-\.cursor\extensions\redhat.java-1.41.1-win32-x64\jre\21.0.6-win32-x86_64\bin\java.dll
0x00007ffbddf30000 - 0x00007ffbde659000 	C:\WINDOWS\System32\SHELL32.dll
0x00007ffbdd670000 - 0x00007ffbdd7d8000 	C:\WINDOWS\System32\wintypes.dll
0x00007ffbda840000 - 0x00007ffbdb092000 	C:\WINDOWS\SYSTEM32\windows.storage.dll
0x00007ffbdf470000 - 0x00007ffbdf55d000 	C:\WINDOWS\System32\SHCORE.dll
0x00007ffbdf1a0000 - 0x00007ffbdf204000 	C:\WINDOWS\System32\shlwapi.dll
0x00007ffbdcad0000 - 0x00007ffbdcaff000 	C:\WINDOWS\SYSTEM32\profapi.dll
0x00007ffbcc2d0000 - 0x00007ffbcc2e8000 	c:\Users\peme-\.cursor\extensions\redhat.java-1.41.1-win32-x64\jre\21.0.6-win32-x86_64\bin\zip.dll
0x00007ffbcc250000 - 0x00007ffbcc260000 	C:\Users\peme-\.cursor\extensions\redhat.java-1.41.1-win32-x64\jre\21.0.6-win32-x86_64\bin\net.dll
0x00007ffbd6640000 - 0x00007ffbd675d000 	C:\WINDOWS\SYSTEM32\WINHTTP.dll
0x00007ffbdbe90000 - 0x00007ffbdbefa000 	C:\WINDOWS\system32\mswsock.dll
0x00007ffbb20d0000 - 0x00007ffbb20e6000 	C:\Users\peme-\.cursor\extensions\redhat.java-1.41.1-win32-x64\jre\21.0.6-win32-x86_64\bin\nio.dll
0x00007ffbcb150000 - 0x00007ffbcb160000 	c:\Users\peme-\.cursor\extensions\redhat.java-1.41.1-win32-x64\jre\21.0.6-win32-x86_64\bin\verify.dll
0x00007ffbc8500000 - 0x00007ffbc8545000 	C:\Users\peme-\AppData\Roaming\Cursor\User\globalStorage\redhat.java\1.41.1\config_win\org.eclipse.equinox.launcher\org.eclipse.equinox.launcher.win32.win32.x86_64_1.2.1300.v20250331-1702\eclipse_11911.dll
0x00007ffbddc90000 - 0x00007ffbdde26000 	C:\WINDOWS\System32\ole32.dll
0x00007ffbdc240000 - 0x00007ffbdc25c000 	C:\WINDOWS\SYSTEM32\CRYPTSP.dll
0x00007ffbdb8f0000 - 0x00007ffbdb92a000 	C:\WINDOWS\system32\rsaenh.dll
0x00007ffbdbf30000 - 0x00007ffbdbf5b000 	C:\WINDOWS\SYSTEM32\USERENV.dll
0x00007ffbdcaa0000 - 0x00007ffbdcac6000 	C:\WINDOWS\SYSTEM32\bcrypt.dll
0x00007ffbdc0c0000 - 0x00007ffbdc0cc000 	C:\WINDOWS\SYSTEM32\CRYPTBASE.dll
0x00007ffbdb3a0000 - 0x00007ffbdb3d3000 	C:\WINDOWS\SYSTEM32\IPHLPAPI.DLL
0x00007ffbdd7e0000 - 0x00007ffbdd7ea000 	C:\WINDOWS\System32\NSI.dll
0x00007ffbb30a0000 - 0x00007ffbb30e9000 	C:\Users\peme-\AppData\Local\Temp\jna--2069927086\jna15888676309199600777.dll
0x00007ffbddf10000 - 0x00007ffbddf18000 	C:\WINDOWS\System32\PSAPI.DLL
0x00007ffbd6d20000 - 0x00007ffbd6d3f000 	C:\WINDOWS\SYSTEM32\dhcpcsvc6.DLL
0x00007ffbd6a50000 - 0x00007ffbd6a75000 	C:\WINDOWS\SYSTEM32\dhcpcsvc.DLL
0x00007ffbad640000 - 0x00007ffbad667000 	C:\Users\peme-\.gradle\native\68d5fa5c4cc2d200863cafc0d521ce42e7d3e7ee720ec0a83991735586a16f82\windows-amd64\native-platform.dll
0x00007ffbcb140000 - 0x00007ffbcb14a000 	C:\Users\peme-\.cursor\extensions\redhat.java-1.41.1-win32-x64\jre\21.0.6-win32-x86_64\bin\management.dll
0x00007ffbcb0d0000 - 0x00007ffbcb0db000 	C:\Users\peme-\.cursor\extensions\redhat.java-1.41.1-win32-x64\jre\21.0.6-win32-x86_64\bin\management_ext.dll
0x00007ffbb1b80000 - 0x00007ffbb1b89000 	C:\Users\peme-\.cursor\extensions\redhat.java-1.41.1-win32-x64\jre\21.0.6-win32-x86_64\bin\extnet.dll
0x00007ffbb2030000 - 0x00007ffbb203e000 	C:\Users\peme-\.cursor\extensions\redhat.java-1.41.1-win32-x64\jre\21.0.6-win32-x86_64\bin\sunmscapi.dll
0x00007ffbdce60000 - 0x00007ffbdcfd7000 	C:\WINDOWS\System32\CRYPT32.dll
0x00007ffbdc4b0000 - 0x00007ffbdc4e0000 	C:\WINDOWS\SYSTEM32\ncrypt.dll
0x00007ffbdc460000 - 0x00007ffbdc49f000 	C:\WINDOWS\SYSTEM32\NTASN1.dll
0x00007ffb68a40000 - 0x00007ffb68a48000 	C:\WINDOWS\system32\wshunix.dll

dbghelp: loaded successfully - version: 4.0.5 - missing functions: none
symbol engine: initialized successfully - sym options: 0x614 - pdb path: .;c:\Users\peme-\.cursor\extensions\redhat.java-1.41.1-win32-x64\jre\21.0.6-win32-x86_64\bin;C:\WINDOWS\SYSTEM32;C:\WINDOWS\WinSxS\amd64_microsoft.windows.common-controls_6595b64144ccf1df_6.0.26100.3624_none_3e086962e3345f24;c:\Users\peme-\.cursor\extensions\redhat.java-1.41.1-win32-x64\jre\21.0.6-win32-x86_64\bin\server;C:\Users\peme-\AppData\Roaming\Cursor\User\globalStorage\redhat.java\1.41.1\config_win\org.eclipse.equinox.launcher\org.eclipse.equinox.launcher.win32.win32.x86_64_1.2.1300.v20250331-1702;C:\Users\peme-\AppData\Local\Temp\jna--2069927086;C:\Users\peme-\.gradle\native\68d5fa5c4cc2d200863cafc0d521ce42e7d3e7ee720ec0a83991735586a16f82\windows-amd64

VM Arguments:
jvm_args: --add-modules=ALL-SYSTEM --add-opens=java.base/java.util=ALL-UNNAMED --add-opens=java.base/java.lang=ALL-UNNAMED --add-opens=java.base/sun.nio.fs=ALL-UNNAMED -Declipse.application=org.eclipse.jdt.ls.core.id1 -Dosgi.bundles.defaultStartLevel=4 -Declipse.product=org.eclipse.jdt.ls.core.product -Djava.import.generatesMetadataFilesAtProjectRoot=false -DDetectVMInstallationsJob.disabled=true -Dfile.encoding=utf8 -XX:+UseParallelGC -XX:GCTimeRatio=4 -XX:AdaptiveSizePolicyWeight=90 -Dsun.zip.disableMemoryMapping=true -Xmx1G -Xms100m -Xlog:disable -javaagent:c:\Users\peme-\.cursor\extensions\redhat.java-1.41.1-win32-x64\lombok\lombok-1.18.36.jar -XX:+HeapDumpOnOutOfMemoryError -XX:HeapDumpPath=c:\Users\peme-\AppData\Roaming\Cursor\User\workspaceStorage\e45d05da9fe6984f595c8de2f5d05746\redhat.java -Daether.dependencyCollector.impl=bf 
java_command: c:\Users\peme-\.cursor\extensions\redhat.java-1.41.1-win32-x64\server\plugins\org.eclipse.equinox.launcher_1.7.0.v20250331-1702.jar -configuration c:\Users\peme-\AppData\Roaming\Cursor\User\globalStorage\redhat.java\1.41.1\config_win -data c:\Users\peme-\AppData\Roaming\Cursor\User\workspaceStorage\e45d05da9fe6984f595c8de2f5d05746\redhat.java\jdt_ws --pipe=\\.\pipe\lsp-701289f958d33d2a13602d8f3af3ae56-sock
java_class_path (initial): c:\Users\peme-\.cursor\extensions\redhat.java-1.41.1-win32-x64\server\plugins\org.eclipse.equinox.launcher_1.7.0.v20250331-1702.jar
Launcher Type: SUN_STANDARD

[Global flags]
    uintx AdaptiveSizePolicyWeight                 = 90                                        {product} {command line}
     intx CICompilerCount                          = 4                                         {product} {ergonomic}
    uintx GCTimeRatio                              = 4                                         {product} {command line}
     bool HeapDumpOnOutOfMemoryError               = true                                   {manageable} {command line}
    ccstr HeapDumpPath                             = c:\Users\peme-\AppData\Roaming\Cursor\User\workspaceStorage\e45d05da9fe6984f595c8de2f5d05746\redhat.java         {manageable} {command line}
   size_t InitialHeapSize                          = 104857600                                 {product} {command line}
   size_t MaxHeapSize                              = 1073741824                                {product} {command line}
   size_t MaxNewSize                               = 357564416                                 {product} {ergonomic}
   size_t MinHeapDeltaBytes                        = 524288                                    {product} {ergonomic}
   size_t MinHeapSize                              = 104857600                                 {product} {command line}
   size_t NewSize                                  = 34603008                                  {product} {ergonomic}
    uintx NonNMethodCodeHeapSize                   = 5839372                                {pd product} {ergonomic}
    uintx NonProfiledCodeHeapSize                  = 122909434                              {pd product} {ergonomic}
   size_t OldSize                                  = 70254592                                  {product} {ergonomic}
    uintx ProfiledCodeHeapSize                     = 122909434                              {pd product} {ergonomic}
    uintx ReservedCodeCacheSize                    = 251658240                              {pd product} {ergonomic}
     bool SegmentedCodeCache                       = true                                      {product} {ergonomic}
   size_t SoftMaxHeapSize                          = 1073741824                             {manageable} {ergonomic}
     bool UseCompressedOops                        = true                           {product lp64_product} {ergonomic}
     bool UseLargePagesIndividualAllocation        = false                                  {pd product} {ergonomic}
     bool UseParallelGC                            = true                                      {product} {command line}

Logging:
Log output configuration:
 #0: stdout all=off uptime,level,tags foldmultilines=false
 #1: stderr all=off uptime,level,tags foldmultilines=false

Environment Variables:
JAVA_HOME=C:\Program Files\Eclipse Adoptium\jdk-17.0.15.6-hotspot
PATH=C:\Program Files\Eclipse Adoptium\jdk-17.0.15.6-hotspot\bin;C:\WINDOWS\system32;C:\WINDOWS;C:\WINDOWS\System32\Wbem;C:\WINDOWS\System32\WindowsPowerShell\v1.0\;C:\WINDOWS\System32\OpenSSH\;C:\Program Files\Microsoft SQL Server\Client SDK\ODBC\130\Tools\Binn\;C:\Program Files\Eclipse Adoptium\jdk-17.0.14.7-hotspot\bin;C:\Program Files\nodejs\;C:\Users\peme-\AppData\Local\Programs\Python\Python313\;C:\Users\peme-\AppData\Local\Programs\Python\Python313\Scripts;C:\Program Files\Git\cmd;C:\Program Files\Eclipse Adoptium\jdk-17.0.15.6-hotspot\bin;C:\WINDOWS\system32;C:\WINDOWS;C:\WINDOWS\System32\Wbem;C:\WINDOWS\System32\WindowsPowerShell\v1.0\;C:\WINDOWS\System32\OpenSSH\;C:\Program Files\Microsoft SQL Server\Client SDK\ODBC\130\Tools\Binn\;C:\Program Files\Eclipse Adoptium\jdk-17.0.14.7-hotspot\bin;C:\Program Files\nodejs\;C:\Users\peme-\AppData\Local\Programs\Python\Python313\;C:\Users\peme-\AppData\Local\Programs\Python\Python313\Scripts;C:\Program Files\Git\cmd;C:\Android\SDK\cmdline-tools\latest\bin;C:\Android\SDK\platform-tools
USERNAME=CPDSC-MIS 25
OS=Windows_NT
PROCESSOR_IDENTIFIER=Intel64 Family 6 Model 151 Stepping 5, GenuineIntel
TMP=C:\Users\peme-\AppData\Local\Temp
TEMP=C:\Users\peme-\AppData\Local\Temp




Periodic native trim disabled

---------------  S Y S T E M  ---------------

OS:
 Windows 11 , 64 bit Build 26100 (10.0.26100.3775)
OS uptime: 1 days 0:02 hours
Hyper-V role detected

CPU: total 8 (initial active 8) (4 cores per cpu, 2 threads per core) family 6 model 151 stepping 5 microcode 0x32, cx8, cmov, fxsr, ht, mmx, 3dnowpref, sse, sse2, sse3, ssse3, sse4.1, sse4.2, popcnt, lzcnt, tsc, tscinvbit, avx, avx2, aes, erms, clmul, bmi1, bmi2, adx, sha, fma, vzeroupper, clflush, clflushopt, clwb, hv, serialize, rdtscp, rdpid, fsrm, f16c, cet_ibt, cet_ss
Processor Information for the first 8 processors :
  Max Mhz: 3300, Current Mhz: 3300, Mhz Limit: 3300

Memory: 4k page, system-wide physical 7930M (1741M free)
TotalPageFile size 9978M (AvailPageFile size 37M)
current process WorkingSet (physical memory assigned to process): 710M, peak: 726M
current process commit charge ("private bytes"): 628M, peak: 983M

vm_info: OpenJDK 64-Bit Server VM (21.0.6+7-LTS) for windows-amd64 JRE (21.0.6+7-LTS), built on 2025-01-21T00:00:00Z by "admin" with MS VC++ 17.7 (VS2022)

END.
