#
# There is insufficient memory for the Java Runtime Environment to continue.
# Native memory allocation (malloc) failed to allocate 1066656 bytes. Error detail: Chunk::new
# Possible reasons:
#   The system is out of physical RAM or swap space
#   This process is running with CompressedOops enabled, and the Java Heap may be blocking the growth of the native heap
# Possible solutions:
#   Reduce memory load on the system
#   Increase physical memory or swap space
#   Check if swap backing store is full
#   Decrease Java heap size (-Xmx/-Xms)
#   Decrease number of Java threads
#   Decrease Java thread stack sizes (-Xss)
#   Set larger code cache with -XX:ReservedCodeCacheSize=
#   JVM is running with Unscaled Compressed Oops mode in which the Java heap is
#     placed in the first 4GB address space. The Java Heap base address is the
#     maximum limit for the native heap growth. Please use -XX:HeapBaseMinAddress
#     to set the Java Heap base and to place the Java Heap above 4GB virtual address.
# This output file may be truncated or incomplete.
#
#  Out of Memory Error (arena.cpp:168), pid=12488, tid=13772
#
# JRE version: OpenJDK Runtime Environment Temurin-21.0.6+7 (21.0.6+7) (build 21.0.6+7-LTS)
# Java VM: OpenJDK 64-Bit Server VM Temurin-21.0.6+7 (21.0.6+7-LTS, mixed mode, sharing, tiered, compressed oops, compressed class ptrs, parallel gc, windows-amd64)
# No core dump will be written. Minidumps are not enabled by default on client versions of Windows
#

---------------  S U M M A R Y ------------

Command Line: --add-modules=ALL-SYSTEM --add-opens=java.base/java.util=ALL-UNNAMED --add-opens=java.base/java.lang=ALL-UNNAMED --add-opens=java.base/sun.nio.fs=ALL-UNNAMED -Declipse.application=org.eclipse.jdt.ls.core.id1 -Dosgi.bundles.defaultStartLevel=4 -Declipse.product=org.eclipse.jdt.ls.core.product -Djava.import.generatesMetadataFilesAtProjectRoot=false -DDetectVMInstallationsJob.disabled=true -Dfile.encoding=utf8 -XX:+UseParallelGC -XX:GCTimeRatio=4 -XX:AdaptiveSizePolicyWeight=90 -Dsun.zip.disableMemoryMapping=true -Xmx1G -Xms100m -Xlog:disable -javaagent:c:\Users\peme-\.cursor\extensions\redhat.java-1.41.1-win32-x64\lombok\lombok-1.18.36.jar c:\Users\peme-\.cursor\extensions\redhat.java-1.41.1-win32-x64\server\plugins\org.eclipse.equinox.launcher_1.7.0.v20250331-1702.jar -configuration c:\Users\peme-\AppData\Roaming\Cursor\User\globalStorage\redhat.java\1.41.1\config_ss_win -data c:\Users\peme-\AppData\Roaming\Cursor\User\workspaceStorage\e45d05da9fe6984f595c8de2f5d05746\redhat.java\ss_ws --pipe=\\.\pipe\lsp-0bfccc5193649d116751e5a9845a995d-sock

Host: 12th Gen Intel(R) Core(TM) i3-12100, 8 cores, 7G,  Windows 11 , 64 bit Build 26100 (10.0.26100.3775)
Time: Fri Apr 25 11:56:08 2025 Malay Peninsula Standard Time elapsed time: 21.052870 seconds (0d 0h 0m 21s)

---------------  T H R E A D  ---------------

Current thread (0x00000199083a5960):  JavaThread "C2 CompilerThread1" daemon [_thread_in_native, id=13772, stack(0x0000005c22f00000,0x0000005c23000000) (1024K)]


Current CompileTask:
C2:21052 7314       4       org.eclipse.jdt.internal.compiler.lookup.LookupEnvironment::getTypeFromTypeSignature (770 bytes)

Stack: [0x0000005c22f00000,0x0000005c23000000]
Native frames: (J=compiled Java code, j=interpreted, Vv=VM code, C=native code)
V  [jvm.dll+0x6cdee9]
V  [jvm.dll+0x8a83d1]
V  [jvm.dll+0x8aa8fe]
V  [jvm.dll+0x8aafe3]
V  [jvm.dll+0x27f706]
V  [jvm.dll+0xc500d]
V  [jvm.dll+0xc5543]
V  [jvm.dll+0x2f2acd]
V  [jvm.dll+0x5f6a2a]
V  [jvm.dll+0x250bb2]
V  [jvm.dll+0x250f6f]
V  [jvm.dll+0x249834]
V  [jvm.dll+0x246ec4]
V  [jvm.dll+0x1c75ee]
V  [jvm.dll+0x25685a]
V  [jvm.dll+0x254dfa]
V  [jvm.dll+0x3f0256]
V  [jvm.dll+0x851f8b]
V  [jvm.dll+0x6cc5ed]
C  [ucrtbase.dll+0x37b0]
C  [KERNEL32.DLL+0x2e8d7]
C  [ntdll.dll+0xb14fc]


---------------  P R O C E S S  ---------------

Threads class SMR info:
_java_thread_list=0x0000019913fd43c0, length=42, elements={
0x00000198aa42c660, 0x00000198be7dc5b0, 0x00000198be7dfc20, 0x00000198be7e33f0,
0x00000198be7e5f50, 0x00000198be7e69a0, 0x00000198be7e73f0, 0x00000198be7ecf50,
0x0000019901228250, 0x00000199012efac0, 0x0000019901530f10, 0x0000019901c7d350,
0x0000019901e060f0, 0x0000019901e06750, 0x0000019901e135e0, 0x000001990185d920,
0x000001990632be70, 0x00000199063dc040, 0x00000199064041b0, 0x0000019906403b20,
0x0000019906402770, 0x0000019906401a50, 0x0000019906404840, 0x0000019906404ed0,
0x00000199064020e0, 0x0000019906402e00, 0x0000019906403490, 0x0000019907a49630,
0x0000019907a47bf0, 0x0000019907a48280, 0x0000019907a47560, 0x0000019907a4b070,
0x0000019907a48fa0, 0x0000019907a4a350, 0x0000019907a4b700, 0x0000019907a49cc0,
0x0000019907a4a9e0, 0x0000019907a48910, 0x0000019907a4eb80, 0x0000019907a4bd90,
0x0000019907a4c420, 0x00000199083a5960
}

Java Threads: ( => current thread )
  0x00000198aa42c660 JavaThread "main"                              [_thread_blocked, id=14320, stack(0x0000005c1f900000,0x0000005c1fa00000) (1024K)]
  0x00000198be7dc5b0 JavaThread "Reference Handler"          daemon [_thread_blocked, id=9572, stack(0x0000005c1fd00000,0x0000005c1fe00000) (1024K)]
  0x00000198be7dfc20 JavaThread "Finalizer"                  daemon [_thread_blocked, id=5876, stack(0x0000005c1fe00000,0x0000005c1ff00000) (1024K)]
  0x00000198be7e33f0 JavaThread "Signal Dispatcher"          daemon [_thread_blocked, id=14156, stack(0x0000005c1ff00000,0x0000005c20000000) (1024K)]
  0x00000198be7e5f50 JavaThread "Attach Listener"            daemon [_thread_blocked, id=1780, stack(0x0000005c20000000,0x0000005c20100000) (1024K)]
  0x00000198be7e69a0 JavaThread "Service Thread"             daemon [_thread_blocked, id=5652, stack(0x0000005c20100000,0x0000005c20200000) (1024K)]
  0x00000198be7e73f0 JavaThread "Monitor Deflation Thread"   daemon [_thread_blocked, id=8016, stack(0x0000005c20200000,0x0000005c20300000) (1024K)]
  0x00000198be7ecf50 JavaThread "C2 CompilerThread0"         daemon [_thread_blocked, id=960, stack(0x0000005c20300000,0x0000005c20400000) (1024K)]
  0x0000019901228250 JavaThread "C1 CompilerThread0"         daemon [_thread_blocked, id=6472, stack(0x0000005c20400000,0x0000005c20500000) (1024K)]
  0x00000199012efac0 JavaThread "Common-Cleaner"             daemon [_thread_blocked, id=10948, stack(0x0000005c20500000,0x0000005c20600000) (1024K)]
  0x0000019901530f10 JavaThread "Notification Thread"        daemon [_thread_blocked, id=7172, stack(0x0000005c20700000,0x0000005c20800000) (1024K)]
  0x0000019901c7d350 JavaThread "Active Thread: Equinox Container: 056755ef-f0eb-4d30-8993-ee96490bbc17"        [_thread_blocked, id=11124, stack(0x0000005c20f00000,0x0000005c21000000) (1024K)]
  0x0000019901e060f0 JavaThread "Framework Event Dispatcher: Equinox Container: 056755ef-f0eb-4d30-8993-ee96490bbc17" daemon [_thread_blocked, id=12472, stack(0x0000005c21000000,0x0000005c21100000) (1024K)]
  0x0000019901e06750 JavaThread "Start Level: Equinox Container: 056755ef-f0eb-4d30-8993-ee96490bbc17" daemon [_thread_blocked, id=10640, stack(0x0000005c21100000,0x0000005c21200000) (1024K)]
  0x0000019901e135e0 JavaThread "SCR Component Actor"        daemon [_thread_blocked, id=6464, stack(0x0000005c21200000,0x0000005c21300000) (1024K)]
  0x000001990185d920 JavaThread "Worker-JM"                         [_thread_blocked, id=12180, stack(0x0000005c20800000,0x0000005c20900000) (1024K)]
  0x000001990632be70 JavaThread "JNA Cleaner"                daemon [_thread_blocked, id=12828, stack(0x0000005c21600000,0x0000005c21700000) (1024K)]
  0x00000199063dc040 JavaThread "Worker-0"                          [_thread_blocked, id=7624, stack(0x0000005c21700000,0x0000005c21800000) (1024K)]
  0x00000199064041b0 JavaThread "Worker-1"                          [_thread_blocked, id=3608, stack(0x0000005c21800000,0x0000005c21900000) (1024K)]
  0x0000019906403b20 JavaThread "Thread-2"                   daemon [_thread_in_native, id=12232, stack(0x0000005c21c00000,0x0000005c21d00000) (1024K)]
  0x0000019906402770 JavaThread "Thread-3"                   daemon [_thread_in_native, id=3320, stack(0x0000005c21d00000,0x0000005c21e00000) (1024K)]
  0x0000019906401a50 JavaThread "Thread-4"                   daemon [_thread_in_native, id=14192, stack(0x0000005c21e00000,0x0000005c21f00000) (1024K)]
  0x0000019906404840 JavaThread "Thread-5"                   daemon [_thread_in_native, id=10244, stack(0x0000005c21f00000,0x0000005c22000000) (1024K)]
  0x0000019906404ed0 JavaThread "Thread-6"                   daemon [_thread_in_native, id=13952, stack(0x0000005c22000000,0x0000005c22100000) (1024K)]
  0x00000199064020e0 JavaThread "Thread-7"                   daemon [_thread_in_native, id=10004, stack(0x0000005c22100000,0x0000005c22200000) (1024K)]
  0x0000019906402e00 JavaThread "Thread-8"                   daemon [_thread_in_native, id=11360, stack(0x0000005c22200000,0x0000005c22300000) (1024K)]
  0x0000019906403490 JavaThread "Thread-9"                   daemon [_thread_in_native, id=8444, stack(0x0000005c22300000,0x0000005c22400000) (1024K)]
  0x0000019907a49630 JavaThread "Thread-10"                  daemon [_thread_in_native, id=5200, stack(0x0000005c22400000,0x0000005c22500000) (1024K)]
  0x0000019907a47bf0 JavaThread "pool-2-thread-1"                   [_thread_blocked, id=4380, stack(0x0000005c22500000,0x0000005c22600000) (1024K)]
  0x0000019907a48280 JavaThread "Worker-2"                          [_thread_blocked, id=10168, stack(0x0000005c22600000,0x0000005c22700000) (1024K)]
  0x0000019907a47560 JavaThread "Worker-3"                          [_thread_blocked, id=4504, stack(0x0000005c22700000,0x0000005c22800000) (1024K)]
  0x0000019907a4b070 JavaThread "WorkspaceEventsHandler"            [_thread_blocked, id=8484, stack(0x0000005c22800000,0x0000005c22900000) (1024K)]
  0x0000019907a48fa0 JavaThread "pool-1-thread-1"                   [_thread_blocked, id=8032, stack(0x0000005c22900000,0x0000005c22a00000) (1024K)]
  0x0000019907a4a350 JavaThread "ForkJoinPool.commonPool-worker-1" daemon [_thread_blocked, id=4436, stack(0x0000005c20600000,0x0000005c20700000) (1024K)]
  0x0000019907a4b700 JavaThread "ForkJoinPool.commonPool-worker-2" daemon [_thread_blocked, id=11728, stack(0x0000005c21400000,0x0000005c21500000) (1024K)]
  0x0000019907a49cc0 JavaThread "ForkJoinPool.commonPool-worker-3" daemon [_thread_blocked, id=4088, stack(0x0000005c21500000,0x0000005c21600000) (1024K)]
  0x0000019907a4a9e0 JavaThread "Compiler Source File Reader" daemon [_thread_blocked, id=7036, stack(0x0000005c22c00000,0x0000005c22d00000) (1024K)]
  0x0000019907a48910 JavaThread "Compiler Source File Reader" daemon [_thread_blocked, id=8936, stack(0x0000005c22d00000,0x0000005c22e00000) (1024K)]
  0x0000019907a4eb80 JavaThread "Compiler Processing Task"   daemon [_thread_blocked, id=2424, stack(0x0000005c22e00000,0x0000005c22f00000) (1024K)]
  0x0000019907a4bd90 JavaThread "Compiler Source File Reader" daemon [_thread_blocked, id=8724, stack(0x0000005c22a00000,0x0000005c22b00000) (1024K)]
  0x0000019907a4c420 JavaThread "Compiler Source File Reader" daemon [_thread_blocked, id=5936, stack(0x0000005c22b00000,0x0000005c22c00000) (1024K)]
=>0x00000199083a5960 JavaThread "C2 CompilerThread1"         daemon [_thread_in_native, id=13772, stack(0x0000005c22f00000,0x0000005c23000000) (1024K)]
Total: 42

Other Threads:
  0x00000198be7c25f0 VMThread "VM Thread"                           [id=3300, stack(0x0000005c1fc00000,0x0000005c1fd00000) (1024K)]
  0x00000198be6fca00 WatcherThread "VM Periodic Task Thread"        [id=7684, stack(0x0000005c1fb00000,0x0000005c1fc00000) (1024K)]
  0x00000198aa44b750 WorkerThread "GC Thread#0"                     [id=8388, stack(0x0000005c1fa00000,0x0000005c1fb00000) (1024K)]
  0x00000199017a5690 WorkerThread "GC Thread#1"                     [id=14076, stack(0x0000005c20900000,0x0000005c20a00000) (1024K)]
  0x0000019901611d60 WorkerThread "GC Thread#2"                     [id=2780, stack(0x0000005c20a00000,0x0000005c20b00000) (1024K)]
  0x00000199018ac0f0 WorkerThread "GC Thread#3"                     [id=2264, stack(0x0000005c20b00000,0x0000005c20c00000) (1024K)]
  0x00000199018ac490 WorkerThread "GC Thread#4"                     [id=10924, stack(0x0000005c20c00000,0x0000005c20d00000) (1024K)]
  0x00000199018a0540 WorkerThread "GC Thread#5"                     [id=3468, stack(0x0000005c20d00000,0x0000005c20e00000) (1024K)]
  0x00000199018a08e0 WorkerThread "GC Thread#6"                     [id=13444, stack(0x0000005c20e00000,0x0000005c20f00000) (1024K)]
  0x0000019901a4b470 WorkerThread "GC Thread#7"                     [id=10304, stack(0x0000005c21300000,0x0000005c21400000) (1024K)]
Total: 10

Threads with active compile tasks:
C2 CompilerThread1  21097 7314       4       org.eclipse.jdt.internal.compiler.lookup.LookupEnvironment::getTypeFromTypeSignature (770 bytes)
Total: 1

VM state: not at safepoint (normal execution)

VM Mutex/Monitor currently owned by a thread: None

Heap address: 0x00000000c0000000, size: 1024 MB, Compressed Oops mode: 32-bit

CDS archive(s) mapped at: [0x00000198bf000000-0x00000198bfba0000-0x00000198bfba0000), size 12189696, SharedBaseAddress: 0x00000198bf000000, ArchiveRelocationMode: 1.
Compressed class space mapped at: 0x00000198c0000000-0x0000019900000000, reserved size: 1073741824
Narrow klass base: 0x00000198bf000000, Narrow klass shift: 0, Narrow klass range: 0x100000000

GC Precious Log:
 CardTable entry size: 512
 CPUs: 8 total, 8 available
 Memory: 7930M
 Large Page Support: Disabled
 NUMA Support: Disabled
 Compressed Oops: Enabled (32-bit)
 Alignments: Space 512K, Generation 512K, Heap 2M
 Heap Min Capacity: 100M
 Heap Initial Capacity: 100M
 Heap Max Capacity: 1G
 Pre-touch: Disabled
 Parallel Workers: 8

Heap:
 PSYoungGen      total 23040K, used 19811K [0x00000000eab00000, 0x00000000ec380000, 0x0000000100000000)
  eden space 20992K, 87% used [0x00000000eab00000,0x00000000ebcf8a10,0x00000000ebf80000)
  from space 2048K, 68% used [0x00000000ebf80000,0x00000000ec0e01f8,0x00000000ec180000)
  to   space 2048K, 0% used [0x00000000ec180000,0x00000000ec180000,0x00000000ec380000)
 ParOldGen       total 68608K, used 34672K [0x00000000c0000000, 0x00000000c4300000, 0x00000000eab00000)
  object space 68608K, 50% used [0x00000000c0000000,0x00000000c21dc008,0x00000000c4300000)
 Metaspace       used 44634K, committed 45696K, reserved 1114112K
  class space    used 4212K, committed 4736K, reserved 1048576K

Card table byte_map: [0x00000198a9dd0000,0x00000198a9fe0000] _byte_map_base: 0x00000198a97d0000

Marking Bits: (ParMarkBitMap*) 0x00007ffb62403260
 Begin Bits: [0x00000198bc620000, 0x00000198bd620000)
 End Bits:   [0x00000198bd620000, 0x00000198be620000)

Polling page: 0x00000198a8410000

Metaspace:

Usage:
  Non-class:     39.47 MB used.
      Class:      4.11 MB used.
       Both:     43.59 MB used.

Virtual space:
  Non-class space:       64.00 MB reserved,      40.00 MB ( 62%) committed,  1 nodes.
      Class space:        1.00 GB reserved,       4.62 MB ( <1%) committed,  1 nodes.
             Both:        1.06 GB reserved,      44.62 MB (  4%) committed. 

Chunk freelists:
   Non-Class:  7.61 MB
       Class:  11.35 MB
        Both:  18.96 MB

MaxMetaspaceSize: unlimited
CompressedClassSpaceSize: 1.00 GB
Initial GC threshold: 21.00 MB
Current GC threshold: 58.38 MB
CDS: on
 - commit_granule_bytes: 65536.
 - commit_granule_words: 8192.
 - virtual_space_node_default_size: 8388608.
 - enlarge_chunks_in_place: 1.
 - use_allocation_guard: 0.


Internal statistics:

num_allocs_failed_limit: 6.
num_arena_births: 874.
num_arena_deaths: 14.
num_vsnodes_births: 2.
num_vsnodes_deaths: 0.
num_space_committed: 714.
num_space_uncommitted: 0.
num_chunks_returned_to_freelist: 20.
num_chunks_taken_from_freelist: 2787.
num_chunk_merges: 12.
num_chunk_splits: 1771.
num_chunks_enlarged: 1091.
num_inconsistent_stats: 0.

CodeHeap 'non-profiled nmethods': size=120000Kb used=5516Kb max_used=5516Kb free=114483Kb
 bounds [0x00000198b50f0000, 0x00000198b5660000, 0x00000198bc620000]
CodeHeap 'profiled nmethods': size=120000Kb used=16453Kb max_used=16453Kb free=103547Kb
 bounds [0x00000198ad620000, 0x00000198ae640000, 0x00000198b4b50000]
CodeHeap 'non-nmethods': size=5760Kb used=1409Kb max_used=1512Kb free=4350Kb
 bounds [0x00000198b4b50000, 0x00000198b4dc0000, 0x00000198b50f0000]
 total_blobs=7664 nmethods=6947 adapters=622
 compilation: enabled
              stopped_count=0, restarted_count=0
 full_count=0

Compilation events (20 events):
Event: 17.492 Thread 0x0000019901228250 7354       3       sun.util.calendar.Gregorian$Date::getNormalizedYear (5 bytes)
Event: 17.492 Thread 0x0000019901228250 nmethod 7354 0x00000198ae629a90 code [0x00000198ae629c20, 0x00000198ae629dc8]
Event: 17.492 Thread 0x0000019901228250 7355       3       java.lang.invoke.VarHandleGuards::guard_LL_V (123 bytes)
Event: 17.494 Thread 0x0000019901228250 nmethod 7355 0x00000198ae629e90 code [0x00000198ae62a2a0, 0x00000198ae62c528]
Event: 18.732 Thread 0x0000019901228250 7356       3       org.eclipse.osgi.framework.util.ArrayMap::getValue (11 bytes)
Event: 18.732 Thread 0x0000019901228250 nmethod 7356 0x00000198ae62d010 code [0x00000198ae62d1c0, 0x00000198ae62d398]
Event: 18.733 Thread 0x0000019901228250 7357       3       java.util.Collections$EmptyMap::entrySet (4 bytes)
Event: 18.733 Thread 0x0000019901228250 nmethod 7357 0x00000198ae62d490 code [0x00000198ae62d640, 0x00000198ae62d7b0]
Event: 18.733 Thread 0x0000019901228250 7358       3       java.lang.invoke.MethodType::genericMethodType (6 bytes)
Event: 18.734 Thread 0x0000019901228250 nmethod 7358 0x00000198ae62d890 code [0x00000198ae62da40, 0x00000198ae62db60]
Event: 18.935 Thread 0x0000019901228250 7359       3       java.lang.reflect.Proxy::newProxyInstance (35 bytes)
Event: 18.936 Thread 0x00000198be7ecf50 7362       4       java.io.WinNTFileSystem::prefixLength (91 bytes)
Event: 18.937 Thread 0x0000019901228250 nmethod 7359 0x00000198ae62dc10 code [0x00000198ae62de00, 0x00000198ae62e1d8]
Event: 18.937 Thread 0x0000019901228250 7360       3       java.lang.reflect.Proxy::getProxyConstructor (92 bytes)
Event: 18.940 Thread 0x0000019901228250 nmethod 7360 0x00000198ae62e390 code [0x00000198ae62e6a0, 0x00000198ae62fc38]
Event: 18.940 Thread 0x0000019901228250 7361   !   3       java.lang.reflect.Proxy::newProxyInstance (75 bytes)
Event: 18.941 Thread 0x0000019901228250 nmethod 7361 0x00000198ae630210 code [0x00000198ae630480, 0x00000198ae630f78]
Event: 18.942 Thread 0x00000198be7ecf50 nmethod 7362 0x00000198b5652190 code [0x00000198b5652360, 0x00000198b56526d0]
Event: 18.942 Thread 0x00000198be7ecf50 7363       4       org.eclipse.core.runtime.Path::computeLength (100 bytes)
Event: 18.946 Thread 0x00000198be7ecf50 nmethod 7363 0x00000198b5652a90 code [0x00000198b5652c20, 0x00000198b5652e98]

GC Heap History (20 events):
Event: 5.969 GC heap before
{Heap before GC invocations=16 (full 1):
 PSYoungGen      total 24064K, used 23968K [0x00000000eab00000, 0x00000000ec600000, 0x0000000100000000)
  eden space 21504K, 100% used [0x00000000eab00000,0x00000000ec000000,0x00000000ec000000)
  from space 2560K, 96% used [0x00000000ec380000,0x00000000ec5e8010,0x00000000ec600000)
  to   space 3072K, 0% used [0x00000000ec000000,0x00000000ec000000,0x00000000ec300000)
 ParOldGen       total 68608K, used 24330K [0x00000000c0000000, 0x00000000c4300000, 0x00000000eab00000)
  object space 68608K, 35% used [0x00000000c0000000,0x00000000c17c2a60,0x00000000c4300000)
 Metaspace       used 31949K, committed 32832K, reserved 1114112K
  class space    used 3097K, committed 3520K, reserved 1048576K
}
Event: 5.976 GC heap after
{Heap after GC invocations=16 (full 1):
 PSYoungGen      total 24064K, used 2144K [0x00000000eab00000, 0x00000000ec500000, 0x0000000100000000)
  eden space 21504K, 0% used [0x00000000eab00000,0x00000000eab00000,0x00000000ec000000)
  from space 2560K, 83% used [0x00000000ec000000,0x00000000ec218000,0x00000000ec280000)
  to   space 2560K, 0% used [0x00000000ec280000,0x00000000ec280000,0x00000000ec500000)
 ParOldGen       total 68608K, used 26730K [0x00000000c0000000, 0x00000000c4300000, 0x00000000eab00000)
  object space 68608K, 38% used [0x00000000c0000000,0x00000000c1a1aa70,0x00000000c4300000)
 Metaspace       used 31949K, committed 32832K, reserved 1114112K
  class space    used 3097K, committed 3520K, reserved 1048576K
}
Event: 6.658 GC heap before
{Heap before GC invocations=17 (full 1):
 PSYoungGen      total 24064K, used 23648K [0x00000000eab00000, 0x00000000ec500000, 0x0000000100000000)
  eden space 21504K, 100% used [0x00000000eab00000,0x00000000ec000000,0x00000000ec000000)
  from space 2560K, 83% used [0x00000000ec000000,0x00000000ec218000,0x00000000ec280000)
  to   space 2560K, 0% used [0x00000000ec280000,0x00000000ec280000,0x00000000ec500000)
 ParOldGen       total 68608K, used 26730K [0x00000000c0000000, 0x00000000c4300000, 0x00000000eab00000)
  object space 68608K, 38% used [0x00000000c0000000,0x00000000c1a1aa70,0x00000000c4300000)
 Metaspace       used 34130K, committed 35008K, reserved 1114112K
  class space    used 3358K, committed 3776K, reserved 1048576K
}
Event: 6.662 GC heap after
{Heap after GC invocations=17 (full 1):
 PSYoungGen      total 23040K, used 1108K [0x00000000eab00000, 0x00000000ec400000, 0x0000000100000000)
  eden space 21504K, 0% used [0x00000000eab00000,0x00000000eab00000,0x00000000ec000000)
  from space 1536K, 72% used [0x00000000ec280000,0x00000000ec3953d8,0x00000000ec400000)
  to   space 1536K, 0% used [0x00000000ec100000,0x00000000ec100000,0x00000000ec280000)
 ParOldGen       total 68608K, used 28767K [0x00000000c0000000, 0x00000000c4300000, 0x00000000eab00000)
  object space 68608K, 41% used [0x00000000c0000000,0x00000000c1c17fc8,0x00000000c4300000)
 Metaspace       used 34130K, committed 35008K, reserved 1114112K
  class space    used 3358K, committed 3776K, reserved 1048576K
}
Event: 7.162 GC heap before
{Heap before GC invocations=18 (full 1):
 PSYoungGen      total 23040K, used 18416K [0x00000000eab00000, 0x00000000ec400000, 0x0000000100000000)
  eden space 21504K, 80% used [0x00000000eab00000,0x00000000ebbe6cd0,0x00000000ec000000)
  from space 1536K, 72% used [0x00000000ec280000,0x00000000ec3953d8,0x00000000ec400000)
  to   space 1536K, 0% used [0x00000000ec100000,0x00000000ec100000,0x00000000ec280000)
 ParOldGen       total 68608K, used 28767K [0x00000000c0000000, 0x00000000c4300000, 0x00000000eab00000)
  object space 68608K, 41% used [0x00000000c0000000,0x00000000c1c17fc8,0x00000000c4300000)
 Metaspace       used 35030K, committed 35840K, reserved 1114112K
  class space    used 3448K, committed 3840K, reserved 1048576K
}
Event: 7.165 GC heap after
{Heap after GC invocations=18 (full 1):
 PSYoungGen      total 22016K, used 483K [0x00000000eab00000, 0x00000000ec300000, 0x0000000100000000)
  eden space 21504K, 0% used [0x00000000eab00000,0x00000000eab00000,0x00000000ec000000)
  from space 512K, 94% used [0x00000000ec100000,0x00000000ec178c10,0x00000000ec180000)
  to   space 1024K, 0% used [0x00000000ec200000,0x00000000ec200000,0x00000000ec300000)
 ParOldGen       total 68608K, used 29663K [0x00000000c0000000, 0x00000000c4300000, 0x00000000eab00000)
  object space 68608K, 43% used [0x00000000c0000000,0x00000000c1cf7c00,0x00000000c4300000)
 Metaspace       used 35030K, committed 35840K, reserved 1114112K
  class space    used 3448K, committed 3840K, reserved 1048576K
}
Event: 7.165 GC heap before
{Heap before GC invocations=19 (full 2):
 PSYoungGen      total 22016K, used 483K [0x00000000eab00000, 0x00000000ec300000, 0x0000000100000000)
  eden space 21504K, 0% used [0x00000000eab00000,0x00000000eab00000,0x00000000ec000000)
  from space 512K, 94% used [0x00000000ec100000,0x00000000ec178c10,0x00000000ec180000)
  to   space 1024K, 0% used [0x00000000ec200000,0x00000000ec200000,0x00000000ec300000)
 ParOldGen       total 68608K, used 29663K [0x00000000c0000000, 0x00000000c4300000, 0x00000000eab00000)
  object space 68608K, 43% used [0x00000000c0000000,0x00000000c1cf7c00,0x00000000c4300000)
 Metaspace       used 35030K, committed 35840K, reserved 1114112K
  class space    used 3448K, committed 3840K, reserved 1048576K
}
Event: 7.210 GC heap after
{Heap after GC invocations=19 (full 2):
 PSYoungGen      total 22016K, used 0K [0x00000000eab00000, 0x00000000ec300000, 0x0000000100000000)
  eden space 21504K, 0% used [0x00000000eab00000,0x00000000eab00000,0x00000000ec000000)
  from space 512K, 0% used [0x00000000ec100000,0x00000000ec100000,0x00000000ec180000)
  to   space 1024K, 0% used [0x00000000ec200000,0x00000000ec200000,0x00000000ec300000)
 ParOldGen       total 68608K, used 29062K [0x00000000c0000000, 0x00000000c4300000, 0x00000000eab00000)
  object space 68608K, 42% used [0x00000000c0000000,0x00000000c1c61930,0x00000000c4300000)
 Metaspace       used 35030K, committed 35840K, reserved 1114112K
  class space    used 3448K, committed 3840K, reserved 1048576K
}
Event: 7.480 GC heap before
{Heap before GC invocations=20 (full 2):
 PSYoungGen      total 22016K, used 21504K [0x00000000eab00000, 0x00000000ec300000, 0x0000000100000000)
  eden space 21504K, 100% used [0x00000000eab00000,0x00000000ec000000,0x00000000ec000000)
  from space 512K, 0% used [0x00000000ec100000,0x00000000ec100000,0x00000000ec180000)
  to   space 1024K, 0% used [0x00000000ec200000,0x00000000ec200000,0x00000000ec300000)
 ParOldGen       total 68608K, used 29062K [0x00000000c0000000, 0x00000000c4300000, 0x00000000eab00000)
  object space 68608K, 42% used [0x00000000c0000000,0x00000000c1c61930,0x00000000c4300000)
 Metaspace       used 35982K, committed 36800K, reserved 1114112K
  class space    used 3513K, committed 3904K, reserved 1048576K
}
Event: 7.481 GC heap after
{Heap after GC invocations=20 (full 2):
 PSYoungGen      total 22528K, used 994K [0x00000000eab00000, 0x00000000ec400000, 0x0000000100000000)
  eden space 21504K, 0% used [0x00000000eab00000,0x00000000eab00000,0x00000000ec000000)
  from space 1024K, 97% used [0x00000000ec200000,0x00000000ec2f8ad0,0x00000000ec300000)
  to   space 2048K, 0% used [0x00000000ec000000,0x00000000ec000000,0x00000000ec200000)
 ParOldGen       total 68608K, used 29548K [0x00000000c0000000, 0x00000000c4300000, 0x00000000eab00000)
  object space 68608K, 43% used [0x00000000c0000000,0x00000000c1cdb330,0x00000000c4300000)
 Metaspace       used 35982K, committed 36800K, reserved 1114112K
  class space    used 3513K, committed 3904K, reserved 1048576K
}
Event: 7.576 GC heap before
{Heap before GC invocations=21 (full 2):
 PSYoungGen      total 22528K, used 22498K [0x00000000eab00000, 0x00000000ec400000, 0x0000000100000000)
  eden space 21504K, 100% used [0x00000000eab00000,0x00000000ec000000,0x00000000ec000000)
  from space 1024K, 97% used [0x00000000ec200000,0x00000000ec2f8ad0,0x00000000ec300000)
  to   space 2048K, 0% used [0x00000000ec000000,0x00000000ec000000,0x00000000ec200000)
 ParOldGen       total 68608K, used 29548K [0x00000000c0000000, 0x00000000c4300000, 0x00000000eab00000)
  object space 68608K, 43% used [0x00000000c0000000,0x00000000c1cdb330,0x00000000c4300000)
 Metaspace       used 36235K, committed 37056K, reserved 1114112K
  class space    used 3524K, committed 3904K, reserved 1048576K
}
Event: 7.577 GC heap after
{Heap after GC invocations=21 (full 2):
 PSYoungGen      total 22016K, used 160K [0x00000000eab00000, 0x00000000ec280000, 0x0000000100000000)
  eden space 21504K, 0% used [0x00000000eab00000,0x00000000eab00000,0x00000000ec000000)
  from space 512K, 31% used [0x00000000ec000000,0x00000000ec028000,0x00000000ec080000)
  to   space 1024K, 0% used [0x00000000ec180000,0x00000000ec180000,0x00000000ec280000)
 ParOldGen       total 68608K, used 30535K [0x00000000c0000000, 0x00000000c4300000, 0x00000000eab00000)
  object space 68608K, 44% used [0x00000000c0000000,0x00000000c1dd1e00,0x00000000c4300000)
 Metaspace       used 36235K, committed 37056K, reserved 1114112K
  class space    used 3524K, committed 3904K, reserved 1048576K
}
Event: 9.485 GC heap before
{Heap before GC invocations=22 (full 2):
 PSYoungGen      total 22016K, used 21664K [0x00000000eab00000, 0x00000000ec280000, 0x0000000100000000)
  eden space 21504K, 100% used [0x00000000eab00000,0x00000000ec000000,0x00000000ec000000)
  from space 512K, 31% used [0x00000000ec000000,0x00000000ec028000,0x00000000ec080000)
  to   space 1024K, 0% used [0x00000000ec180000,0x00000000ec180000,0x00000000ec280000)
 ParOldGen       total 68608K, used 30535K [0x00000000c0000000, 0x00000000c4300000, 0x00000000eab00000)
  object space 68608K, 44% used [0x00000000c0000000,0x00000000c1dd1e00,0x00000000c4300000)
 Metaspace       used 39401K, committed 40256K, reserved 1114112K
  class space    used 3837K, committed 4224K, reserved 1048576K
}
Event: 9.492 GC heap after
{Heap after GC invocations=22 (full 2):
 PSYoungGen      total 22016K, used 1006K [0x00000000eab00000, 0x00000000ec400000, 0x0000000100000000)
  eden space 20992K, 0% used [0x00000000eab00000,0x00000000eab00000,0x00000000ebf80000)
  from space 1024K, 98% used [0x00000000ec180000,0x00000000ec27ba58,0x00000000ec280000)
  to   space 2048K, 0% used [0x00000000ebf80000,0x00000000ebf80000,0x00000000ec180000)
 ParOldGen       total 68608K, used 30943K [0x00000000c0000000, 0x00000000c4300000, 0x00000000eab00000)
  object space 68608K, 45% used [0x00000000c0000000,0x00000000c1e37f00,0x00000000c4300000)
 Metaspace       used 39401K, committed 40256K, reserved 1114112K
  class space    used 3837K, committed 4224K, reserved 1048576K
}
Event: 11.628 GC heap before
{Heap before GC invocations=23 (full 2):
 PSYoungGen      total 22016K, used 21964K [0x00000000eab00000, 0x00000000ec400000, 0x0000000100000000)
  eden space 20992K, 99% used [0x00000000eab00000,0x00000000ebf778b8,0x00000000ebf80000)
  from space 1024K, 98% used [0x00000000ec180000,0x00000000ec27ba58,0x00000000ec280000)
  to   space 2048K, 0% used [0x00000000ebf80000,0x00000000ebf80000,0x00000000ec180000)
 ParOldGen       total 68608K, used 30943K [0x00000000c0000000, 0x00000000c4300000, 0x00000000eab00000)
  object space 68608K, 45% used [0x00000000c0000000,0x00000000c1e37f00,0x00000000c4300000)
 Metaspace       used 41431K, committed 42432K, reserved 1114112K
  class space    used 4006K, committed 4416K, reserved 1048576K
}
Event: 11.632 GC heap after
{Heap after GC invocations=23 (full 2):
 PSYoungGen      total 23040K, used 1737K [0x00000000eab00000, 0x00000000ec380000, 0x0000000100000000)
  eden space 20992K, 0% used [0x00000000eab00000,0x00000000eab00000,0x00000000ebf80000)
  from space 2048K, 84% used [0x00000000ebf80000,0x00000000ec132410,0x00000000ec180000)
  to   space 2048K, 0% used [0x00000000ec180000,0x00000000ec180000,0x00000000ec380000)
 ParOldGen       total 68608K, used 31902K [0x00000000c0000000, 0x00000000c4300000, 0x00000000eab00000)
  object space 68608K, 46% used [0x00000000c0000000,0x00000000c1f27968,0x00000000c4300000)
 Metaspace       used 41431K, committed 42432K, reserved 1114112K
  class space    used 4006K, committed 4416K, reserved 1048576K
}
Event: 13.691 GC heap before
{Heap before GC invocations=24 (full 2):
 PSYoungGen      total 23040K, used 22729K [0x00000000eab00000, 0x00000000ec380000, 0x0000000100000000)
  eden space 20992K, 100% used [0x00000000eab00000,0x00000000ebf80000,0x00000000ebf80000)
  from space 2048K, 84% used [0x00000000ebf80000,0x00000000ec132410,0x00000000ec180000)
  to   space 2048K, 0% used [0x00000000ec180000,0x00000000ec180000,0x00000000ec380000)
 ParOldGen       total 68608K, used 31902K [0x00000000c0000000, 0x00000000c4300000, 0x00000000eab00000)
  object space 68608K, 46% used [0x00000000c0000000,0x00000000c1f27968,0x00000000c4300000)
 Metaspace       used 43616K, committed 44608K, reserved 1114112K
  class space    used 4183K, committed 4672K, reserved 1048576K
}
Event: 13.695 GC heap after
{Heap after GC invocations=24 (full 2):
 PSYoungGen      total 23040K, used 1920K [0x00000000eab00000, 0x00000000ec380000, 0x0000000100000000)
  eden space 20992K, 0% used [0x00000000eab00000,0x00000000eab00000,0x00000000ebf80000)
  from space 2048K, 93% used [0x00000000ec180000,0x00000000ec3600a0,0x00000000ec380000)
  to   space 2048K, 0% used [0x00000000ebf80000,0x00000000ebf80000,0x00000000ec180000)
 ParOldGen       total 68608K, used 33365K [0x00000000c0000000, 0x00000000c4300000, 0x00000000eab00000)
  object space 68608K, 48% used [0x00000000c0000000,0x00000000c2095478,0x00000000c4300000)
 Metaspace       used 43616K, committed 44608K, reserved 1114112K
  class space    used 4183K, committed 4672K, reserved 1048576K
}
Event: 15.927 GC heap before
{Heap before GC invocations=25 (full 2):
 PSYoungGen      total 23040K, used 22912K [0x00000000eab00000, 0x00000000ec380000, 0x0000000100000000)
  eden space 20992K, 100% used [0x00000000eab00000,0x00000000ebf80000,0x00000000ebf80000)
  from space 2048K, 93% used [0x00000000ec180000,0x00000000ec3600a0,0x00000000ec380000)
  to   space 2048K, 0% used [0x00000000ebf80000,0x00000000ebf80000,0x00000000ec180000)
 ParOldGen       total 68608K, used 33365K [0x00000000c0000000, 0x00000000c4300000, 0x00000000eab00000)
  object space 68608K, 48% used [0x00000000c0000000,0x00000000c2095478,0x00000000c4300000)
 Metaspace       used 43933K, committed 44928K, reserved 1114112K
  class space    used 4195K, committed 4672K, reserved 1048576K
}
Event: 15.930 GC heap after
{Heap after GC invocations=25 (full 2):
 PSYoungGen      total 23040K, used 1408K [0x00000000eab00000, 0x00000000ec380000, 0x0000000100000000)
  eden space 20992K, 0% used [0x00000000eab00000,0x00000000eab00000,0x00000000ebf80000)
  from space 2048K, 68% used [0x00000000ebf80000,0x00000000ec0e01f8,0x00000000ec180000)
  to   space 2048K, 0% used [0x00000000ec180000,0x00000000ec180000,0x00000000ec380000)
 ParOldGen       total 68608K, used 34672K [0x00000000c0000000, 0x00000000c4300000, 0x00000000eab00000)
  object space 68608K, 50% used [0x00000000c0000000,0x00000000c21dc008,0x00000000c4300000)
 Metaspace       used 43933K, committed 44928K, reserved 1114112K
  class space    used 4195K, committed 4672K, reserved 1048576K
}

Dll operation events (10 events):
Event: 0.034 Loaded shared library c:\Users\peme-\.cursor\extensions\redhat.java-1.41.1-win32-x64\jre\21.0.6-win32-x86_64\bin\java.dll
Event: 0.164 Loaded shared library c:\Users\peme-\.cursor\extensions\redhat.java-1.41.1-win32-x64\jre\21.0.6-win32-x86_64\bin\zip.dll
Event: 0.191 Loaded shared library C:\Users\peme-\.cursor\extensions\redhat.java-1.41.1-win32-x64\jre\21.0.6-win32-x86_64\bin\instrument.dll
Event: 0.200 Loaded shared library C:\Users\peme-\.cursor\extensions\redhat.java-1.41.1-win32-x64\jre\21.0.6-win32-x86_64\bin\net.dll
Event: 0.204 Loaded shared library C:\Users\peme-\.cursor\extensions\redhat.java-1.41.1-win32-x64\jre\21.0.6-win32-x86_64\bin\nio.dll
Event: 0.208 Loaded shared library C:\Users\peme-\.cursor\extensions\redhat.java-1.41.1-win32-x64\jre\21.0.6-win32-x86_64\bin\zip.dll
Event: 0.234 Loaded shared library C:\Users\peme-\.cursor\extensions\redhat.java-1.41.1-win32-x64\jre\21.0.6-win32-x86_64\bin\jimage.dll
Event: 0.332 Loaded shared library c:\Users\peme-\.cursor\extensions\redhat.java-1.41.1-win32-x64\jre\21.0.6-win32-x86_64\bin\verify.dll
Event: 1.837 Loaded shared library C:\Users\peme-\AppData\Roaming\Cursor\User\globalStorage\redhat.java\1.41.1\config_ss_win\org.eclipse.equinox.launcher\org.eclipse.equinox.launcher.win32.win32.x86_64_1.2.1300.v20250331-1702\eclipse_11911.dll
Event: 2.797 Loaded shared library C:\Users\peme-\AppData\Local\Temp\jna--2069927086\jna11780505872586578297.dll

Deoptimization events (20 events):
Event: 17.231 Thread 0x0000019907a48280 Uncommon trap: trap_request=0xffffffd6 fr.pc=0x00000198b55fdb9c relative=0x0000000000008b1c
Event: 17.231 Thread 0x0000019907a48280 Uncommon trap: reason=array_check action=maybe_recompile pc=0x00000198b55fdb9c method=org.eclipse.jdt.internal.compiler.lookup.UnresolvedReferenceBinding.addWrapper(Lorg/eclipse/jdt/internal/compiler/lookup/HotSwappable;Lorg/eclipse/jdt/internal/compiler/
Event: 17.231 Thread 0x0000019907a48280 DEOPT PACKING pc=0x00000198b55fdb9c sp=0x0000005c226fd6e0
Event: 17.231 Thread 0x0000019907a48280 DEOPT UNPACKING pc=0x00000198b4ba3aa2 sp=0x0000005c226fd4d0 mode 2
Event: 17.275 Thread 0x0000019907a48280 Uncommon trap: trap_request=0xffffff45 fr.pc=0x00000198b560c5f4 relative=0x00000000000000d4
Event: 17.275 Thread 0x0000019907a48280 Uncommon trap: reason=unstable_if action=reinterpret pc=0x00000198b560c5f4 method=org.eclipse.jdt.internal.compiler.parser.Scanner.getNextChar(C)Z @ 8 c2
Event: 17.275 Thread 0x0000019907a48280 DEOPT PACKING pc=0x00000198b560c5f4 sp=0x0000005c226fda70
Event: 17.275 Thread 0x0000019907a48280 DEOPT UNPACKING pc=0x00000198b4ba3aa2 sp=0x0000005c226fda08 mode 2
Event: 17.443 Thread 0x0000019907a48280 Uncommon trap: trap_request=0xffffff6e fr.pc=0x00000198b562dbd4 relative=0x0000000000000534
Event: 17.443 Thread 0x0000019907a48280 Uncommon trap: reason=loop_limit_check action=maybe_recompile pc=0x00000198b562dbd4 method=org.eclipse.jdt.internal.compiler.lookup.BinaryTypeBinding.superInterfaces()[Lorg/eclipse/jdt/internal/compiler/lookup/ReferenceBinding; @ 266 c2
Event: 17.443 Thread 0x0000019907a48280 DEOPT PACKING pc=0x00000198b562dbd4 sp=0x0000005c226fde90
Event: 17.443 Thread 0x0000019907a48280 DEOPT UNPACKING pc=0x00000198b4ba3aa2 sp=0x0000005c226fde28 mode 2
Event: 18.936 Thread 0x0000019907a48fa0 Uncommon trap: trap_request=0xffffff45 fr.pc=0x00000198b528c43c relative=0x000000000000019c
Event: 18.936 Thread 0x0000019907a48fa0 Uncommon trap: reason=unstable_if action=reinterpret pc=0x00000198b528c43c method=java.lang.Long.stringSize(J)I @ 5 c2
Event: 18.936 Thread 0x0000019907a48fa0 DEOPT PACKING pc=0x00000198b528c43c sp=0x0000005c229fe330
Event: 18.937 Thread 0x0000019907a48fa0 DEOPT UNPACKING pc=0x00000198b4ba3aa2 sp=0x0000005c229fe2a0 mode 2
Event: 18.937 Thread 0x0000019907a48fa0 Uncommon trap: trap_request=0xffffff45 fr.pc=0x00000198b55d8c90 relative=0x00000000000002d0
Event: 18.937 Thread 0x0000019907a48fa0 Uncommon trap: reason=unstable_if action=reinterpret pc=0x00000198b55d8c90 method=java.lang.Long.getChars(JI[B)I @ 6 c2
Event: 18.937 Thread 0x0000019907a48fa0 DEOPT PACKING pc=0x00000198b55d8c90 sp=0x0000005c229fe320
Event: 18.937 Thread 0x0000019907a48fa0 DEOPT UNPACKING pc=0x00000198b4ba3aa2 sp=0x0000005c229fe278 mode 2

Classes loaded (20 events):
Event: 11.698 Loading class java/util/stream/MatchOps
Event: 11.698 Loading class java/util/stream/MatchOps done
Event: 11.698 Loading class java/util/stream/MatchOps$MatchOp
Event: 11.698 Loading class java/util/stream/MatchOps$MatchOp done
Event: 11.698 Loading class java/util/stream/MatchOps$BooleanTerminalSink
Event: 11.698 Loading class java/util/stream/MatchOps$BooleanTerminalSink done
Event: 11.699 Loading class java/util/stream/MatchOps$1MatchSink
Event: 11.699 Loading class java/util/stream/MatchOps$1MatchSink done
Event: 11.790 Loading class java/util/zip/CheckedInputStream
Event: 11.790 Loading class java/util/zip/CheckedInputStream done
Event: 11.991 Loading class java/nio/file/Files$2
Event: 11.991 Loading class java/nio/file/Files$2 done
Event: 12.006 Loading class java/util/concurrent/ArrayBlockingQueue
Event: 12.006 Loading class java/util/concurrent/ArrayBlockingQueue done
Event: 12.896 Loading class java/util/concurrent/ConcurrentHashMap$TreeNode
Event: 12.896 Loading class java/util/concurrent/ConcurrentHashMap$TreeNode done
Event: 12.896 Loading class java/util/concurrent/ConcurrentHashMap$TreeBin
Event: 12.897 Loading class java/util/concurrent/ConcurrentHashMap$TreeBin done
Event: 18.734 Loading class java/util/concurrent/CompletionException
Event: 18.734 Loading class java/util/concurrent/CompletionException done

Classes unloaded (7 events):
Event: 3.217 Thread 0x00000198be7c25f0 Unloading class 0x00000198c0182c00 'java/lang/invoke/LambdaForm$MH+0x00000198c0182c00'
Event: 3.217 Thread 0x00000198be7c25f0 Unloading class 0x00000198c0182800 'java/lang/invoke/LambdaForm$MH+0x00000198c0182800'
Event: 3.217 Thread 0x00000198be7c25f0 Unloading class 0x00000198c0182400 'java/lang/invoke/LambdaForm$MH+0x00000198c0182400'
Event: 3.217 Thread 0x00000198be7c25f0 Unloading class 0x00000198c0182000 'java/lang/invoke/LambdaForm$MH+0x00000198c0182000'
Event: 3.217 Thread 0x00000198be7c25f0 Unloading class 0x00000198c0181c00 'java/lang/invoke/LambdaForm$BMH+0x00000198c0181c00'
Event: 3.217 Thread 0x00000198be7c25f0 Unloading class 0x00000198c0181800 'java/lang/invoke/LambdaForm$DMH+0x00000198c0181800'
Event: 3.217 Thread 0x00000198be7c25f0 Unloading class 0x00000198c0180400 'java/lang/invoke/LambdaForm$DMH+0x00000198c0180400'

Classes redefined (0 events):
No events

Internal exceptions (20 events):
Event: 9.330 Thread 0x0000019907a47560 Exception <a 'java/io/FileNotFoundException'{0x00000000ebbd9518}> (0x00000000ebbd9518) 
thrown [s\src\hotspot\share\prims\jni.cpp, line 520]
Event: 9.330 Thread 0x0000019907a47560 Exception <a 'java/io/FileNotFoundException'{0x00000000ebbda778}> (0x00000000ebbda778) 
thrown [s\src\hotspot\share\prims\jni.cpp, line 520]
Event: 9.549 Thread 0x0000019907a47560 Exception <a 'java/lang/NoSuchMethodError'{0x00000000eac62638}: 'void java.lang.invoke.DirectMethodHandle$Holder.invokeVirtual(java.lang.Object, java.lang.Object, java.lang.Object, java.lang.Object, java.lang.Object)'> (0x00000000eac62638) 
thrown [s\src\hotspot\share\interpreter\linkResolver.cpp, line 773]
Event: 9.586 Thread 0x0000019907a47560 Exception <a 'java/lang/NoSuchMethodError'{0x00000000eac89190}: 'int java.lang.invoke.DirectMethodHandle$Holder.invokeSpecial(java.lang.Object, java.lang.Object, java.lang.Object, java.lang.Object)'> (0x00000000eac89190) 
thrown [s\src\hotspot\share\interpreter\linkResolver.cpp, line 773]
Event: 9.815 Thread 0x0000019907a47560 Exception <a 'java/io/FileNotFoundException'{0x00000000eb09e848}> (0x00000000eb09e848) 
thrown [s\src\hotspot\share\prims\jni.cpp, line 520]
Event: 9.815 Thread 0x0000019907a47560 Exception <a 'java/io/FileNotFoundException'{0x00000000eb09f858}> (0x00000000eb09f858) 
thrown [s\src\hotspot\share\prims\jni.cpp, line 520]
Event: 9.815 Thread 0x0000019907a47560 Exception <a 'java/io/FileNotFoundException'{0x00000000eb0a05d0}> (0x00000000eb0a05d0) 
thrown [s\src\hotspot\share\prims\jni.cpp, line 520]
Event: 11.527 Thread 0x0000019907a48fa0 Exception <a 'java/io/FileNotFoundException'{0x00000000ebc1df68}> (0x00000000ebc1df68) 
thrown [s\src\hotspot\share\prims\jni.cpp, line 520]
Event: 11.527 Thread 0x0000019907a48fa0 Exception <a 'java/io/FileNotFoundException'{0x00000000ebc1f218}> (0x00000000ebc1f218) 
thrown [s\src\hotspot\share\prims\jni.cpp, line 520]
Event: 11.527 Thread 0x0000019907a48fa0 Exception <a 'java/io/FileNotFoundException'{0x00000000ebc20238}> (0x00000000ebc20238) 
thrown [s\src\hotspot\share\prims\jni.cpp, line 520]
Event: 11.560 Thread 0x0000019907a48fa0 Exception <a 'java/lang/IncompatibleClassChangeError'{0x00000000ebcd5858}: Found class java.lang.Object, but interface was expected> (0x00000000ebcd5858) 
thrown [s\src\hotspot\share\interpreter\linkResolver.cpp, line 840]
Event: 11.592 Thread 0x0000019907a48fa0 Exception <a 'java/lang/IncompatibleClassChangeError'{0x00000000ebd2ab88}: Found class java.lang.Object, but interface was expected> (0x00000000ebd2ab88) 
thrown [s\src\hotspot\share\interpreter\linkResolver.cpp, line 840]
Event: 11.607 Thread 0x0000019907a48fa0 Exception <a 'java/lang/IncompatibleClassChangeError'{0x00000000ebd3a848}: Found class java.lang.Object, but interface was expected> (0x00000000ebd3a848) 
thrown [s\src\hotspot\share\interpreter\linkResolver.cpp, line 840]
Event: 11.612 Thread 0x0000019907a4a350 Exception <a 'java/lang/NoSuchMethodError'{0x00000000ebe17e40}: 'java.lang.Object java.lang.invoke.DirectMethodHandle$Holder.newInvokeSpecial(java.lang.Object, java.lang.Object, java.lang.Object, java.lang.Object, int)'> (0x00000000ebe17e40) 
thrown [s\src\hotspot\share\interpreter\linkResolver.cpp, line 773]
Event: 11.615 Thread 0x0000019907a4a350 Exception <a 'java/lang/NoSuchMethodError'{0x00000000ebe1c000}: 'java.lang.Object java.lang.invoke.DirectMethodHandle$Holder.invokeSpecial(java.lang.Object, java.lang.Object, java.lang.Object, java.lang.Object, java.lang.Object, int)'> (0x00000000ebe1c000) 
thrown [s\src\hotspot\share\interpreter\linkResolver.cpp, line 773]
Event: 11.620 Thread 0x0000019907a4a350 Exception <a 'java/lang/NoSuchMethodError'{0x00000000ebe1f7e0}: 'java.lang.Object java.lang.invoke.Invokers$Holder.linkToTargetMethod(java.lang.Object, java.lang.Object, java.lang.Object, int, java.lang.Object)'> (0x00000000ebe1f7e0) 
thrown [s\src\hotspot\share\interpreter\linkResolver.cpp, line 773]
Event: 11.673 Thread 0x0000019907a4b700 Exception <a 'java/lang/NoSuchMethodError'{0x00000000eadf4030}: 'int java.lang.invoke.Invokers$Holder.invokeExact_MT(java.lang.Object, java.lang.Object)'> (0x00000000eadf4030) 
thrown [s\src\hotspot\share\interpreter\linkResolver.cpp, line 773]
Event: 11.707 Thread 0x0000019907a4b700 Exception <a 'java/lang/NoSuchMethodError'{0x00000000eaf72c78}: 'int java.lang.invoke.DirectMethodHandle$Holder.invokeInterface(java.lang.Object, java.lang.Object)'> (0x00000000eaf72c78) 
thrown [s\src\hotspot\share\interpreter\linkResolver.cpp, line 773]
Event: 11.707 Thread 0x0000019907a4b700 Exception <a 'java/lang/IncompatibleClassChangeError'{0x00000000eaf75f48}: Found class java.lang.Object, but interface was expected> (0x00000000eaf75f48) 
thrown [s\src\hotspot\share\interpreter\linkResolver.cpp, line 840]
Event: 18.732 Thread 0x0000019907a48fa0 Exception <a 'java/lang/IncompatibleClassChangeError'{0x00000000eaf49b18}: Found class java.lang.Object, but interface was expected> (0x00000000eaf49b18) 
thrown [s\src\hotspot\share\interpreter\linkResolver.cpp, line 840]

ZGC Phase Switch (0 events):
No events

VM Operations (20 events):
Event: 12.301 Executing VM operation: HandshakeAllThreads (Deoptimize)
Event: 12.301 Executing VM operation: HandshakeAllThreads (Deoptimize) done
Event: 12.421 Executing VM operation: ICBufferFull
Event: 12.422 Executing VM operation: ICBufferFull done
Event: 13.646 Executing VM operation: ICBufferFull
Event: 13.652 Executing VM operation: ICBufferFull done
Event: 13.680 Executing VM operation: ParallelGCFailedAllocation (Allocation Failure)
Event: 13.695 Executing VM operation: ParallelGCFailedAllocation (Allocation Failure) done
Event: 14.708 Executing VM operation: Cleanup
Event: 14.708 Executing VM operation: Cleanup done
Event: 15.354 Executing VM operation: HandshakeAllThreads (Deoptimize)
Event: 15.355 Executing VM operation: HandshakeAllThreads (Deoptimize) done
Event: 15.927 Executing VM operation: ParallelGCFailedAllocation (Allocation Failure)
Event: 15.930 Executing VM operation: ParallelGCFailedAllocation (Allocation Failure) done
Event: 17.347 Executing VM operation: ICBufferFull
Event: 17.348 Executing VM operation: ICBufferFull done
Event: 18.351 Executing VM operation: Cleanup
Event: 18.351 Executing VM operation: Cleanup done
Event: 19.353 Executing VM operation: Cleanup
Event: 19.353 Executing VM operation: Cleanup done

Memory protections (0 events):
No events

Nmethod flushes (20 events):
Event: 7.186 Thread 0x00000198be7c25f0 flushing  nmethod 0x00000198ada88090
Event: 7.186 Thread 0x00000198be7c25f0 flushing  nmethod 0x00000198ada8a010
Event: 7.186 Thread 0x00000198be7c25f0 flushing  nmethod 0x00000198ada8af90
Event: 7.186 Thread 0x00000198be7c25f0 flushing  nmethod 0x00000198adab6190
Event: 7.186 Thread 0x00000198be7c25f0 flushing  nmethod 0x00000198adab8a10
Event: 7.186 Thread 0x00000198be7c25f0 flushing  nmethod 0x00000198adab8d90
Event: 7.186 Thread 0x00000198be7c25f0 flushing  nmethod 0x00000198adaf1190
Event: 7.186 Thread 0x00000198be7c25f0 flushing  nmethod 0x00000198adaf1e90
Event: 7.186 Thread 0x00000198be7c25f0 flushing  nmethod 0x00000198adaf2290
Event: 7.186 Thread 0x00000198be7c25f0 flushing  nmethod 0x00000198adaf3410
Event: 7.186 Thread 0x00000198be7c25f0 flushing  nmethod 0x00000198adafa690
Event: 7.186 Thread 0x00000198be7c25f0 flushing  nmethod 0x00000198adafb990
Event: 7.186 Thread 0x00000198be7c25f0 flushing  nmethod 0x00000198adafc790
Event: 7.186 Thread 0x00000198be7c25f0 flushing  nmethod 0x00000198adafd090
Event: 7.186 Thread 0x00000198be7c25f0 flushing  nmethod 0x00000198adb0d110
Event: 7.186 Thread 0x00000198be7c25f0 flushing  nmethod 0x00000198adb0ec10
Event: 7.186 Thread 0x00000198be7c25f0 flushing  nmethod 0x00000198adb11610
Event: 7.186 Thread 0x00000198be7c25f0 flushing  nmethod 0x00000198adb18690
Event: 7.186 Thread 0x00000198be7c25f0 flushing  nmethod 0x00000198adb1a010
Event: 7.186 Thread 0x00000198be7c25f0 flushing  nmethod 0x00000198adb28b90

Events (20 events):
Event: 11.675 Thread 0x0000019901228250 Thread added: 0x0000019911b7db00
Event: 11.811 Thread 0x0000019901228250 Thread added: 0x00000199017e1c40
Event: 11.896 Thread 0x0000019907a48280 Thread added: 0x0000019907a4a9e0
Event: 11.898 Thread 0x0000019907a48280 Thread added: 0x0000019907a48910
Event: 12.008 Thread 0x0000019907a48280 Thread added: 0x0000019907a4eb80
Event: 12.859 Thread 0x00000199017e1c40 Thread exited: 0x00000199017e1c40
Event: 12.863 Thread 0x0000019911b7db00 Thread exited: 0x0000019911b7db00
Event: 14.669 Thread 0x00000199063dc040 Thread added: 0x0000019907a4bd90
Event: 14.669 Thread 0x00000199063dc040 Thread added: 0x0000019907a4c420
Event: 14.701 Thread 0x0000019901228250 Thread added: 0x0000019908be0cc0
Event: 15.288 Thread 0x0000019908be0cc0 Thread exited: 0x0000019908be0cc0
Event: 15.378 Thread 0x0000019901228250 Thread added: 0x0000019911c0c160
Event: 15.712 Thread 0x0000019901228250 Thread added: 0x00000199017e1c40
Event: 16.931 Thread 0x00000199017e1c40 Thread exited: 0x00000199017e1c40
Event: 16.932 Thread 0x0000019911c0c160 Thread exited: 0x0000019911c0c160
Event: 16.979 Thread 0x0000019901228250 Thread added: 0x0000019911c0c160
Event: 17.189 Thread 0x0000019911c0c160 Thread exited: 0x0000019911c0c160
Event: 17.225 Thread 0x0000019901228250 Thread added: 0x00000199083a5960
Event: 17.261 Thread 0x0000019901228250 Thread added: 0x00000199083a6000
Event: 18.732 Thread 0x00000199083a6000 Thread exited: 0x00000199083a6000


Dynamic libraries:
0x00007ff7d2f80000 - 0x00007ff7d2f8e000 	c:\Users\peme-\.cursor\extensions\redhat.java-1.41.1-win32-x64\jre\21.0.6-win32-x86_64\bin\java.exe
0x00007ffbdf9e0000 - 0x00007ffbdfc40000 	C:\WINDOWS\SYSTEM32\ntdll.dll
0x00007ffbde660000 - 0x00007ffbde727000 	C:\WINDOWS\System32\KERNEL32.DLL
0x00007ffbdd2a0000 - 0x00007ffbdd66a000 	C:\WINDOWS\System32\KERNELBASE.dll
0x00007ffbdd150000 - 0x00007ffbdd29b000 	C:\WINDOWS\System32\ucrtbase.dll
0x00007ffbcc7a0000 - 0x00007ffbcc7b8000 	c:\Users\peme-\.cursor\extensions\redhat.java-1.41.1-win32-x64\jre\21.0.6-win32-x86_64\bin\jli.dll
0x00007ffbcc740000 - 0x00007ffbcc75e000 	c:\Users\peme-\.cursor\extensions\redhat.java-1.41.1-win32-x64\jre\21.0.6-win32-x86_64\bin\VCRUNTIME140.dll
0x00007ffbde730000 - 0x00007ffbde8fc000 	C:\WINDOWS\System32\USER32.dll
0x00007ffbc4030000 - 0x00007ffbc42c7000 	C:\WINDOWS\WinSxS\amd64_microsoft.windows.common-controls_6595b64144ccf1df_6.0.26100.3624_none_3e086962e3345f24\COMCTL32.dll
0x00007ffbdd120000 - 0x00007ffbdd147000 	C:\WINDOWS\System32\win32u.dll
0x00007ffbddb50000 - 0x00007ffbddbf9000 	C:\WINDOWS\System32\msvcrt.dll
0x00007ffbdf560000 - 0x00007ffbdf58a000 	C:\WINDOWS\System32\GDI32.dll
0x00007ffbdcfe0000 - 0x00007ffbdd111000 	C:\WINDOWS\System32\gdi32full.dll
0x00007ffbdcdb0000 - 0x00007ffbdce53000 	C:\WINDOWS\System32\msvcp_win.dll
0x00007ffbde900000 - 0x00007ffbde92f000 	C:\WINDOWS\System32\IMM32.DLL
0x00007ffbcf110000 - 0x00007ffbcf11c000 	c:\Users\peme-\.cursor\extensions\redhat.java-1.41.1-win32-x64\jre\21.0.6-win32-x86_64\bin\vcruntime140_1.dll
0x00007ffb872e0000 - 0x00007ffb8736d000 	c:\Users\peme-\.cursor\extensions\redhat.java-1.41.1-win32-x64\jre\21.0.6-win32-x86_64\bin\msvcp140.dll
0x00007ffb61750000 - 0x00007ffb624e0000 	c:\Users\peme-\.cursor\extensions\redhat.java-1.41.1-win32-x64\jre\21.0.6-win32-x86_64\bin\server\jvm.dll
0x00007ffbdeb20000 - 0x00007ffbdebd2000 	C:\WINDOWS\System32\ADVAPI32.dll
0x00007ffbdd910000 - 0x00007ffbdd9b6000 	C:\WINDOWS\System32\sechost.dll
0x00007ffbdd7f0000 - 0x00007ffbdd906000 	C:\WINDOWS\System32\RPCRT4.dll
0x00007ffbdd9c0000 - 0x00007ffbdda34000 	C:\WINDOWS\System32\WS2_32.dll
0x00007ffbd72a0000 - 0x00007ffbd72ab000 	C:\WINDOWS\SYSTEM32\VERSION.dll
0x00007ffbdc3f0000 - 0x00007ffbdc44e000 	C:\WINDOWS\SYSTEM32\POWRPROF.dll
0x00007ffbcc490000 - 0x00007ffbcc4c6000 	C:\WINDOWS\SYSTEM32\WINMM.dll
0x00007ffbdc3d0000 - 0x00007ffbdc3e4000 	C:\WINDOWS\SYSTEM32\UMPDC.dll
0x00007ffbdb990000 - 0x00007ffbdb9aa000 	C:\WINDOWS\SYSTEM32\kernel.appcore.dll
0x00007ffbcc6d0000 - 0x00007ffbcc6da000 	c:\Users\peme-\.cursor\extensions\redhat.java-1.41.1-win32-x64\jre\21.0.6-win32-x86_64\bin\jimage.dll
0x00007ffb88cd0000 - 0x00007ffb88f11000 	C:\WINDOWS\SYSTEM32\DBGHELP.DLL
0x00007ffbdf5f0000 - 0x00007ffbdf972000 	C:\WINDOWS\System32\combase.dll
0x00007ffbdde30000 - 0x00007ffbddf06000 	C:\WINDOWS\System32\OLEAUT32.dll
0x00007ffb71e70000 - 0x00007ffb71ea9000 	C:\WINDOWS\SYSTEM32\dbgcore.DLL
0x00007ffbdcc50000 - 0x00007ffbdcce9000 	C:\WINDOWS\System32\bcryptPrimitives.dll
0x00007ffbcc6c0000 - 0x00007ffbcc6cf000 	c:\Users\peme-\.cursor\extensions\redhat.java-1.41.1-win32-x64\jre\21.0.6-win32-x86_64\bin\instrument.dll
0x00007ffbcc370000 - 0x00007ffbcc38f000 	c:\Users\peme-\.cursor\extensions\redhat.java-1.41.1-win32-x64\jre\21.0.6-win32-x86_64\bin\java.dll
0x00007ffbddf30000 - 0x00007ffbde659000 	C:\WINDOWS\System32\SHELL32.dll
0x00007ffbdd670000 - 0x00007ffbdd7d8000 	C:\WINDOWS\System32\wintypes.dll
0x00007ffbda840000 - 0x00007ffbdb092000 	C:\WINDOWS\SYSTEM32\windows.storage.dll
0x00007ffbdf470000 - 0x00007ffbdf55d000 	C:\WINDOWS\System32\SHCORE.dll
0x00007ffbdf1a0000 - 0x00007ffbdf204000 	C:\WINDOWS\System32\shlwapi.dll
0x00007ffbdcad0000 - 0x00007ffbdcaff000 	C:\WINDOWS\SYSTEM32\profapi.dll
0x00007ffbcc340000 - 0x00007ffbcc358000 	c:\Users\peme-\.cursor\extensions\redhat.java-1.41.1-win32-x64\jre\21.0.6-win32-x86_64\bin\zip.dll
0x00007ffbcc2e0000 - 0x00007ffbcc2f0000 	C:\Users\peme-\.cursor\extensions\redhat.java-1.41.1-win32-x64\jre\21.0.6-win32-x86_64\bin\net.dll
0x00007ffbd6640000 - 0x00007ffbd675d000 	C:\WINDOWS\SYSTEM32\WINHTTP.dll
0x00007ffbdbe90000 - 0x00007ffbdbefa000 	C:\WINDOWS\system32\mswsock.dll
0x00007ffbc8500000 - 0x00007ffbc8516000 	C:\Users\peme-\.cursor\extensions\redhat.java-1.41.1-win32-x64\jre\21.0.6-win32-x86_64\bin\nio.dll
0x00007ffbcc2d0000 - 0x00007ffbcc2e0000 	c:\Users\peme-\.cursor\extensions\redhat.java-1.41.1-win32-x64\jre\21.0.6-win32-x86_64\bin\verify.dll
0x00007ffbb30a0000 - 0x00007ffbb30e5000 	C:\Users\peme-\AppData\Roaming\Cursor\User\globalStorage\redhat.java\1.41.1\config_ss_win\org.eclipse.equinox.launcher\org.eclipse.equinox.launcher.win32.win32.x86_64_1.2.1300.v20250331-1702\eclipse_11911.dll
0x00007ffbddc90000 - 0x00007ffbdde26000 	C:\WINDOWS\System32\ole32.dll
0x00007ffbdc240000 - 0x00007ffbdc25c000 	C:\WINDOWS\SYSTEM32\CRYPTSP.dll
0x00007ffbdb8f0000 - 0x00007ffbdb92a000 	C:\WINDOWS\system32\rsaenh.dll
0x00007ffbdbf30000 - 0x00007ffbdbf5b000 	C:\WINDOWS\SYSTEM32\USERENV.dll
0x00007ffbdcaa0000 - 0x00007ffbdcac6000 	C:\WINDOWS\SYSTEM32\bcrypt.dll
0x00007ffbdc0c0000 - 0x00007ffbdc0cc000 	C:\WINDOWS\SYSTEM32\CRYPTBASE.dll
0x00007ffbdb3a0000 - 0x00007ffbdb3d3000 	C:\WINDOWS\SYSTEM32\IPHLPAPI.DLL
0x00007ffbdd7e0000 - 0x00007ffbdd7ea000 	C:\WINDOWS\System32\NSI.dll
0x00007ffbb20d0000 - 0x00007ffbb2119000 	C:\Users\peme-\AppData\Local\Temp\jna--2069927086\jna11780505872586578297.dll
0x00007ffbddf10000 - 0x00007ffbddf18000 	C:\WINDOWS\System32\PSAPI.DLL
0x00007ffbd6d20000 - 0x00007ffbd6d3f000 	C:\WINDOWS\SYSTEM32\dhcpcsvc6.DLL
0x00007ffbd6a50000 - 0x00007ffbd6a75000 	C:\WINDOWS\SYSTEM32\dhcpcsvc.DLL

dbghelp: loaded successfully - version: 4.0.5 - missing functions: none
symbol engine: initialized successfully - sym options: 0x614 - pdb path: .;c:\Users\peme-\.cursor\extensions\redhat.java-1.41.1-win32-x64\jre\21.0.6-win32-x86_64\bin;C:\WINDOWS\SYSTEM32;C:\WINDOWS\WinSxS\amd64_microsoft.windows.common-controls_6595b64144ccf1df_6.0.26100.3624_none_3e086962e3345f24;c:\Users\peme-\.cursor\extensions\redhat.java-1.41.1-win32-x64\jre\21.0.6-win32-x86_64\bin\server;C:\Users\peme-\AppData\Roaming\Cursor\User\globalStorage\redhat.java\1.41.1\config_ss_win\org.eclipse.equinox.launcher\org.eclipse.equinox.launcher.win32.win32.x86_64_1.2.1300.v20250331-1702;C:\Users\peme-\AppData\Local\Temp\jna--2069927086

VM Arguments:
jvm_args: --add-modules=ALL-SYSTEM --add-opens=java.base/java.util=ALL-UNNAMED --add-opens=java.base/java.lang=ALL-UNNAMED --add-opens=java.base/sun.nio.fs=ALL-UNNAMED -Declipse.application=org.eclipse.jdt.ls.core.id1 -Dosgi.bundles.defaultStartLevel=4 -Declipse.product=org.eclipse.jdt.ls.core.product -Djava.import.generatesMetadataFilesAtProjectRoot=false -DDetectVMInstallationsJob.disabled=true -Dfile.encoding=utf8 -XX:+UseParallelGC -XX:GCTimeRatio=4 -XX:AdaptiveSizePolicyWeight=90 -Dsun.zip.disableMemoryMapping=true -Xmx1G -Xms100m -Xlog:disable -javaagent:c:\Users\peme-\.cursor\extensions\redhat.java-1.41.1-win32-x64\lombok\lombok-1.18.36.jar 
java_command: c:\Users\peme-\.cursor\extensions\redhat.java-1.41.1-win32-x64\server\plugins\org.eclipse.equinox.launcher_1.7.0.v20250331-1702.jar -configuration c:\Users\peme-\AppData\Roaming\Cursor\User\globalStorage\redhat.java\1.41.1\config_ss_win -data c:\Users\peme-\AppData\Roaming\Cursor\User\workspaceStorage\e45d05da9fe6984f595c8de2f5d05746\redhat.java\ss_ws --pipe=\\.\pipe\lsp-0bfccc5193649d116751e5a9845a995d-sock
java_class_path (initial): c:\Users\peme-\.cursor\extensions\redhat.java-1.41.1-win32-x64\server\plugins\org.eclipse.equinox.launcher_1.7.0.v20250331-1702.jar
Launcher Type: SUN_STANDARD

[Global flags]
    uintx AdaptiveSizePolicyWeight                 = 90                                        {product} {command line}
     intx CICompilerCount                          = 4                                         {product} {ergonomic}
    uintx GCTimeRatio                              = 4                                         {product} {command line}
   size_t InitialHeapSize                          = 104857600                                 {product} {command line}
   size_t MaxHeapSize                              = 1073741824                                {product} {command line}
   size_t MaxNewSize                               = 357564416                                 {product} {ergonomic}
   size_t MinHeapDeltaBytes                        = 524288                                    {product} {ergonomic}
   size_t MinHeapSize                              = 104857600                                 {product} {command line}
   size_t NewSize                                  = 34603008                                  {product} {ergonomic}
    uintx NonNMethodCodeHeapSize                   = 5839372                                {pd product} {ergonomic}
    uintx NonProfiledCodeHeapSize                  = 122909434                              {pd product} {ergonomic}
   size_t OldSize                                  = 70254592                                  {product} {ergonomic}
    uintx ProfiledCodeHeapSize                     = 122909434                              {pd product} {ergonomic}
    uintx ReservedCodeCacheSize                    = 251658240                              {pd product} {ergonomic}
     bool SegmentedCodeCache                       = true                                      {product} {ergonomic}
   size_t SoftMaxHeapSize                          = 1073741824                             {manageable} {ergonomic}
     bool UseCompressedOops                        = true                           {product lp64_product} {ergonomic}
     bool UseLargePagesIndividualAllocation        = false                                  {pd product} {ergonomic}
     bool UseParallelGC                            = true                                      {product} {command line}

Logging:
Log output configuration:
 #0: stdout all=off uptime,level,tags foldmultilines=false
 #1: stderr all=off uptime,level,tags foldmultilines=false

Environment Variables:
JAVA_HOME=C:\Program Files\Eclipse Adoptium\jdk-17.0.15.6-hotspot
PATH=C:\Program Files\Eclipse Adoptium\jdk-17.0.15.6-hotspot\bin;C:\WINDOWS\system32;C:\WINDOWS;C:\WINDOWS\System32\Wbem;C:\WINDOWS\System32\WindowsPowerShell\v1.0\;C:\WINDOWS\System32\OpenSSH\;C:\Program Files\Microsoft SQL Server\Client SDK\ODBC\130\Tools\Binn\;C:\Program Files\Eclipse Adoptium\jdk-17.0.14.7-hotspot\bin;C:\Program Files\nodejs\;C:\Users\peme-\AppData\Local\Programs\Python\Python313\;C:\Users\peme-\AppData\Local\Programs\Python\Python313\Scripts;C:\Program Files\Git\cmd;C:\Program Files\Eclipse Adoptium\jdk-17.0.15.6-hotspot\bin;C:\WINDOWS\system32;C:\WINDOWS;C:\WINDOWS\System32\Wbem;C:\WINDOWS\System32\WindowsPowerShell\v1.0\;C:\WINDOWS\System32\OpenSSH\;C:\Program Files\Microsoft SQL Server\Client SDK\ODBC\130\Tools\Binn\;C:\Program Files\Eclipse Adoptium\jdk-17.0.14.7-hotspot\bin;C:\Program Files\nodejs\;C:\Users\peme-\AppData\Local\Programs\Python\Python313\;C:\Users\peme-\AppData\Local\Programs\Python\Python313\Scripts;C:\Program Files\Git\cmd;C:\Android\SDK\cmdline-tools\latest\bin;C:\Android\SDK\platform-tools
USERNAME=CPDSC-MIS 25
OS=Windows_NT
PROCESSOR_IDENTIFIER=Intel64 Family 6 Model 151 Stepping 5, GenuineIntel
TMP=C:\Users\peme-\AppData\Local\Temp
TEMP=C:\Users\peme-\AppData\Local\Temp




Periodic native trim disabled

---------------  S Y S T E M  ---------------

OS:
 Windows 11 , 64 bit Build 26100 (10.0.26100.3775)
OS uptime: 1 days 0:05 hours
Hyper-V role detected

CPU: total 8 (initial active 8) (4 cores per cpu, 2 threads per core) family 6 model 151 stepping 5 microcode 0x32, cx8, cmov, fxsr, ht, mmx, 3dnowpref, sse, sse2, sse3, ssse3, sse4.1, sse4.2, popcnt, lzcnt, tsc, tscinvbit, avx, avx2, aes, erms, clmul, bmi1, bmi2, adx, sha, fma, vzeroupper, clflush, clflushopt, clwb, hv, serialize, rdtscp, rdpid, fsrm, f16c, cet_ibt, cet_ss
Processor Information for the first 8 processors :
  Max Mhz: 3300, Current Mhz: 3300, Mhz Limit: 3300

Memory: 4k page, system-wide physical 7930M (1746M free)
TotalPageFile size 9978M (AvailPageFile size 54M)
current process WorkingSet (physical memory assigned to process): 212M, peak: 275M
current process commit charge ("private bytes"): 281M, peak: 347M

vm_info: OpenJDK 64-Bit Server VM (21.0.6+7-LTS) for windows-amd64 JRE (21.0.6+7-LTS), built on 2025-01-21T00:00:00Z by "admin" with MS VC++ 17.7 (VS2022)

END.
