#
# There is insufficient memory for the Java Runtime Environment to continue.
# Native memory allocation (malloc) failed to allocate 1570096 bytes. Error detail: Chunk::new
# Possible reasons:
#   The system is out of physical RAM or swap space
#   This process is running with CompressedOops enabled, and the Java Heap may be blocking the growth of the native heap
# Possible solutions:
#   Reduce memory load on the system
#   Increase physical memory or swap space
#   Check if swap backing store is full
#   Decrease Java heap size (-Xmx/-Xms)
#   Decrease number of Java threads
#   Decrease Java thread stack sizes (-Xss)
#   Set larger code cache with -XX:ReservedCodeCacheSize=
#   JVM is running with Unscaled Compressed Oops mode in which the Java heap is
#     placed in the first 4GB address space. The Java Heap base address is the
#     maximum limit for the native heap growth. Please use -XX:HeapBaseMinAddress
#     to set the Java Heap base and to place the Java Heap above 4GB virtual address.
# This output file may be truncated or incomplete.
#
#  Out of Memory Error (arena.cpp:168), pid=11844, tid=13368
#
# JRE version: OpenJDK Runtime Environment Temurin-21.0.6+7 (21.0.6+7) (build 21.0.6+7-LTS)
# Java VM: OpenJDK 64-Bit Server VM Temurin-21.0.6+7 (21.0.6+7-LTS, mixed mode, sharing, tiered, compressed oops, compressed class ptrs, parallel gc, windows-amd64)
# No core dump will be written. Minidumps are not enabled by default on client versions of Windows
#

---------------  S U M M A R Y ------------

Command Line: --add-modules=ALL-SYSTEM --add-opens=java.base/java.util=ALL-UNNAMED --add-opens=java.base/java.lang=ALL-UNNAMED --add-opens=java.base/sun.nio.fs=ALL-UNNAMED -Declipse.application=org.eclipse.jdt.ls.core.id1 -Dosgi.bundles.defaultStartLevel=4 -Declipse.product=org.eclipse.jdt.ls.core.product -Djava.import.generatesMetadataFilesAtProjectRoot=false -DDetectVMInstallationsJob.disabled=true -Dfile.encoding=utf8 -XX:+UseParallelGC -XX:GCTimeRatio=4 -XX:AdaptiveSizePolicyWeight=90 -Dsun.zip.disableMemoryMapping=true -Xmx1G -Xms100m -Xlog:disable -javaagent:c:\Users\peme-\.cursor\extensions\redhat.java-1.41.1-win32-x64\lombok\lombok-1.18.36.jar c:\Users\peme-\.cursor\extensions\redhat.java-1.41.1-win32-x64\server\plugins\org.eclipse.equinox.launcher_1.7.0.v20250331-1702.jar -configuration c:\Users\peme-\AppData\Roaming\Cursor\User\globalStorage\redhat.java\1.41.1\config_ss_win -data c:\Users\peme-\AppData\Roaming\Cursor\User\workspaceStorage\e45d05da9fe6984f595c8de2f5d05746\redhat.java\ss_ws --pipe=\\.\pipe\lsp-73532eae91d959e017fc3eaab5db4f8d-sock

Host: 12th Gen Intel(R) Core(TM) i3-12100, 8 cores, 7G,  Windows 11 , 64 bit Build 26100 (10.0.26100.3775)
Time: Fri Apr 25 11:52:35 2025 Malay Peninsula Standard Time elapsed time: 33.425851 seconds (0d 0h 0m 33s)

---------------  T H R E A D  ---------------

Current thread (0x00000243fe7402d0):  JavaThread "C2 CompilerThread1" daemon [_thread_in_native, id=13368, stack(0x0000009ad7900000,0x0000009ad7a00000) (1024K)]


Current CompileTask:
C2:33426 7021       4       org.eclipse.jdt.internal.compiler.parser.Parser::consumeRule (7755 bytes)

Stack: [0x0000009ad7900000,0x0000009ad7a00000]
Native frames: (J=compiled Java code, j=interpreted, Vv=VM code, C=native code)
V  [jvm.dll+0x6cdee9]
V  [jvm.dll+0x8a83d1]
V  [jvm.dll+0x8aa8fe]
V  [jvm.dll+0x8aafe3]
V  [jvm.dll+0x27f706]
V  [jvm.dll+0xc500d]
V  [jvm.dll+0xc5543]
V  [jvm.dll+0x3b6752]
V  [jvm.dll+0x382935]
V  [jvm.dll+0x381d9a]
V  [jvm.dll+0x2479f0]
V  [jvm.dll+0x246fcf]
V  [jvm.dll+0x1c75ee]
V  [jvm.dll+0x25685a]
V  [jvm.dll+0x254dfa]
V  [jvm.dll+0x3f0256]
V  [jvm.dll+0x851f8b]
V  [jvm.dll+0x6cc5ed]
C  [ucrtbase.dll+0x37b0]
C  [KERNEL32.DLL+0x2e8d7]
C  [ntdll.dll+0xb14fc]


---------------  P R O C E S S  ---------------

Threads class SMR info:
_java_thread_list=0x00000243fd3f9e30, length=34, elements={
0x00000243a1baafb0, 0x00000243b5f5fbc0, 0x00000243b5f609d0, 0x00000243b5f65250,
0x00000243b5f68ef0, 0x00000243b5f69bc0, 0x00000243b5f6a610, 0x00000243b5f6d450,
0x00000243b5f9b860, 0x00000243f895e050, 0x00000243f8b98040, 0x00000243fd4e8e50,
0x00000243fd8be7d0, 0x00000243fd8bee30, 0x00000243fd6a9e20, 0x00000243fd742050,
0x00000243fda19c90, 0x00000243fda474d0, 0x00000243fd7fc3c0, 0x00000243fd7fa2f0,
0x00000243fd7fd0e0, 0x00000243fd7f9c60, 0x00000243fd7fa980, 0x00000243fd7fb010,
0x00000243fd7fbd30, 0x00000243fd7fb6a0, 0x00000243fd7fca50, 0x00000243ff778e30,
0x00000243ff777a80, 0x00000243ff7773f0, 0x00000243ff7787a0, 0x00000243ff778110,
0x00000243fe7402d0, 0x00000243ff1b4000
}

Java Threads: ( => current thread )
  0x00000243a1baafb0 JavaThread "main"                              [_thread_blocked, id=2480, stack(0x0000009ad7b00000,0x0000009ad7c00000) (1024K)]
  0x00000243b5f5fbc0 JavaThread "Reference Handler"          daemon [_thread_blocked, id=13244, stack(0x0000009ad7f00000,0x0000009ad8000000) (1024K)]
  0x00000243b5f609d0 JavaThread "Finalizer"                  daemon [_thread_blocked, id=3348, stack(0x0000009ad8000000,0x0000009ad8100000) (1024K)]
  0x00000243b5f65250 JavaThread "Signal Dispatcher"          daemon [_thread_blocked, id=4840, stack(0x0000009ad8100000,0x0000009ad8200000) (1024K)]
  0x00000243b5f68ef0 JavaThread "Attach Listener"            daemon [_thread_blocked, id=11416, stack(0x0000009ad8200000,0x0000009ad8300000) (1024K)]
  0x00000243b5f69bc0 JavaThread "Service Thread"             daemon [_thread_blocked, id=14192, stack(0x0000009ad8300000,0x0000009ad8400000) (1024K)]
  0x00000243b5f6a610 JavaThread "Monitor Deflation Thread"   daemon [_thread_blocked, id=10160, stack(0x0000009ad8400000,0x0000009ad8500000) (1024K)]
  0x00000243b5f6d450 JavaThread "C2 CompilerThread0"         daemon [_thread_blocked, id=13304, stack(0x0000009ad8500000,0x0000009ad8600000) (1024K)]
  0x00000243b5f9b860 JavaThread "C1 CompilerThread0"         daemon [_thread_blocked, id=6136, stack(0x0000009ad8600000,0x0000009ad8700000) (1024K)]
  0x00000243f895e050 JavaThread "Common-Cleaner"             daemon [_thread_blocked, id=2696, stack(0x0000009ad8700000,0x0000009ad8800000) (1024K)]
  0x00000243f8b98040 JavaThread "Notification Thread"        daemon [_thread_blocked, id=1220, stack(0x0000009ad8900000,0x0000009ad8a00000) (1024K)]
  0x00000243fd4e8e50 JavaThread "Active Thread: Equinox Container: 70691559-917d-4cb7-8350-8eeefda54102"        [_thread_blocked, id=3460, stack(0x0000009ad9100000,0x0000009ad9200000) (1024K)]
  0x00000243fd8be7d0 JavaThread "Framework Event Dispatcher: Equinox Container: 70691559-917d-4cb7-8350-8eeefda54102" daemon [_thread_blocked, id=2544, stack(0x0000009ad9200000,0x0000009ad9300000) (1024K)]
  0x00000243fd8bee30 JavaThread "Start Level: Equinox Container: 70691559-917d-4cb7-8350-8eeefda54102" daemon [_thread_blocked, id=6648, stack(0x0000009ad9300000,0x0000009ad9400000) (1024K)]
  0x00000243fd6a9e20 JavaThread "SCR Component Actor"        daemon [_thread_blocked, id=14136, stack(0x0000009ad9400000,0x0000009ad9500000) (1024K)]
  0x00000243fd742050 JavaThread "Worker-JM"                         [_thread_blocked, id=6300, stack(0x0000009ad9600000,0x0000009ad9700000) (1024K)]
  0x00000243fda19c90 JavaThread "JNA Cleaner"                daemon [_thread_blocked, id=13324, stack(0x0000009ad8800000,0x0000009ad8900000) (1024K)]
  0x00000243fda474d0 JavaThread "Worker-0"                          [_thread_blocked, id=2316, stack(0x0000009ad9700000,0x0000009ad9800000) (1024K)]
  0x00000243fd7fc3c0 JavaThread "Worker-1"                          [_thread_blocked, id=920, stack(0x0000009ad9800000,0x0000009ad9900000) (1024K)]
  0x00000243fd7fa2f0 JavaThread "Thread-2"                   daemon [_thread_in_native, id=13472, stack(0x0000009ad9d00000,0x0000009ad9e00000) (1024K)]
  0x00000243fd7fd0e0 JavaThread "Thread-3"                   daemon [_thread_in_native, id=6592, stack(0x0000009ad9e00000,0x0000009ad9f00000) (1024K)]
  0x00000243fd7f9c60 JavaThread "Thread-4"                   daemon [_thread_in_native, id=4904, stack(0x0000009ad9f00000,0x0000009ada000000) (1024K)]
  0x00000243fd7fa980 JavaThread "Thread-5"                   daemon [_thread_in_native, id=7860, stack(0x0000009ada000000,0x0000009ada100000) (1024K)]
  0x00000243fd7fb010 JavaThread "Thread-6"                   daemon [_thread_in_native, id=6156, stack(0x0000009ada100000,0x0000009ada200000) (1024K)]
  0x00000243fd7fbd30 JavaThread "Thread-7"                   daemon [_thread_in_native, id=13836, stack(0x0000009ada200000,0x0000009ada300000) (1024K)]
  0x00000243fd7fb6a0 JavaThread "Thread-8"                   daemon [_thread_in_native, id=13508, stack(0x0000009ada300000,0x0000009ada400000) (1024K)]
  0x00000243fd7fca50 JavaThread "Thread-9"                   daemon [_thread_in_native, id=12744, stack(0x0000009ada400000,0x0000009ada500000) (1024K)]
  0x00000243ff778e30 JavaThread "Thread-10"                  daemon [_thread_in_native, id=1440, stack(0x0000009ada500000,0x0000009ada600000) (1024K)]
  0x00000243ff777a80 JavaThread "pool-2-thread-1"                   [_thread_blocked, id=13468, stack(0x0000009ada600000,0x0000009ada700000) (1024K)]
  0x00000243ff7773f0 JavaThread "Worker-2"                          [_thread_blocked, id=8796, stack(0x0000009ada700000,0x0000009ada800000) (1024K)]
  0x00000243ff7787a0 JavaThread "WorkspaceEventsHandler"            [_thread_blocked, id=3648, stack(0x0000009ada800000,0x0000009ada900000) (1024K)]
  0x00000243ff778110 JavaThread "pool-1-thread-1"                   [_thread_blocked, id=13184, stack(0x0000009ada900000,0x0000009adaa00000) (1024K)]
=>0x00000243fe7402d0 JavaThread "C2 CompilerThread1"         daemon [_thread_in_native, id=13368, stack(0x0000009ad7900000,0x0000009ad7a00000) (1024K)]
  0x00000243ff1b4000 JavaThread "C2 CompilerThread2"         daemon [_thread_in_native, id=6248, stack(0x0000009ad8a00000,0x0000009ad8b00000) (1024K)]
Total: 34

Other Threads:
  0x00000243b5f42a50 VMThread "VM Thread"                           [id=8680, stack(0x0000009ad7e00000,0x0000009ad7f00000) (1024K)]
  0x00000243b5e7ca00 WatcherThread "VM Periodic Task Thread"        [id=8760, stack(0x0000009ad7d00000,0x0000009ad7e00000) (1024K)]
  0x00000243a1bc9220 WorkerThread "GC Thread#0"                     [id=2904, stack(0x0000009ad7c00000,0x0000009ad7d00000) (1024K)]
  0x00000243fd2e7540 WorkerThread "GC Thread#1"                     [id=12724, stack(0x0000009ad8b00000,0x0000009ad8c00000) (1024K)]
  0x00000243fd2e78e0 WorkerThread "GC Thread#2"                     [id=6824, stack(0x0000009ad8c00000,0x0000009ad8d00000) (1024K)]
  0x00000243fd1e31b0 WorkerThread "GC Thread#3"                     [id=10564, stack(0x0000009ad8d00000,0x0000009ad8e00000) (1024K)]
  0x00000243fd1e3550 WorkerThread "GC Thread#4"                     [id=11272, stack(0x0000009ad8e00000,0x0000009ad8f00000) (1024K)]
  0x00000243fd1e38f0 WorkerThread "GC Thread#5"                     [id=2332, stack(0x0000009ad8f00000,0x0000009ad9000000) (1024K)]
  0x00000243fd2f5f30 WorkerThread "GC Thread#6"                     [id=13268, stack(0x0000009ad9000000,0x0000009ad9100000) (1024K)]
  0x00000243fd7efa10 WorkerThread "GC Thread#7"                     [id=8632, stack(0x0000009ad9500000,0x0000009ad9600000) (1024K)]
Total: 10

Threads with active compile tasks:
C2 CompilerThread1  33472 7021       4       org.eclipse.jdt.internal.compiler.parser.Parser::consumeRule (7755 bytes)
C2 CompilerThread2  33473 7074       4       org.eclipse.jdt.internal.compiler.lookup.BinaryTypeBinding::createMethod (1720 bytes)
Total: 2

VM state: not at safepoint (normal execution)

VM Mutex/Monitor currently owned by a thread: None

Heap address: 0x00000000c0000000, size: 1024 MB, Compressed Oops mode: 32-bit

CDS archive(s) mapped at: [0x00000243b6000000-0x00000243b6ba0000-0x00000243b6ba0000), size 12189696, SharedBaseAddress: 0x00000243b6000000, ArchiveRelocationMode: 1.
Compressed class space mapped at: 0x00000243b7000000-0x00000243f7000000, reserved size: 1073741824
Narrow klass base: 0x00000243b6000000, Narrow klass shift: 0, Narrow klass range: 0x100000000

GC Precious Log:
 CardTable entry size: 512
 CPUs: 8 total, 8 available
 Memory: 7930M
 Large Page Support: Disabled
 NUMA Support: Disabled
 Compressed Oops: Enabled (32-bit)
 Alignments: Space 512K, Generation 512K, Heap 2M
 Heap Min Capacity: 100M
 Heap Initial Capacity: 100M
 Heap Max Capacity: 1G
 Pre-touch: Disabled
 Parallel Workers: 8

Heap:
 PSYoungGen      total 22016K, used 7603K [0x00000000eab00000, 0x00000000ec500000, 0x0000000100000000)
  eden space 21504K, 33% used [0x00000000eab00000,0x00000000eb1f3818,0x00000000ec000000)
  from space 512K, 94% used [0x00000000ec100000,0x00000000ec179770,0x00000000ec180000)
  to   space 2560K, 0% used [0x00000000ec280000,0x00000000ec280000,0x00000000ec500000)
 ParOldGen       total 68608K, used 32253K [0x00000000c0000000, 0x00000000c4300000, 0x00000000eab00000)
  object space 68608K, 47% used [0x00000000c0000000,0x00000000c1f7f640,0x00000000c4300000)
 Metaspace       used 41750K, committed 42752K, reserved 1114112K
  class space    used 3984K, committed 4480K, reserved 1048576K

Card table byte_map: [0x00000243a1460000,0x00000243a1670000] _byte_map_base: 0x00000243a0e60000

Marking Bits: (ParMarkBitMap*) 0x00007ffb62403260
 Begin Bits: [0x00000243b3da0000, 0x00000243b4da0000)
 End Bits:   [0x00000243b4da0000, 0x00000243b5da0000)

Polling page: 0x000002439f970000

Metaspace:

Usage:
  Non-class:     36.88 MB used.
      Class:      3.89 MB used.
       Both:     40.77 MB used.

Virtual space:
  Non-class space:       64.00 MB reserved,      37.38 MB ( 58%) committed,  1 nodes.
      Class space:        1.00 GB reserved,       4.38 MB ( <1%) committed,  1 nodes.
             Both:        1.06 GB reserved,      41.75 MB (  4%) committed. 

Chunk freelists:
   Non-Class:  9.94 MB
       Class:  11.69 MB
        Both:  21.62 MB

MaxMetaspaceSize: unlimited
CompressedClassSpaceSize: 1.00 GB
Initial GC threshold: 21.00 MB
Current GC threshold: 58.38 MB
CDS: on
 - commit_granule_bytes: 65536.
 - commit_granule_words: 8192.
 - virtual_space_node_default_size: 8388608.
 - enlarge_chunks_in_place: 1.
 - use_allocation_guard: 0.


Internal statistics:

num_allocs_failed_limit: 6.
num_arena_births: 886.
num_arena_deaths: 14.
num_vsnodes_births: 2.
num_vsnodes_deaths: 0.
num_space_committed: 668.
num_space_uncommitted: 0.
num_chunks_returned_to_freelist: 20.
num_chunks_taken_from_freelist: 2699.
num_chunk_merges: 12.
num_chunk_splits: 1706.
num_chunks_enlarged: 1028.
num_inconsistent_stats: 0.

CodeHeap 'non-profiled nmethods': size=120000Kb used=5297Kb max_used=5297Kb free=114702Kb
 bounds [0x00000243ac870000, 0x00000243acda0000, 0x00000243b3da0000]
CodeHeap 'profiled nmethods': size=120000Kb used=15503Kb max_used=15503Kb free=104496Kb
 bounds [0x00000243a4da0000, 0x00000243a5cd0000, 0x00000243ac2d0000]
CodeHeap 'non-nmethods': size=5760Kb used=1391Kb max_used=1499Kb free=4368Kb
 bounds [0x00000243ac2d0000, 0x00000243ac540000, 0x00000243ac870000]
 total_blobs=7407 nmethods=6710 adapters=603
 compilation: enabled
              stopped_count=0, restarted_count=0
 full_count=0

Compilation events (20 events):
Event: 32.385 Thread 0x00000243b5f9b860 nmethod 7118 0x00000243a5cba010 code [0x00000243a5cba240, 0x00000243a5cbacd8]
Event: 32.385 Thread 0x00000243b5f9b860 7117       3       org.eclipse.jdt.internal.compiler.lookup.BinaryTypeBinding::isEquivalentTo (84 bytes)
Event: 32.386 Thread 0x00000243b5f9b860 nmethod 7117 0x00000243a5cbb010 code [0x00000243a5cbb240, 0x00000243a5cbb860]
Event: 32.386 Thread 0x00000243b5f9b860 7115       3       lombok.eclipse.EclipseAST::rebuild (62 bytes)
Event: 32.386 Thread 0x00000243b5f9b860 nmethod 7115 0x00000243a5cbba10 code [0x00000243a5cbbc00, 0x00000243a5cbc318]
Event: 32.386 Thread 0x00000243b5f9b860 7116       3       org.eclipse.jdt.internal.compiler.ast.Expression::setExpressionContext (1 bytes)
Event: 32.386 Thread 0x00000243b5f9b860 nmethod 7116 0x00000243a5cbc510 code [0x00000243a5cbc6a0, 0x00000243a5cbc7a8]
Event: 32.386 Thread 0x00000243b5f6d450 7119       4       org.eclipse.jdt.internal.compiler.util.CharArrayMap::get (38 bytes)
Event: 32.387 Thread 0x00000243b5f9b860 7120       3       org.eclipse.jdt.internal.compiler.CompilationResult$1::compare (16 bytes)
Event: 32.388 Thread 0x00000243b5f9b860 nmethod 7120 0x00000243a5cbc810 code [0x00000243a5cbc9c0, 0x00000243a5cbcdf8]
Event: 32.389 Thread 0x00000243b5f6d450 nmethod 7119 0x00000243acd9b590 code [0x00000243acd9b720, 0x00000243acd9b938]
Event: 32.389 Thread 0x00000243b5f9b860 7121       3       java.lang.invoke.LambdaForm$MH/0x00000243b711e000::invoke (27 bytes)
Event: 32.390 Thread 0x00000243b5f9b860 nmethod 7121 0x00000243a5cbcf10 code [0x00000243a5cbd0e0, 0x00000243a5cbd560]
Event: 32.390 Thread 0x00000243b5f9b860 7122       3       java.lang.StringConcatHelper::newArrayWithSuffix (40 bytes)
Event: 32.391 Thread 0x00000243b5f9b860 nmethod 7122 0x00000243a5cbd690 code [0x00000243a5cbd8a0, 0x00000243a5cbde38]
Event: 32.391 Thread 0x00000243b5f9b860 7123       3       java.lang.invoke.LambdaForm$MH/0x00000243b714ac00::invoke (94 bytes)
Event: 32.391 Thread 0x00000243b5f9b860 nmethod 7123 0x00000243a5cbe090 code [0x00000243a5cbe2e0, 0x00000243a5cbef50]
Event: 32.391 Thread 0x00000243b5f9b860 7124       3       java.lang.invoke.LambdaForm$MH/0x00000243b714a400::invoke (27 bytes)
Event: 32.392 Thread 0x00000243b5f9b860 nmethod 7124 0x00000243a5cbf210 code [0x00000243a5cbf3e0, 0x00000243a5cbf858]
Event: 32.393 Thread 0x00000243b5f9b860 7125       3       org.eclipse.jdt.internal.compiler.codegen.ConstantPool::literalIndex (400 bytes)

GC Heap History (20 events):
Event: 16.247 GC heap before
{Heap before GC invocations=16 (full 1):
 PSYoungGen      total 24064K, used 23968K [0x00000000eab00000, 0x00000000ec600000, 0x0000000100000000)
  eden space 21504K, 100% used [0x00000000eab00000,0x00000000ec000000,0x00000000ec000000)
  from space 2560K, 96% used [0x00000000ec380000,0x00000000ec5e8010,0x00000000ec600000)
  to   space 3072K, 0% used [0x00000000ec000000,0x00000000ec000000,0x00000000ec300000)
 ParOldGen       total 68608K, used 24570K [0x00000000c0000000, 0x00000000c4300000, 0x00000000eab00000)
  object space 68608K, 35% used [0x00000000c0000000,0x00000000c17fe8f0,0x00000000c4300000)
 Metaspace       used 31981K, committed 32896K, reserved 1114112K
  class space    used 3099K, committed 3520K, reserved 1048576K
}
Event: 16.254 GC heap after
{Heap after GC invocations=16 (full 1):
 PSYoungGen      total 24064K, used 2176K [0x00000000eab00000, 0x00000000ec500000, 0x0000000100000000)
  eden space 21504K, 0% used [0x00000000eab00000,0x00000000eab00000,0x00000000ec000000)
  from space 2560K, 85% used [0x00000000ec000000,0x00000000ec220000,0x00000000ec280000)
  to   space 2560K, 0% used [0x00000000ec280000,0x00000000ec280000,0x00000000ec500000)
 ParOldGen       total 68608K, used 26954K [0x00000000c0000000, 0x00000000c4300000, 0x00000000eab00000)
  object space 68608K, 39% used [0x00000000c0000000,0x00000000c1a52900,0x00000000c4300000)
 Metaspace       used 31981K, committed 32896K, reserved 1114112K
  class space    used 3099K, committed 3520K, reserved 1048576K
}
Event: 16.956 GC heap before
{Heap before GC invocations=17 (full 1):
 PSYoungGen      total 24064K, used 23680K [0x00000000eab00000, 0x00000000ec500000, 0x0000000100000000)
  eden space 21504K, 100% used [0x00000000eab00000,0x00000000ec000000,0x00000000ec000000)
  from space 2560K, 85% used [0x00000000ec000000,0x00000000ec220000,0x00000000ec280000)
  to   space 2560K, 0% used [0x00000000ec280000,0x00000000ec280000,0x00000000ec500000)
 ParOldGen       total 68608K, used 26954K [0x00000000c0000000, 0x00000000c4300000, 0x00000000eab00000)
  object space 68608K, 39% used [0x00000000c0000000,0x00000000c1a52900,0x00000000c4300000)
 Metaspace       used 34146K, committed 35072K, reserved 1114112K
  class space    used 3362K, committed 3776K, reserved 1048576K
}
Event: 16.959 GC heap after
{Heap after GC invocations=17 (full 1):
 PSYoungGen      total 22528K, used 933K [0x00000000eab00000, 0x00000000ec380000, 0x0000000100000000)
  eden space 21504K, 0% used [0x00000000eab00000,0x00000000eab00000,0x00000000ec000000)
  from space 1024K, 91% used [0x00000000ec280000,0x00000000ec369558,0x00000000ec380000)
  to   space 1536K, 0% used [0x00000000ec080000,0x00000000ec080000,0x00000000ec200000)
 ParOldGen       total 68608K, used 28967K [0x00000000c0000000, 0x00000000c4300000, 0x00000000eab00000)
  object space 68608K, 42% used [0x00000000c0000000,0x00000000c1c49e58,0x00000000c4300000)
 Metaspace       used 34146K, committed 35072K, reserved 1114112K
  class space    used 3362K, committed 3776K, reserved 1048576K
}
Event: 17.356 GC heap before
{Heap before GC invocations=18 (full 1):
 PSYoungGen      total 22528K, used 16017K [0x00000000eab00000, 0x00000000ec380000, 0x0000000100000000)
  eden space 21504K, 70% used [0x00000000eab00000,0x00000000eb9bb180,0x00000000ec000000)
  from space 1024K, 91% used [0x00000000ec280000,0x00000000ec369558,0x00000000ec380000)
  to   space 1536K, 0% used [0x00000000ec080000,0x00000000ec080000,0x00000000ec200000)
 ParOldGen       total 68608K, used 28967K [0x00000000c0000000, 0x00000000c4300000, 0x00000000eab00000)
  object space 68608K, 42% used [0x00000000c0000000,0x00000000c1c49e58,0x00000000c4300000)
 Metaspace       used 34972K, committed 35840K, reserved 1114112K
  class space    used 3439K, committed 3840K, reserved 1048576K
}
Event: 17.357 GC heap after
{Heap after GC invocations=18 (full 1):
 PSYoungGen      total 23040K, used 512K [0x00000000eab00000, 0x00000000ec300000, 0x0000000100000000)
  eden space 21504K, 0% used [0x00000000eab00000,0x00000000eab00000,0x00000000ec000000)
  from space 1536K, 33% used [0x00000000ec080000,0x00000000ec100020,0x00000000ec200000)
  to   space 1024K, 0% used [0x00000000ec200000,0x00000000ec200000,0x00000000ec300000)
 ParOldGen       total 68608K, used 29736K [0x00000000c0000000, 0x00000000c4300000, 0x00000000eab00000)
  object space 68608K, 43% used [0x00000000c0000000,0x00000000c1d0a248,0x00000000c4300000)
 Metaspace       used 34972K, committed 35840K, reserved 1114112K
  class space    used 3439K, committed 3840K, reserved 1048576K
}
Event: 17.357 GC heap before
{Heap before GC invocations=19 (full 2):
 PSYoungGen      total 23040K, used 512K [0x00000000eab00000, 0x00000000ec300000, 0x0000000100000000)
  eden space 21504K, 0% used [0x00000000eab00000,0x00000000eab00000,0x00000000ec000000)
  from space 1536K, 33% used [0x00000000ec080000,0x00000000ec100020,0x00000000ec200000)
  to   space 1024K, 0% used [0x00000000ec200000,0x00000000ec200000,0x00000000ec300000)
 ParOldGen       total 68608K, used 29736K [0x00000000c0000000, 0x00000000c4300000, 0x00000000eab00000)
  object space 68608K, 43% used [0x00000000c0000000,0x00000000c1d0a248,0x00000000c4300000)
 Metaspace       used 34972K, committed 35840K, reserved 1114112K
  class space    used 3439K, committed 3840K, reserved 1048576K
}
Event: 17.407 GC heap after
{Heap after GC invocations=19 (full 2):
 PSYoungGen      total 23040K, used 0K [0x00000000eab00000, 0x00000000ec300000, 0x0000000100000000)
  eden space 21504K, 0% used [0x00000000eab00000,0x00000000eab00000,0x00000000ec000000)
  from space 1536K, 0% used [0x00000000ec080000,0x00000000ec080000,0x00000000ec200000)
  to   space 1024K, 0% used [0x00000000ec200000,0x00000000ec200000,0x00000000ec300000)
 ParOldGen       total 68608K, used 29155K [0x00000000c0000000, 0x00000000c4300000, 0x00000000eab00000)
  object space 68608K, 42% used [0x00000000c0000000,0x00000000c1c78db0,0x00000000c4300000)
 Metaspace       used 34972K, committed 35840K, reserved 1114112K
  class space    used 3439K, committed 3840K, reserved 1048576K
}
Event: 17.873 GC heap before
{Heap before GC invocations=20 (full 2):
 PSYoungGen      total 23040K, used 21504K [0x00000000eab00000, 0x00000000ec300000, 0x0000000100000000)
  eden space 21504K, 100% used [0x00000000eab00000,0x00000000ec000000,0x00000000ec000000)
  from space 1536K, 0% used [0x00000000ec080000,0x00000000ec080000,0x00000000ec200000)
  to   space 1024K, 0% used [0x00000000ec200000,0x00000000ec200000,0x00000000ec300000)
 ParOldGen       total 68608K, used 29155K [0x00000000c0000000, 0x00000000c4300000, 0x00000000eab00000)
  object space 68608K, 42% used [0x00000000c0000000,0x00000000c1c78db0,0x00000000c4300000)
 Metaspace       used 36705K, committed 37568K, reserved 1114112K
  class space    used 3580K, committed 3968K, reserved 1048576K
}
Event: 17.875 GC heap after
{Heap after GC invocations=20 (full 2):
 PSYoungGen      total 22528K, used 1023K [0x00000000eab00000, 0x00000000ec300000, 0x0000000100000000)
  eden space 21504K, 0% used [0x00000000eab00000,0x00000000eab00000,0x00000000ec000000)
  from space 1024K, 99% used [0x00000000ec200000,0x00000000ec2fffc8,0x00000000ec300000)
  to   space 1536K, 0% used [0x00000000ec000000,0x00000000ec000000,0x00000000ec180000)
 ParOldGen       total 68608K, used 29376K [0x00000000c0000000, 0x00000000c4300000, 0x00000000eab00000)
  object space 68608K, 42% used [0x00000000c0000000,0x00000000c1cb0168,0x00000000c4300000)
 Metaspace       used 36705K, committed 37568K, reserved 1114112K
  class space    used 3580K, committed 3968K, reserved 1048576K
}
Event: 17.961 GC heap before
{Heap before GC invocations=21 (full 2):
 PSYoungGen      total 22528K, used 22527K [0x00000000eab00000, 0x00000000ec300000, 0x0000000100000000)
  eden space 21504K, 100% used [0x00000000eab00000,0x00000000ec000000,0x00000000ec000000)
  from space 1024K, 99% used [0x00000000ec200000,0x00000000ec2fffc8,0x00000000ec300000)
  to   space 1536K, 0% used [0x00000000ec000000,0x00000000ec000000,0x00000000ec180000)
 ParOldGen       total 68608K, used 29376K [0x00000000c0000000, 0x00000000c4300000, 0x00000000eab00000)
  object space 68608K, 42% used [0x00000000c0000000,0x00000000c1cb0168,0x00000000c4300000)
 Metaspace       used 36731K, committed 37632K, reserved 1114112K
  class space    used 3580K, committed 3968K, reserved 1048576K
}
Event: 17.963 GC heap after
{Heap after GC invocations=21 (full 2):
 PSYoungGen      total 23040K, used 982K [0x00000000eab00000, 0x00000000ec300000, 0x0000000100000000)
  eden space 21504K, 0% used [0x00000000eab00000,0x00000000eab00000,0x00000000ec000000)
  from space 1536K, 63% used [0x00000000ec000000,0x00000000ec0f5968,0x00000000ec180000)
  to   space 1536K, 0% used [0x00000000ec180000,0x00000000ec180000,0x00000000ec300000)
 ParOldGen       total 68608K, used 30065K [0x00000000c0000000, 0x00000000c4300000, 0x00000000eab00000)
  object space 68608K, 43% used [0x00000000c0000000,0x00000000c1d5c710,0x00000000c4300000)
 Metaspace       used 36731K, committed 37632K, reserved 1114112K
  class space    used 3580K, committed 3968K, reserved 1048576K
}
Event: 19.207 GC heap before
{Heap before GC invocations=22 (full 2):
 PSYoungGen      total 23040K, used 22486K [0x00000000eab00000, 0x00000000ec300000, 0x0000000100000000)
  eden space 21504K, 100% used [0x00000000eab00000,0x00000000ec000000,0x00000000ec000000)
  from space 1536K, 63% used [0x00000000ec000000,0x00000000ec0f5968,0x00000000ec180000)
  to   space 1536K, 0% used [0x00000000ec180000,0x00000000ec180000,0x00000000ec300000)
 ParOldGen       total 68608K, used 30065K [0x00000000c0000000, 0x00000000c4300000, 0x00000000eab00000)
  object space 68608K, 43% used [0x00000000c0000000,0x00000000c1d5c710,0x00000000c4300000)
 Metaspace       used 38564K, committed 39488K, reserved 1114112K
  class space    used 3739K, committed 4160K, reserved 1048576K
}
Event: 19.210 GC heap after
{Heap after GC invocations=22 (full 2):
 PSYoungGen      total 22528K, used 608K [0x00000000eab00000, 0x00000000ec280000, 0x0000000100000000)
  eden space 21504K, 0% used [0x00000000eab00000,0x00000000eab00000,0x00000000ec000000)
  from space 1024K, 59% used [0x00000000ec180000,0x00000000ec218000,0x00000000ec280000)
  to   space 1024K, 0% used [0x00000000ec080000,0x00000000ec080000,0x00000000ec180000)
 ParOldGen       total 68608K, used 30241K [0x00000000c0000000, 0x00000000c4300000, 0x00000000eab00000)
  object space 68608K, 44% used [0x00000000c0000000,0x00000000c1d88710,0x00000000c4300000)
 Metaspace       used 38564K, committed 39488K, reserved 1114112K
  class space    used 3739K, committed 4160K, reserved 1048576K
}
Event: 20.864 GC heap before
{Heap before GC invocations=23 (full 2):
 PSYoungGen      total 22528K, used 22112K [0x00000000eab00000, 0x00000000ec280000, 0x0000000100000000)
  eden space 21504K, 100% used [0x00000000eab00000,0x00000000ec000000,0x00000000ec000000)
  from space 1024K, 59% used [0x00000000ec180000,0x00000000ec218000,0x00000000ec280000)
  to   space 1024K, 0% used [0x00000000ec080000,0x00000000ec080000,0x00000000ec180000)
 ParOldGen       total 68608K, used 30241K [0x00000000c0000000, 0x00000000c4300000, 0x00000000eab00000)
  object space 68608K, 44% used [0x00000000c0000000,0x00000000c1d88710,0x00000000c4300000)
 Metaspace       used 39049K, committed 40000K, reserved 1114112K
  class space    used 3760K, committed 4224K, reserved 1048576K
}
Event: 20.866 GC heap after
{Heap after GC invocations=23 (full 2):
 PSYoungGen      total 22528K, used 288K [0x00000000eab00000, 0x00000000ec200000, 0x0000000100000000)
  eden space 21504K, 0% used [0x00000000eab00000,0x00000000eab00000,0x00000000ec000000)
  from space 1024K, 28% used [0x00000000ec080000,0x00000000ec0c8000,0x00000000ec180000)
  to   space 512K, 0% used [0x00000000ec180000,0x00000000ec180000,0x00000000ec200000)
 ParOldGen       total 68608K, used 30673K [0x00000000c0000000, 0x00000000c4300000, 0x00000000eab00000)
  object space 68608K, 44% used [0x00000000c0000000,0x00000000c1df4730,0x00000000c4300000)
 Metaspace       used 39049K, committed 40000K, reserved 1114112K
  class space    used 3760K, committed 4224K, reserved 1048576K
}
Event: 26.396 GC heap before
{Heap before GC invocations=24 (full 2):
 PSYoungGen      total 22528K, used 21792K [0x00000000eab00000, 0x00000000ec200000, 0x0000000100000000)
  eden space 21504K, 100% used [0x00000000eab00000,0x00000000ec000000,0x00000000ec000000)
  from space 1024K, 28% used [0x00000000ec080000,0x00000000ec0c8000,0x00000000ec180000)
  to   space 512K, 0% used [0x00000000ec180000,0x00000000ec180000,0x00000000ec200000)
 ParOldGen       total 68608K, used 30673K [0x00000000c0000000, 0x00000000c4300000, 0x00000000eab00000)
  object space 68608K, 44% used [0x00000000c0000000,0x00000000c1df4730,0x00000000c4300000)
 Metaspace       used 39302K, committed 40256K, reserved 1114112K
  class space    used 3765K, committed 4224K, reserved 1048576K
}
Event: 26.397 GC heap after
{Heap after GC invocations=24 (full 2):
 PSYoungGen      total 22016K, used 256K [0x00000000eab00000, 0x00000000ec200000, 0x0000000100000000)
  eden space 21504K, 0% used [0x00000000eab00000,0x00000000eab00000,0x00000000ec000000)
  from space 512K, 50% used [0x00000000ec180000,0x00000000ec1c0000,0x00000000ec200000)
  to   space 512K, 0% used [0x00000000ec100000,0x00000000ec100000,0x00000000ec180000)
 ParOldGen       total 68608K, used 30793K [0x00000000c0000000, 0x00000000c4300000, 0x00000000eab00000)
  object space 68608K, 44% used [0x00000000c0000000,0x00000000c1e12730,0x00000000c4300000)
 Metaspace       used 39302K, committed 40256K, reserved 1114112K
  class space    used 3765K, committed 4224K, reserved 1048576K
}
Event: 32.128 GC heap before
{Heap before GC invocations=25 (full 2):
 PSYoungGen      total 22016K, used 21760K [0x00000000eab00000, 0x00000000ec200000, 0x0000000100000000)
  eden space 21504K, 100% used [0x00000000eab00000,0x00000000ec000000,0x00000000ec000000)
  from space 512K, 50% used [0x00000000ec180000,0x00000000ec1c0000,0x00000000ec200000)
  to   space 512K, 0% used [0x00000000ec100000,0x00000000ec100000,0x00000000ec180000)
 ParOldGen       total 68608K, used 30793K [0x00000000c0000000, 0x00000000c4300000, 0x00000000eab00000)
  object space 68608K, 44% used [0x00000000c0000000,0x00000000c1e12730,0x00000000c4300000)
 Metaspace       used 41088K, committed 42048K, reserved 1114112K
  class space    used 3937K, committed 4416K, reserved 1048576K
}
Event: 32.131 GC heap after
{Heap after GC invocations=25 (full 2):
 PSYoungGen      total 22016K, used 485K [0x00000000eab00000, 0x00000000ec500000, 0x0000000100000000)
  eden space 21504K, 0% used [0x00000000eab00000,0x00000000eab00000,0x00000000ec000000)
  from space 512K, 94% used [0x00000000ec100000,0x00000000ec179770,0x00000000ec180000)
  to   space 2560K, 0% used [0x00000000ec280000,0x00000000ec280000,0x00000000ec500000)
 ParOldGen       total 68608K, used 32253K [0x00000000c0000000, 0x00000000c4300000, 0x00000000eab00000)
  object space 68608K, 47% used [0x00000000c0000000,0x00000000c1f7f640,0x00000000c4300000)
 Metaspace       used 41088K, committed 42048K, reserved 1114112K
  class space    used 3937K, committed 4416K, reserved 1048576K
}

Dll operation events (10 events):
Event: 0.013 Loaded shared library c:\Users\peme-\.cursor\extensions\redhat.java-1.41.1-win32-x64\jre\21.0.6-win32-x86_64\bin\java.dll
Event: 0.084 Loaded shared library c:\Users\peme-\.cursor\extensions\redhat.java-1.41.1-win32-x64\jre\21.0.6-win32-x86_64\bin\zip.dll
Event: 0.110 Loaded shared library C:\Users\peme-\.cursor\extensions\redhat.java-1.41.1-win32-x64\jre\21.0.6-win32-x86_64\bin\instrument.dll
Event: 0.114 Loaded shared library C:\Users\peme-\.cursor\extensions\redhat.java-1.41.1-win32-x64\jre\21.0.6-win32-x86_64\bin\net.dll
Event: 0.115 Loaded shared library C:\Users\peme-\.cursor\extensions\redhat.java-1.41.1-win32-x64\jre\21.0.6-win32-x86_64\bin\nio.dll
Event: 0.118 Loaded shared library C:\Users\peme-\.cursor\extensions\redhat.java-1.41.1-win32-x64\jre\21.0.6-win32-x86_64\bin\zip.dll
Event: 0.141 Loaded shared library C:\Users\peme-\.cursor\extensions\redhat.java-1.41.1-win32-x64\jre\21.0.6-win32-x86_64\bin\jimage.dll
Event: 0.231 Loaded shared library c:\Users\peme-\.cursor\extensions\redhat.java-1.41.1-win32-x64\jre\21.0.6-win32-x86_64\bin\verify.dll
Event: 1.510 Loaded shared library C:\Users\peme-\AppData\Roaming\Cursor\User\globalStorage\redhat.java\1.41.1\config_ss_win\org.eclipse.equinox.launcher\org.eclipse.equinox.launcher.win32.win32.x86_64_1.2.1300.v20250331-1702\eclipse_11911.dll
Event: 2.796 Loaded shared library C:\Users\peme-\AppData\Local\Temp\jna--2069927086\jna16462063786357842934.dll

Deoptimization events (20 events):
Event: 32.321 Thread 0x00000243ff7773f0 DEOPT UNPACKING pc=0x00000243ac323aa2 sp=0x0000009ada7fe4b0 mode 2
Event: 32.327 Thread 0x00000243ff7773f0 DEOPT PACKING pc=0x00000243a5bd6999 sp=0x0000009ada7fdf70
Event: 32.327 Thread 0x00000243ff7773f0 DEOPT UNPACKING pc=0x00000243ac324242 sp=0x0000009ada7fd3a8 mode 0
Event: 32.329 Thread 0x00000243ff7773f0 Uncommon trap: trap_request=0xffffffde fr.pc=0x00000243acd813ac relative=0x00000000000026cc
Event: 32.329 Thread 0x00000243ff7773f0 Uncommon trap: reason=class_check action=maybe_recompile pc=0x00000243acd813ac method=org.eclipse.jdt.internal.core.JavaModelCache.getInfo(Lorg/eclipse/jdt/core/IJavaElement;)Lorg/eclipse/jdt/internal/compiler/env/IElementInfo; @ 138 c2
Event: 32.329 Thread 0x00000243ff7773f0 DEOPT PACKING pc=0x00000243acd813ac sp=0x0000009ada7fd950
Event: 32.329 Thread 0x00000243ff7773f0 DEOPT UNPACKING pc=0x00000243ac323aa2 sp=0x0000009ada7fd8c0 mode 2
Event: 32.329 Thread 0x00000243ff7773f0 Uncommon trap: trap_request=0xffffffde fr.pc=0x00000243acd813ac relative=0x00000000000026cc
Event: 32.329 Thread 0x00000243ff7773f0 Uncommon trap: reason=class_check action=maybe_recompile pc=0x00000243acd813ac method=org.eclipse.jdt.internal.core.JavaModelCache.getInfo(Lorg/eclipse/jdt/core/IJavaElement;)Lorg/eclipse/jdt/internal/compiler/env/IElementInfo; @ 138 c2
Event: 32.329 Thread 0x00000243ff7773f0 DEOPT PACKING pc=0x00000243acd813ac sp=0x0000009ada7fdec0
Event: 32.329 Thread 0x00000243ff7773f0 DEOPT UNPACKING pc=0x00000243ac323aa2 sp=0x0000009ada7fde30 mode 2
Event: 32.349 Thread 0x00000243ff7773f0 Uncommon trap: trap_request=0xffffffdc fr.pc=0x00000243acd92df4 relative=0x00000000000002b4
Event: 32.349 Thread 0x00000243ff7773f0 Uncommon trap: reason=class_check action=make_not_entrant pc=0x00000243acd92df4 method=java.util.ArrayList.toArray([Ljava/lang/Object;)[Ljava/lang/Object; @ 21 c2
Event: 32.349 Thread 0x00000243ff7773f0 DEOPT PACKING pc=0x00000243acd92df4 sp=0x0000009ada7fd7d0
Event: 32.349 Thread 0x00000243ff7773f0 DEOPT UNPACKING pc=0x00000243ac323aa2 sp=0x0000009ada7fd790 mode 2
Event: 32.362 Thread 0x00000243ff7773f0 Uncommon trap: trap_request=0xffffff6e fr.pc=0x00000243acd934fc relative=0x000000000000015c
Event: 32.362 Thread 0x00000243ff7773f0 Uncommon trap: reason=loop_limit_check action=maybe_recompile pc=0x00000243acd934fc method=org.eclipse.jdt.internal.compiler.lookup.ReferenceBinding.compare([C[CII)I @ 46 c2
Event: 32.362 Thread 0x00000243ff7773f0 DEOPT PACKING pc=0x00000243acd934fc sp=0x0000009ada7fe270
Event: 32.363 Thread 0x00000243ff7773f0 DEOPT UNPACKING pc=0x00000243ac323aa2 sp=0x0000009ada7fe1e0 mode 2
Event: 32.394 Thread 0x00000243ff7773f0 Uncommon trap: trap_request=0xffffff45 fr.pc=0x00000243aca60638 relative=0x0000000000000098

Classes loaded (20 events):
Event: 18.238 Loading class java/util/stream/Nodes$IntFixedNodeBuilder
Event: 18.238 Loading class java/util/stream/Node$Builder$OfInt
Event: 18.240 Loading class java/util/stream/Sink$OfInt
Event: 18.240 Loading class java/util/stream/Sink$OfInt done
Event: 18.240 Loading class java/util/stream/Node$Builder$OfInt done
Event: 18.241 Loading class java/util/stream/Nodes$IntArrayNode
Event: 18.241 Loading class java/util/stream/Nodes$IntArrayNode done
Event: 18.241 Loading class java/util/stream/Nodes$IntFixedNodeBuilder done
Event: 18.241 Loading class java/util/stream/ReferencePipeline$4$1
Event: 18.241 Loading class java/util/stream/ReferencePipeline$4$1 done
Event: 31.474 Loading class java/util/stream/ReduceOps$4
Event: 31.474 Loading class java/util/stream/ReduceOps$4 done
Event: 31.474 Loading class java/util/stream/ReduceOps$4ReducingSink
Event: 31.475 Loading class java/util/stream/ReduceOps$4ReducingSink done
Event: 32.123 Loading class java/util/stream/Streams$ConcatSpliterator$OfRef
Event: 32.123 Loading class java/util/stream/Streams$ConcatSpliterator
Event: 32.123 Loading class java/util/stream/Streams$ConcatSpliterator done
Event: 32.123 Loading class java/util/stream/Streams$ConcatSpliterator$OfRef done
Event: 32.123 Loading class java/util/stream/Streams$2
Event: 32.124 Loading class java/util/stream/Streams$2 done

Classes unloaded (7 events):
Event: 3.470 Thread 0x00000243b5f42a50 Unloading class 0x00000243b7182c00 'java/lang/invoke/LambdaForm$MH+0x00000243b7182c00'
Event: 3.470 Thread 0x00000243b5f42a50 Unloading class 0x00000243b7182800 'java/lang/invoke/LambdaForm$MH+0x00000243b7182800'
Event: 3.470 Thread 0x00000243b5f42a50 Unloading class 0x00000243b7182400 'java/lang/invoke/LambdaForm$MH+0x00000243b7182400'
Event: 3.470 Thread 0x00000243b5f42a50 Unloading class 0x00000243b7182000 'java/lang/invoke/LambdaForm$MH+0x00000243b7182000'
Event: 3.470 Thread 0x00000243b5f42a50 Unloading class 0x00000243b7181c00 'java/lang/invoke/LambdaForm$BMH+0x00000243b7181c00'
Event: 3.470 Thread 0x00000243b5f42a50 Unloading class 0x00000243b7181800 'java/lang/invoke/LambdaForm$DMH+0x00000243b7181800'
Event: 3.470 Thread 0x00000243b5f42a50 Unloading class 0x00000243b7180400 'java/lang/invoke/LambdaForm$DMH+0x00000243b7180400'

Classes redefined (0 events):
No events

Internal exceptions (20 events):
Event: 14.768 Thread 0x00000243ff778110 Exception <a 'java/lang/NoSuchMethodError'{0x00000000ebed70e0}: 'java.lang.Object java.lang.invoke.Invokers$Holder.invoke_MT(java.lang.Object, java.lang.Object, java.lang.Object, java.lang.Object, java.lang.Object, java.lang.Object, java.lang.Object, java.lang.Object, java.lang.Object, java.lang.Object)'> (0x00000000ebed70e0) 
thrown [s\src\hotspot\share\interpreter\linkResolver.cpp, line 773]
Event: 14.775 Thread 0x00000243ff778110 Exception <a 'java/lang/NoSuchMethodError'{0x00000000ebf17058}: 'int java.lang.invoke.DirectMethodHandle$Holder.invokeVirtual(java.lang.Object, java.lang.Object, java.lang.Object)'> (0x00000000ebf17058) 
thrown [s\src\hotspot\share\interpreter\linkResolver.cpp, line 773]
Event: 14.776 Thread 0x00000243ff778110 Exception <a 'java/lang/NoSuchMethodError'{0x00000000ebf1b400}: 'int java.lang.invoke.DirectMethodHandle$Holder.invokeStaticInit(java.lang.Object, int, int)'> (0x00000000ebf1b400) 
thrown [s\src\hotspot\share\interpreter\linkResolver.cpp, line 773]
Event: 14.777 Thread 0x00000243ff778110 Exception <a 'java/lang/NoSuchMethodError'{0x00000000ebf22ba8}: 'int java.lang.invoke.DirectMethodHandle$Holder.invokeStaticInit(java.lang.Object, long, long)'> (0x00000000ebf22ba8) 
thrown [s\src\hotspot\share\interpreter\linkResolver.cpp, line 773]
Event: 14.778 Thread 0x00000243ff778110 Exception <a 'java/lang/NoSuchMethodError'{0x00000000ebf29b60}: 'int java.lang.invoke.DirectMethodHandle$Holder.invokeStaticInit(java.lang.Object, float, float)'> (0x00000000ebf29b60) 
thrown [s\src\hotspot\share\interpreter\linkResolver.cpp, line 773]
Event: 14.778 Thread 0x00000243ff778110 Exception <a 'java/lang/NoSuchMethodError'{0x00000000ebf308a0}: 'int java.lang.invoke.DirectMethodHandle$Holder.invokeStaticInit(java.lang.Object, double, double)'> (0x00000000ebf308a0) 
thrown [s\src\hotspot\share\interpreter\linkResolver.cpp, line 773]
Event: 14.779 Thread 0x00000243ff778110 Exception <a 'java/lang/NoSuchMethodError'{0x00000000ebf35390}: 'int java.lang.invoke.DirectMethodHandle$Holder.invokeStatic(java.lang.Object, long)'> (0x00000000ebf35390) 
thrown [s\src\hotspot\share\interpreter\linkResolver.cpp, line 773]
Event: 14.782 Thread 0x00000243ff778110 Exception <a 'java/lang/NoSuchMethodError'{0x00000000ebf54990}: 'int java.lang.invoke.Invokers$Holder.linkToTargetMethod(java.lang.Object, java.lang.Object)'> (0x00000000ebf54990) 
thrown [s\src\hotspot\share\interpreter\linkResolver.cpp, line 773]
Event: 17.429 Thread 0x00000243ff778110 Implicit null exception at 0x00000243acb4c71d to 0x00000243acb4d21c
Event: 18.339 Thread 0x00000243fd7fc3c0 Exception <a 'java/lang/NoSuchMethodError'{0x00000000eb84c328}: 'java.lang.Object java.lang.invoke.DirectMethodHandle$Holder.invokeSpecial(java.lang.Object, java.lang.Object, int, long)'> (0x00000000eb84c328) 
thrown [s\src\hotspot\share\interpreter\linkResolver.cpp, line 773]
Event: 19.450 Thread 0x00000243ff778110 Implicit null exception at 0x00000243ac9473a3 to 0x00000243ac94770c
Event: 31.488 Thread 0x00000243ff7773f0 Exception <a 'java/lang/NoSuchMethodError'{0x00000000eb497e80}: 'int java.lang.invoke.DirectMethodHandle$Holder.invokeSpecialIFC(java.lang.Object, java.lang.Object, java.lang.Object)'> (0x00000000eb497e80) 
thrown [s\src\hotspot\share\interpreter\linkResolver.cpp, line 773]
Event: 31.550 Thread 0x00000243ff7773f0 Exception <a 'java/io/FileNotFoundException'{0x00000000eb519890}> (0x00000000eb519890) 
thrown [s\src\hotspot\share\prims\jni.cpp, line 520]
Event: 31.551 Thread 0x00000243ff7773f0 Exception <a 'java/io/FileNotFoundException'{0x00000000eb51ab20}> (0x00000000eb51ab20) 
thrown [s\src\hotspot\share\prims\jni.cpp, line 520]
Event: 31.939 Thread 0x00000243ff7773f0 Exception <a 'java/lang/NoSuchMethodError'{0x00000000ebe30f10}: 'void java.lang.invoke.DirectMethodHandle$Holder.invokeVirtual(java.lang.Object, java.lang.Object, java.lang.Object, java.lang.Object, java.lang.Object)'> (0x00000000ebe30f10) 
thrown [s\src\hotspot\share\interpreter\linkResolver.cpp, line 773]
Event: 31.961 Thread 0x00000243ff7773f0 Exception <a 'java/lang/NoSuchMethodError'{0x00000000ebe73960}: 'int java.lang.invoke.DirectMethodHandle$Holder.invokeSpecial(java.lang.Object, java.lang.Object, java.lang.Object, java.lang.Object)'> (0x00000000ebe73960) 
thrown [s\src\hotspot\share\interpreter\linkResolver.cpp, line 773]
Event: 32.298 Thread 0x00000243ff7773f0 Exception <a 'java/io/FileNotFoundException'{0x00000000eae766c0}> (0x00000000eae766c0) 
thrown [s\src\hotspot\share\prims\jni.cpp, line 520]
Event: 32.298 Thread 0x00000243ff7773f0 Exception <a 'java/io/FileNotFoundException'{0x00000000eae776d0}> (0x00000000eae776d0) 
thrown [s\src\hotspot\share\prims\jni.cpp, line 520]
Event: 32.299 Thread 0x00000243ff7773f0 Exception <a 'java/io/FileNotFoundException'{0x00000000eae78448}> (0x00000000eae78448) 
thrown [s\src\hotspot\share\prims\jni.cpp, line 520]
Event: 32.321 Thread 0x00000243ff7773f0 Implicit null exception at 0x00000243acd68205 to 0x00000243acd6ae8c

ZGC Phase Switch (0 events):
No events

VM Operations (20 events):
Event: 24.894 Executing VM operation: Cleanup done
Event: 25.906 Executing VM operation: Cleanup
Event: 25.906 Executing VM operation: Cleanup done
Event: 26.396 Executing VM operation: ParallelGCFailedAllocation (Allocation Failure)
Event: 26.397 Executing VM operation: ParallelGCFailedAllocation (Allocation Failure) done
Event: 27.410 Executing VM operation: Cleanup
Event: 27.410 Executing VM operation: Cleanup done
Event: 30.429 Executing VM operation: Cleanup
Event: 30.429 Executing VM operation: Cleanup done
Event: 31.442 Executing VM operation: Cleanup
Event: 31.442 Executing VM operation: Cleanup done
Event: 31.556 Executing VM operation: HandshakeAllThreads (Deoptimize)
Event: 31.556 Executing VM operation: HandshakeAllThreads (Deoptimize) done
Event: 31.560 Executing VM operation: HandshakeAllThreads (Deoptimize)
Event: 31.560 Executing VM operation: HandshakeAllThreads (Deoptimize) done
Event: 32.128 Executing VM operation: ParallelGCFailedAllocation (Allocation Failure)
Event: 32.131 Executing VM operation: ParallelGCFailedAllocation (Allocation Failure) done
Event: 32.354 Executing VM operation: ICBufferFull
Event: 32.354 Executing VM operation: ICBufferFull done
Event: 33.356 Executing VM operation: Cleanup

Memory protections (0 events):
No events

Nmethod flushes (20 events):
Event: 17.379 Thread 0x00000243b5f42a50 flushing  nmethod 0x00000243a51fa090
Event: 17.379 Thread 0x00000243b5f42a50 flushing  nmethod 0x00000243a520c110
Event: 17.379 Thread 0x00000243b5f42a50 flushing  nmethod 0x00000243a5213b10
Event: 17.379 Thread 0x00000243b5f42a50 flushing  nmethod 0x00000243a5214490
Event: 17.379 Thread 0x00000243b5f42a50 flushing  nmethod 0x00000243a5216a10
Event: 17.379 Thread 0x00000243b5f42a50 flushing  nmethod 0x00000243a5217210
Event: 17.379 Thread 0x00000243b5f42a50 flushing  nmethod 0x00000243a5240810
Event: 17.379 Thread 0x00000243b5f42a50 flushing  nmethod 0x00000243a5243410
Event: 17.379 Thread 0x00000243b5f42a50 flushing  nmethod 0x00000243a5243790
Event: 17.379 Thread 0x00000243b5f42a50 flushing  nmethod 0x00000243a527dd90
Event: 17.379 Thread 0x00000243b5f42a50 flushing  nmethod 0x00000243a527e610
Event: 17.379 Thread 0x00000243b5f42a50 flushing  nmethod 0x00000243a5281f10
Event: 17.379 Thread 0x00000243b5f42a50 flushing  nmethod 0x00000243a528b390
Event: 17.379 Thread 0x00000243b5f42a50 flushing  nmethod 0x00000243a528c690
Event: 17.379 Thread 0x00000243b5f42a50 flushing  nmethod 0x00000243a528cf90
Event: 17.379 Thread 0x00000243b5f42a50 flushing  nmethod 0x00000243a528dd90
Event: 17.379 Thread 0x00000243b5f42a50 flushing  nmethod 0x00000243a529d990
Event: 17.379 Thread 0x00000243b5f42a50 flushing  nmethod 0x00000243a529fa10
Event: 17.379 Thread 0x00000243b5f42a50 flushing  nmethod 0x00000243a52a3c10
Event: 17.379 Thread 0x00000243b5f42a50 flushing  nmethod 0x00000243a52b8090

Events (20 events):
Event: 4.825 Thread 0x00000243a1baafb0 Thread added: 0x00000243ff778110
Event: 7.937 Thread 0x00000243fd91e690 Thread exited: 0x00000243fd91e690
Event: 10.444 Thread 0x00000243fe1b0aa0 Thread exited: 0x00000243fe1b0aa0
Event: 14.400 Thread 0x00000243fdc21e20 Thread exited: 0x00000243fdc21e20
Event: 14.718 Thread 0x00000243b5f9b860 Thread added: 0x00000243fdc21e20
Event: 15.067 Thread 0x00000243b5f9b860 Thread added: 0x00000243fdbf5500
Event: 16.628 Thread 0x00000243fdc21e20 Thread exited: 0x00000243fdc21e20
Event: 16.628 Thread 0x00000243fdbf5500 Thread exited: 0x00000243fdbf5500
Event: 17.875 Thread 0x00000243b5f9b860 Thread added: 0x00000243f8a752c0
Event: 17.887 Thread 0x00000243b5f9b860 Thread added: 0x0000024380494c90
Event: 22.161 Thread 0x0000024380494c90 Thread exited: 0x0000024380494c90
Event: 25.872 Thread 0x00000243f8a752c0 Thread exited: 0x00000243f8a752c0
Event: 26.177 Thread 0x00000243b5f9b860 Thread added: 0x000002438049cc80
Event: 30.403 Thread 0x000002438049cc80 Thread exited: 0x000002438049cc80
Event: 31.475 Thread 0x00000243b5f9b860 Thread added: 0x00000243ff8da830
Event: 31.728 Thread 0x00000243b5f9b860 Thread added: 0x0000024380a11970
Event: 32.125 Thread 0x00000243ff8da830 Thread exited: 0x00000243ff8da830
Event: 32.125 Thread 0x0000024380a11970 Thread exited: 0x0000024380a11970
Event: 32.328 Thread 0x00000243b5f9b860 Thread added: 0x00000243fe7402d0
Event: 32.345 Thread 0x00000243b5f9b860 Thread added: 0x00000243ff1b4000


Dynamic libraries:
0x00007ff685c60000 - 0x00007ff685c6e000 	c:\Users\peme-\.cursor\extensions\redhat.java-1.41.1-win32-x64\jre\21.0.6-win32-x86_64\bin\java.exe
0x00007ffbdf9e0000 - 0x00007ffbdfc40000 	C:\WINDOWS\SYSTEM32\ntdll.dll
0x00007ffbde660000 - 0x00007ffbde727000 	C:\WINDOWS\System32\KERNEL32.DLL
0x00007ffbdd2a0000 - 0x00007ffbdd66a000 	C:\WINDOWS\System32\KERNELBASE.dll
0x00007ffbdd150000 - 0x00007ffbdd29b000 	C:\WINDOWS\System32\ucrtbase.dll
0x00007ffbcc6c0000 - 0x00007ffbcc6d8000 	c:\Users\peme-\.cursor\extensions\redhat.java-1.41.1-win32-x64\jre\21.0.6-win32-x86_64\bin\jli.dll
0x00007ffbde730000 - 0x00007ffbde8fc000 	C:\WINDOWS\System32\USER32.dll
0x00007ffbdd120000 - 0x00007ffbdd147000 	C:\WINDOWS\System32\win32u.dll
0x00007ffbdf560000 - 0x00007ffbdf58a000 	C:\WINDOWS\System32\GDI32.dll
0x00007ffbdcfe0000 - 0x00007ffbdd111000 	C:\WINDOWS\System32\gdi32full.dll
0x00007ffbdcdb0000 - 0x00007ffbdce53000 	C:\WINDOWS\System32\msvcp_win.dll
0x00007ffbcc740000 - 0x00007ffbcc75e000 	c:\Users\peme-\.cursor\extensions\redhat.java-1.41.1-win32-x64\jre\21.0.6-win32-x86_64\bin\VCRUNTIME140.dll
0x00007ffbc4030000 - 0x00007ffbc42c7000 	C:\WINDOWS\WinSxS\amd64_microsoft.windows.common-controls_6595b64144ccf1df_6.0.26100.3624_none_3e086962e3345f24\COMCTL32.dll
0x00007ffbddb50000 - 0x00007ffbddbf9000 	C:\WINDOWS\System32\msvcrt.dll
0x00007ffbde900000 - 0x00007ffbde92f000 	C:\WINDOWS\System32\IMM32.DLL
0x00007ffbcf110000 - 0x00007ffbcf11c000 	c:\Users\peme-\.cursor\extensions\redhat.java-1.41.1-win32-x64\jre\21.0.6-win32-x86_64\bin\vcruntime140_1.dll
0x00007ffb87240000 - 0x00007ffb872cd000 	c:\Users\peme-\.cursor\extensions\redhat.java-1.41.1-win32-x64\jre\21.0.6-win32-x86_64\bin\msvcp140.dll
0x00007ffb61750000 - 0x00007ffb624e0000 	c:\Users\peme-\.cursor\extensions\redhat.java-1.41.1-win32-x64\jre\21.0.6-win32-x86_64\bin\server\jvm.dll
0x00007ffbdeb20000 - 0x00007ffbdebd2000 	C:\WINDOWS\System32\ADVAPI32.dll
0x00007ffbdd910000 - 0x00007ffbdd9b6000 	C:\WINDOWS\System32\sechost.dll
0x00007ffbdd7f0000 - 0x00007ffbdd906000 	C:\WINDOWS\System32\RPCRT4.dll
0x00007ffbdd9c0000 - 0x00007ffbdda34000 	C:\WINDOWS\System32\WS2_32.dll
0x00007ffbdc3f0000 - 0x00007ffbdc44e000 	C:\WINDOWS\SYSTEM32\POWRPROF.dll
0x00007ffbcc490000 - 0x00007ffbcc4c6000 	C:\WINDOWS\SYSTEM32\WINMM.dll
0x00007ffbd72a0000 - 0x00007ffbd72ab000 	C:\WINDOWS\SYSTEM32\VERSION.dll
0x00007ffbdc3d0000 - 0x00007ffbdc3e4000 	C:\WINDOWS\SYSTEM32\UMPDC.dll
0x00007ffbdb990000 - 0x00007ffbdb9aa000 	C:\WINDOWS\SYSTEM32\kernel.appcore.dll
0x00007ffbcc380000 - 0x00007ffbcc38a000 	c:\Users\peme-\.cursor\extensions\redhat.java-1.41.1-win32-x64\jre\21.0.6-win32-x86_64\bin\jimage.dll
0x00007ffb88cd0000 - 0x00007ffb88f11000 	C:\WINDOWS\SYSTEM32\DBGHELP.DLL
0x00007ffbdf5f0000 - 0x00007ffbdf972000 	C:\WINDOWS\System32\combase.dll
0x00007ffbdde30000 - 0x00007ffbddf06000 	C:\WINDOWS\System32\OLEAUT32.dll
0x00007ffb71e70000 - 0x00007ffb71ea9000 	C:\WINDOWS\SYSTEM32\dbgcore.DLL
0x00007ffbdcc50000 - 0x00007ffbdcce9000 	C:\WINDOWS\System32\bcryptPrimitives.dll
0x00007ffbcc370000 - 0x00007ffbcc37f000 	c:\Users\peme-\.cursor\extensions\redhat.java-1.41.1-win32-x64\jre\21.0.6-win32-x86_64\bin\instrument.dll
0x00007ffbcc340000 - 0x00007ffbcc35f000 	c:\Users\peme-\.cursor\extensions\redhat.java-1.41.1-win32-x64\jre\21.0.6-win32-x86_64\bin\java.dll
0x00007ffbddf30000 - 0x00007ffbde659000 	C:\WINDOWS\System32\SHELL32.dll
0x00007ffbdd670000 - 0x00007ffbdd7d8000 	C:\WINDOWS\System32\wintypes.dll
0x00007ffbda840000 - 0x00007ffbdb092000 	C:\WINDOWS\SYSTEM32\windows.storage.dll
0x00007ffbdf470000 - 0x00007ffbdf55d000 	C:\WINDOWS\System32\SHCORE.dll
0x00007ffbdf1a0000 - 0x00007ffbdf204000 	C:\WINDOWS\System32\shlwapi.dll
0x00007ffbdcad0000 - 0x00007ffbdcaff000 	C:\WINDOWS\SYSTEM32\profapi.dll
0x00007ffbcc2d0000 - 0x00007ffbcc2e8000 	c:\Users\peme-\.cursor\extensions\redhat.java-1.41.1-win32-x64\jre\21.0.6-win32-x86_64\bin\zip.dll
0x00007ffbcc250000 - 0x00007ffbcc260000 	C:\Users\peme-\.cursor\extensions\redhat.java-1.41.1-win32-x64\jre\21.0.6-win32-x86_64\bin\net.dll
0x00007ffbd6640000 - 0x00007ffbd675d000 	C:\WINDOWS\SYSTEM32\WINHTTP.dll
0x00007ffbdbe90000 - 0x00007ffbdbefa000 	C:\WINDOWS\system32\mswsock.dll
0x00007ffbb20d0000 - 0x00007ffbb20e6000 	C:\Users\peme-\.cursor\extensions\redhat.java-1.41.1-win32-x64\jre\21.0.6-win32-x86_64\bin\nio.dll
0x00007ffbcb150000 - 0x00007ffbcb160000 	c:\Users\peme-\.cursor\extensions\redhat.java-1.41.1-win32-x64\jre\21.0.6-win32-x86_64\bin\verify.dll
0x00007ffb871f0000 - 0x00007ffb87235000 	C:\Users\peme-\AppData\Roaming\Cursor\User\globalStorage\redhat.java\1.41.1\config_ss_win\org.eclipse.equinox.launcher\org.eclipse.equinox.launcher.win32.win32.x86_64_1.2.1300.v20250331-1702\eclipse_11911.dll
0x00007ffbddc90000 - 0x00007ffbdde26000 	C:\WINDOWS\System32\ole32.dll
0x00007ffbdc240000 - 0x00007ffbdc25c000 	C:\WINDOWS\SYSTEM32\CRYPTSP.dll
0x00007ffbdb8f0000 - 0x00007ffbdb92a000 	C:\WINDOWS\system32\rsaenh.dll
0x00007ffbdbf30000 - 0x00007ffbdbf5b000 	C:\WINDOWS\SYSTEM32\USERENV.dll
0x00007ffbdcaa0000 - 0x00007ffbdcac6000 	C:\WINDOWS\SYSTEM32\bcrypt.dll
0x00007ffbdc0c0000 - 0x00007ffbdc0cc000 	C:\WINDOWS\SYSTEM32\CRYPTBASE.dll
0x00007ffbdb3a0000 - 0x00007ffbdb3d3000 	C:\WINDOWS\SYSTEM32\IPHLPAPI.DLL
0x00007ffbdd7e0000 - 0x00007ffbdd7ea000 	C:\WINDOWS\System32\NSI.dll
0x00007ffb87150000 - 0x00007ffb87199000 	C:\Users\peme-\AppData\Local\Temp\jna--2069927086\jna16462063786357842934.dll
0x00007ffbddf10000 - 0x00007ffbddf18000 	C:\WINDOWS\System32\PSAPI.DLL
0x00007ffbd6d20000 - 0x00007ffbd6d3f000 	C:\WINDOWS\SYSTEM32\dhcpcsvc6.DLL
0x00007ffbd6a50000 - 0x00007ffbd6a75000 	C:\WINDOWS\SYSTEM32\dhcpcsvc.DLL

dbghelp: loaded successfully - version: 4.0.5 - missing functions: none
symbol engine: initialized successfully - sym options: 0x614 - pdb path: .;c:\Users\peme-\.cursor\extensions\redhat.java-1.41.1-win32-x64\jre\21.0.6-win32-x86_64\bin;C:\WINDOWS\SYSTEM32;C:\WINDOWS\WinSxS\amd64_microsoft.windows.common-controls_6595b64144ccf1df_6.0.26100.3624_none_3e086962e3345f24;c:\Users\peme-\.cursor\extensions\redhat.java-1.41.1-win32-x64\jre\21.0.6-win32-x86_64\bin\server;C:\Users\peme-\AppData\Roaming\Cursor\User\globalStorage\redhat.java\1.41.1\config_ss_win\org.eclipse.equinox.launcher\org.eclipse.equinox.launcher.win32.win32.x86_64_1.2.1300.v20250331-1702;C:\Users\peme-\AppData\Local\Temp\jna--2069927086

VM Arguments:
jvm_args: --add-modules=ALL-SYSTEM --add-opens=java.base/java.util=ALL-UNNAMED --add-opens=java.base/java.lang=ALL-UNNAMED --add-opens=java.base/sun.nio.fs=ALL-UNNAMED -Declipse.application=org.eclipse.jdt.ls.core.id1 -Dosgi.bundles.defaultStartLevel=4 -Declipse.product=org.eclipse.jdt.ls.core.product -Djava.import.generatesMetadataFilesAtProjectRoot=false -DDetectVMInstallationsJob.disabled=true -Dfile.encoding=utf8 -XX:+UseParallelGC -XX:GCTimeRatio=4 -XX:AdaptiveSizePolicyWeight=90 -Dsun.zip.disableMemoryMapping=true -Xmx1G -Xms100m -Xlog:disable -javaagent:c:\Users\peme-\.cursor\extensions\redhat.java-1.41.1-win32-x64\lombok\lombok-1.18.36.jar 
java_command: c:\Users\peme-\.cursor\extensions\redhat.java-1.41.1-win32-x64\server\plugins\org.eclipse.equinox.launcher_1.7.0.v20250331-1702.jar -configuration c:\Users\peme-\AppData\Roaming\Cursor\User\globalStorage\redhat.java\1.41.1\config_ss_win -data c:\Users\peme-\AppData\Roaming\Cursor\User\workspaceStorage\e45d05da9fe6984f595c8de2f5d05746\redhat.java\ss_ws --pipe=\\.\pipe\lsp-73532eae91d959e017fc3eaab5db4f8d-sock
java_class_path (initial): c:\Users\peme-\.cursor\extensions\redhat.java-1.41.1-win32-x64\server\plugins\org.eclipse.equinox.launcher_1.7.0.v20250331-1702.jar
Launcher Type: SUN_STANDARD

[Global flags]
    uintx AdaptiveSizePolicyWeight                 = 90                                        {product} {command line}
     intx CICompilerCount                          = 4                                         {product} {ergonomic}
    uintx GCTimeRatio                              = 4                                         {product} {command line}
   size_t InitialHeapSize                          = 104857600                                 {product} {command line}
   size_t MaxHeapSize                              = 1073741824                                {product} {command line}
   size_t MaxNewSize                               = 357564416                                 {product} {ergonomic}
   size_t MinHeapDeltaBytes                        = 524288                                    {product} {ergonomic}
   size_t MinHeapSize                              = 104857600                                 {product} {command line}
   size_t NewSize                                  = 34603008                                  {product} {ergonomic}
    uintx NonNMethodCodeHeapSize                   = 5839372                                {pd product} {ergonomic}
    uintx NonProfiledCodeHeapSize                  = 122909434                              {pd product} {ergonomic}
   size_t OldSize                                  = 70254592                                  {product} {ergonomic}
    uintx ProfiledCodeHeapSize                     = 122909434                              {pd product} {ergonomic}
    uintx ReservedCodeCacheSize                    = 251658240                              {pd product} {ergonomic}
     bool SegmentedCodeCache                       = true                                      {product} {ergonomic}
   size_t SoftMaxHeapSize                          = 1073741824                             {manageable} {ergonomic}
     bool UseCompressedOops                        = true                           {product lp64_product} {ergonomic}
     bool UseLargePagesIndividualAllocation        = false                                  {pd product} {ergonomic}
     bool UseParallelGC                            = true                                      {product} {command line}

Logging:
Log output configuration:
 #0: stdout all=off uptime,level,tags foldmultilines=false
 #1: stderr all=off uptime,level,tags foldmultilines=false

Environment Variables:
JAVA_HOME=C:\Program Files\Eclipse Adoptium\jdk-17.0.15.6-hotspot
PATH=C:\Program Files\Eclipse Adoptium\jdk-17.0.15.6-hotspot\bin;C:\WINDOWS\system32;C:\WINDOWS;C:\WINDOWS\System32\Wbem;C:\WINDOWS\System32\WindowsPowerShell\v1.0\;C:\WINDOWS\System32\OpenSSH\;C:\Program Files\Microsoft SQL Server\Client SDK\ODBC\130\Tools\Binn\;C:\Program Files\Eclipse Adoptium\jdk-17.0.14.7-hotspot\bin;C:\Program Files\nodejs\;C:\Users\peme-\AppData\Local\Programs\Python\Python313\;C:\Users\peme-\AppData\Local\Programs\Python\Python313\Scripts;C:\Program Files\Git\cmd;C:\Program Files\Eclipse Adoptium\jdk-17.0.15.6-hotspot\bin;C:\WINDOWS\system32;C:\WINDOWS;C:\WINDOWS\System32\Wbem;C:\WINDOWS\System32\WindowsPowerShell\v1.0\;C:\WINDOWS\System32\OpenSSH\;C:\Program Files\Microsoft SQL Server\Client SDK\ODBC\130\Tools\Binn\;C:\Program Files\Eclipse Adoptium\jdk-17.0.14.7-hotspot\bin;C:\Program Files\nodejs\;C:\Users\peme-\AppData\Local\Programs\Python\Python313\;C:\Users\peme-\AppData\Local\Programs\Python\Python313\Scripts;C:\Program Files\Git\cmd;C:\Android\SDK\cmdline-tools\latest\bin;C:\Android\SDK\platform-tools
USERNAME=CPDSC-MIS 25
OS=Windows_NT
PROCESSOR_IDENTIFIER=Intel64 Family 6 Model 151 Stepping 5, GenuineIntel
TMP=C:\Users\peme-\AppData\Local\Temp
TEMP=C:\Users\peme-\AppData\Local\Temp




Periodic native trim disabled

---------------  S Y S T E M  ---------------

OS:
 Windows 11 , 64 bit Build 26100 (10.0.26100.3775)
OS uptime: 1 days 0:02 hours
Hyper-V role detected

CPU: total 8 (initial active 8) (4 cores per cpu, 2 threads per core) family 6 model 151 stepping 5 microcode 0x32, cx8, cmov, fxsr, ht, mmx, 3dnowpref, sse, sse2, sse3, ssse3, sse4.1, sse4.2, popcnt, lzcnt, tsc, tscinvbit, avx, avx2, aes, erms, clmul, bmi1, bmi2, adx, sha, fma, vzeroupper, clflush, clflushopt, clwb, hv, serialize, rdtscp, rdpid, fsrm, f16c, cet_ibt, cet_ss
Processor Information for the first 8 processors :
  Max Mhz: 3300, Current Mhz: 3300, Mhz Limit: 3300

Memory: 4k page, system-wide physical 7930M (1777M free)
TotalPageFile size 9978M (AvailPageFile size 397M)
current process WorkingSet (physical memory assigned to process): 227M, peak: 256M
current process commit charge ("private bytes"): 300M, peak: 331M

vm_info: OpenJDK 64-Bit Server VM (21.0.6+7-LTS) for windows-amd64 JRE (21.0.6+7-LTS), built on 2025-01-21T00:00:00Z by "admin" with MS VC++ 17.7 (VS2022)

END.
